2025-12-07 00:00:57.470 - __mp_main__ - ERROR - 发送回复失败，60秒后重发，消息：未识别的命令，错误：A request to the Telegram API was unsuccessful. Error code: 400. Description: Bad Request: message to be replied not found
2025-12-07 00:01:11.060 - __mp_main__ - INFO - ===== 开始检查（2025-12-07 00:01:11），当前版本 8.0.1=====
2025-12-07 00:01:11.060 - __mp_main__ - INFO - 已加载持久化token
2025-12-07 00:01:11.897 - __mp_main__ - INFO - 123客户端初始化成功（使用持久化token）
2025-12-07 00:01:11.898 - __mp_main__ - INFO - ===== 处理频道: https://t.me/s/xx123pan =====
2025-12-07 00:01:13.271 - __mp_main__ - INFO - 共解析到20条消息（最新的在最后）
2025-12-07 00:01:13.273 - __mp_main__ - INFO - 检查第1新消息（倒数第1条，ID: 13037）
2025-12-07 00:01:13.275 - __mp_main__ - INFO - 第1新消息已处理，跳过
2025-12-07 00:01:13.275 - __mp_main__ - INFO - 检查第2新消息（倒数第2条，ID: 13036）
2025-12-07 00:01:13.277 - __mp_main__ - INFO - 第2新消息已处理，跳过
2025-12-07 00:01:13.277 - __mp_main__ - INFO - 检查第3新消息（倒数第3条，ID: 13035）
2025-12-07 00:01:13.279 - __mp_main__ - INFO - 第3新消息已处理，跳过
2025-12-07 00:01:13.279 - __mp_main__ - INFO - 检查第4新消息（倒数第4条，ID: 13034）
2025-12-07 00:01:13.281 - __mp_main__ - INFO - 第4新消息已处理，跳过
2025-12-07 00:01:13.281 - __mp_main__ - INFO - 检查第5新消息（倒数第5条，ID: 13033）
2025-12-07 00:01:13.283 - __mp_main__ - INFO - 第5新消息已处理，跳过
2025-12-07 00:01:13.283 - __mp_main__ - INFO - 检查第6新消息（倒数第6条，ID: 13031）
2025-12-07 00:01:13.285 - __mp_main__ - INFO - 第6新消息已处理，跳过
2025-12-07 00:01:13.285 - __mp_main__ - INFO - 检查第7新消息（倒数第7条，ID: 13030）
2025-12-07 00:01:13.287 - __mp_main__ - INFO - 第7新消息已处理，跳过
2025-12-07 00:01:13.287 - __mp_main__ - INFO - 检查第8新消息（倒数第8条，ID: 13029）
2025-12-07 00:01:13.288 - __mp_main__ - INFO - 第8新消息已处理，跳过
2025-12-07 00:01:13.288 - __mp_main__ - INFO - 检查第9新消息（倒数第9条，ID: 13028）
2025-12-07 00:01:13.290 - __mp_main__ - INFO - 第9新消息已处理，跳过
2025-12-07 00:01:13.290 - __mp_main__ - INFO - 检查第10新消息（倒数第10条，ID: 13027）
2025-12-07 00:01:13.292 - __mp_main__ - INFO - 第10新消息已处理，跳过
2025-12-07 00:01:13.292 - __mp_main__ - INFO - 检查第11新消息（倒数第11条，ID: 13026）
2025-12-07 00:01:13.294 - __mp_main__ - INFO - 第11新消息已处理，跳过
2025-12-07 00:01:13.294 - __mp_main__ - INFO - 检查第12新消息（倒数第12条，ID: 13025）
2025-12-07 00:01:13.297 - __mp_main__ - INFO - 第12新消息已处理，跳过
2025-12-07 00:01:13.297 - __mp_main__ - INFO - 检查第13新消息（倒数第13条，ID: 13024）
2025-12-07 00:01:13.299 - __mp_main__ - INFO - 第13新消息已处理，跳过
2025-12-07 00:01:13.299 - __mp_main__ - INFO - 检查第14新消息（倒数第14条，ID: 13023）
2025-12-07 00:01:13.301 - __mp_main__ - INFO - 第14新消息已处理，跳过
2025-12-07 00:01:13.301 - __mp_main__ - INFO - 检查第15新消息（倒数第15条，ID: 13022）
2025-12-07 00:01:13.303 - __mp_main__ - INFO - 第15新消息已处理，跳过
2025-12-07 00:01:13.303 - __mp_main__ - INFO - 检查第16新消息（倒数第16条，ID: 13021）
2025-12-07 00:01:13.305 - __mp_main__ - INFO - 第16新消息已处理，跳过
2025-12-07 00:01:13.305 - __mp_main__ - INFO - 检查第17新消息（倒数第17条，ID: 13020）
2025-12-07 00:01:13.307 - __mp_main__ - INFO - 第17新消息已处理，跳过
2025-12-07 00:01:13.307 - __mp_main__ - INFO - 检查第18新消息（倒数第18条，ID: 13019）
2025-12-07 00:01:13.309 - __mp_main__ - INFO - 第18新消息已处理，跳过
2025-12-07 00:01:13.309 - __mp_main__ - INFO - 检查第19新消息（倒数第19条，ID: 13018）
2025-12-07 00:01:13.311 - __mp_main__ - INFO - 第19新消息已处理，跳过
2025-12-07 00:01:13.312 - __mp_main__ - INFO - 检查第20新消息（倒数第20条，ID: 13017）
2025-12-07 00:01:13.313 - __mp_main__ - INFO - 第20新消息已处理，跳过
2025-12-07 00:01:13.314 - __mp_main__ - INFO - 发现0条新的123分享链接
2025-12-07 00:01:13.314 - __mp_main__ - INFO - ===== 处理频道: https://t.me/s/jzmm_123pan =====
2025-12-07 00:01:14.653 - __mp_main__ - INFO - 共解析到20条消息（最新的在最后）
2025-12-07 00:01:14.653 - __mp_main__ - INFO - 检查第1新消息（倒数第1条，ID: 1325）
2025-12-07 00:01:14.655 - __mp_main__ - INFO - 第1新消息已处理，跳过
2025-12-07 00:01:14.655 - __mp_main__ - INFO - 检查第2新消息（倒数第2条，ID: 1324）
2025-12-07 00:01:14.657 - __mp_main__ - INFO - 第2新消息已处理，跳过
2025-12-07 00:01:14.657 - __mp_main__ - INFO - 检查第3新消息（倒数第3条，ID: 1323）
2025-12-07 00:01:14.660 - __mp_main__ - INFO - 第3新消息已处理，跳过
2025-12-07 00:01:14.660 - __mp_main__ - INFO - 检查第4新消息（倒数第4条，ID: 1322）
2025-12-07 00:01:14.663 - __mp_main__ - INFO - 第4新消息已处理，跳过
2025-12-07 00:01:14.663 - __mp_main__ - INFO - 检查第5新消息（倒数第5条，ID: 1321）
2025-12-07 00:01:14.666 - __mp_main__ - INFO - 第5新消息已处理，跳过
2025-12-07 00:01:14.667 - __mp_main__ - INFO - 检查第6新消息（倒数第6条，ID: 1319）
2025-12-07 00:01:14.668 - __mp_main__ - INFO - 第6新消息已处理，跳过
2025-12-07 00:01:14.669 - __mp_main__ - INFO - 检查第7新消息（倒数第7条，ID: 1318）
2025-12-07 00:01:14.670 - __mp_main__ - INFO - 第7新消息已处理，跳过
2025-12-07 00:01:14.670 - __mp_main__ - INFO - 检查第8新消息（倒数第8条，ID: 1317）
2025-12-07 00:01:14.672 - __mp_main__ - INFO - 第8新消息已处理，跳过
2025-12-07 00:01:14.673 - __mp_main__ - INFO - 检查第9新消息（倒数第9条，ID: 1316）
2025-12-07 00:01:14.674 - __mp_main__ - INFO - 第9新消息已处理，跳过
2025-12-07 00:01:14.675 - __mp_main__ - INFO - 检查第10新消息（倒数第10条，ID: 1315）
2025-12-07 00:01:14.677 - __mp_main__ - INFO - 第10新消息已处理，跳过
2025-12-07 00:01:14.677 - __mp_main__ - INFO - 检查第11新消息（倒数第11条，ID: 1314）
2025-12-07 00:01:14.679 - __mp_main__ - INFO - 第11新消息已处理，跳过
2025-12-07 00:01:14.679 - __mp_main__ - INFO - 检查第12新消息（倒数第12条，ID: 1313）
2025-12-07 00:01:14.681 - __mp_main__ - INFO - 第12新消息已处理，跳过
2025-12-07 00:01:14.681 - __mp_main__ - INFO - 检查第13新消息（倒数第13条，ID: 1312）
2025-12-07 00:01:14.683 - __mp_main__ - INFO - 第13新消息已处理，跳过
2025-12-07 00:01:14.684 - __mp_main__ - INFO - 检查第14新消息（倒数第14条，ID: 1311）
2025-12-07 00:01:14.686 - __mp_main__ - INFO - 第14新消息已处理，跳过
2025-12-07 00:01:14.686 - __mp_main__ - INFO - 检查第15新消息（倒数第15条，ID: 1310）
2025-12-07 00:01:14.688 - __mp_main__ - INFO - 第15新消息已处理，跳过
2025-12-07 00:01:14.688 - __mp_main__ - INFO - 检查第16新消息（倒数第16条，ID: 1309）
2025-12-07 00:01:14.690 - __mp_main__ - INFO - 第16新消息已处理，跳过
2025-12-07 00:01:14.690 - __mp_main__ - INFO - 检查第17新消息（倒数第17条，ID: 1308）
2025-12-07 00:01:14.692 - __mp_main__ - INFO - 第17新消息已处理，跳过
2025-12-07 00:01:14.692 - __mp_main__ - INFO - 检查第18新消息（倒数第18条，ID: 1307）
2025-12-07 00:01:14.694 - __mp_main__ - INFO - 第18新消息已处理，跳过
2025-12-07 00:01:14.694 - __mp_main__ - INFO - 检查第19新消息（倒数第19条，ID: 1306）
2025-12-07 00:01:14.697 - __mp_main__ - INFO - 第19新消息已处理，跳过
2025-12-07 00:01:14.697 - __mp_main__ - INFO - 检查第20新消息（倒数第20条，ID: 1305）
2025-12-07 00:01:14.700 - __mp_main__ - INFO - 第20新消息已处理，跳过
2025-12-07 00:01:14.700 - __mp_main__ - INFO - 发现0条新的123分享链接
2025-12-07 00:01:14.700 - __mp_main__ - INFO - ===== 所有频道共发现0条新的123分享链接 =====
2025-12-07 00:01:14.701 - __mp_main__ - INFO - 未发现新的123分享链接
2025-12-07 00:01:14.702 - bot115 - INFO - 已加载持久化cookies (清洗后): UID=593917665_F1_176...
2025-12-07 00:01:15.455 - bot115 - INFO - 115客户端初始化成功（使用持久化cookies） | ID: 593917665
2025-12-07 00:01:15.455 - bot115 - INFO - ===== 开始检查 115（2025-12-07 00:01:15）=====
2025-12-07 00:01:15.456 - bot115 - INFO - ===== 处理频道: https://t.me/s/lyy9978 =====
2025-12-07 00:01:16.834 - bot115 - INFO - 共解析到20条消息（最新的在最后）
2025-12-07 00:01:16.834 - bot115 - INFO - 检查第1新消息（ID: lyy9978/490）
2025-12-07 00:01:16.835 - bot115 - INFO - 消息 lyy9978/490 已处理，跳过
2025-12-07 00:01:16.835 - bot115 - INFO - 检查第2新消息（ID: lyy9978/489）
2025-12-07 00:01:16.836 - bot115 - INFO - 消息 lyy9978/489 已处理，跳过
2025-12-07 00:01:16.836 - bot115 - INFO - 检查第3新消息（ID: lyy9978/488）
2025-12-07 00:01:16.837 - bot115 - INFO - 消息 lyy9978/488 已处理，跳过
2025-12-07 00:01:16.837 - bot115 - INFO - 检查第4新消息（ID: lyy9978/487）
2025-12-07 00:01:16.837 - bot115 - INFO - 消息 lyy9978/487 已处理，跳过
2025-12-07 00:01:16.838 - bot115 - INFO - 检查第5新消息（ID: lyy9978/486）
2025-12-07 00:01:16.838 - bot115 - INFO - 消息 lyy9978/486 已处理，跳过
2025-12-07 00:01:16.838 - bot115 - INFO - 检查第6新消息（ID: lyy9978/485）
2025-12-07 00:01:16.839 - bot115 - INFO - 消息 lyy9978/485 已处理，跳过
2025-12-07 00:01:16.839 - bot115 - INFO - 检查第7新消息（ID: lyy9978/484）
2025-12-07 00:01:16.840 - bot115 - INFO - 消息 lyy9978/484 已处理，跳过
2025-12-07 00:01:16.840 - bot115 - INFO - 检查第8新消息（ID: lyy9978/483）
2025-12-07 00:01:16.840 - bot115 - INFO - 消息 lyy9978/483 已处理，跳过
2025-12-07 00:01:16.841 - bot115 - INFO - 检查第9新消息（ID: lyy9978/482）
2025-12-07 00:01:16.841 - bot115 - INFO - 消息 lyy9978/482 已处理，跳过
2025-12-07 00:01:16.841 - bot115 - INFO - 检查第10新消息（ID: lyy9978/481）
2025-12-07 00:01:16.842 - bot115 - INFO - 消息 lyy9978/481 已处理，跳过
2025-12-07 00:01:16.842 - bot115 - INFO - 检查第11新消息（ID: lyy9978/480）
2025-12-07 00:01:16.842 - bot115 - INFO - 消息 lyy9978/480 已处理，跳过
2025-12-07 00:01:16.843 - bot115 - INFO - 检查第12新消息（ID: lyy9978/479）
2025-12-07 00:01:16.843 - bot115 - INFO - 消息 lyy9978/479 已处理，跳过
2025-12-07 00:01:16.843 - bot115 - INFO - 检查第13新消息（ID: lyy9978/478）
2025-12-07 00:01:16.844 - bot115 - INFO - 消息 lyy9978/478 已处理，跳过
2025-12-07 00:01:16.844 - bot115 - INFO - 检查第14新消息（ID: lyy9978/477）
2025-12-07 00:01:16.845 - bot115 - INFO - 消息 lyy9978/477 已处理，跳过
2025-12-07 00:01:16.845 - bot115 - INFO - 检查第15新消息（ID: lyy9978/476）
2025-12-07 00:01:16.846 - bot115 - INFO - 消息 lyy9978/476 已处理，跳过
2025-12-07 00:01:16.846 - bot115 - INFO - 检查第16新消息（ID: lyy9978/475）
2025-12-07 00:01:16.846 - bot115 - INFO - 消息 lyy9978/475 已处理，跳过
2025-12-07 00:01:16.847 - bot115 - INFO - 检查第17新消息（ID: lyy9978/474）
2025-12-07 00:01:16.847 - bot115 - INFO - 消息 lyy9978/474 已处理，跳过
2025-12-07 00:01:16.848 - bot115 - INFO - 检查第18新消息（ID: lyy9978/473）
2025-12-07 00:01:16.848 - bot115 - INFO - 消息 lyy9978/473 已处理，跳过
2025-12-07 00:01:16.848 - bot115 - INFO - 检查第19新消息（ID: lyy9978/472）
2025-12-07 00:01:16.849 - bot115 - INFO - 消息 lyy9978/472 已处理，跳过
2025-12-07 00:01:16.849 - bot115 - INFO - 检查第20新消息（ID: lyy9978/471）
2025-12-07 00:01:16.850 - bot115 - INFO - 消息 lyy9978/471 已处理，跳过
2025-12-07 00:01:16.850 - bot115 - INFO - 发现0条新的115分享链接
2025-12-07 00:01:16.850 - bot115 - INFO - ===== 所有频道共发现0条新的115分享链接 =====
2025-12-07 00:01:16.851 - bot115 - INFO - 未发现新的115分享链接
2025-12-07 00:01:16.852 - bot189 - INFO - ===== 开始检查 天翼网盘监控 =====
2025-12-07 00:01:19.603 - __mp_main__ - INFO - 休息5分钟，当前版本 8.0.1...
2025-12-07 00:01:19.603 - __mp_main__ - INFO - 下次检查时间是：2025-12-07 00:06:19
2025-12-07 00:01:57.710 - __mp_main__ - ERROR - 发送回复失败，60秒后重发，消息：未识别的命令，错误：A request to the Telegram API was unsuccessful. Error code: 400. Description: Bad Request: message to be replied not found
2025-12-07 00:02:13.455 - __mp_main__ - INFO - 程序已停止
2025-12-07 00:22:30.155 - __mp_main__ - INFO - 已设置Bot命令菜单：/start, /share, /info, /add, /remove
2025-12-07 00:22:30.156 - __mp_main__ - INFO - TeleBot初始化成功
2025-12-07 00:22:30.406 - __mp_main__ - INFO - 天翼云盘正在尝试登录 ...
2025-12-07 00:22:32.390 - bot189 - INFO - 账号密码登录成功
2025-12-07 00:22:32.543 - __mp_main__ - INFO - 123转存目标目录ID: 12055189 | 检查间隔: 5分钟
2025-12-07 00:22:32.544 - __mp_main__ - INFO - 已加载持久化token
2025-12-07 00:22:32.549 - werkzeug - INFO - [31m[1mWARNING: This is a development server. Do not use it in a production deployment. Use a production WSGI server instead.[0m
 * Running on all addresses (0.0.0.0)
 * Running on http://127.0.0.1:12366
 * Running on http://192.168.5.147:12366
2025-12-07 00:22:32.550 - werkzeug - INFO - [33mPress CTRL+C to quit[0m
2025-12-07 00:22:34.552 - __mp_main__ - INFO - 123客户端初始化成功（使用持久化token）
2025-12-07 00:22:34.553 - __mp_main__ - INFO - 正在启动人形模块线程...
2025-12-07 00:22:34.554 - __mp_main__ - INFO - ⏳ [人形模块] 等待 15 秒后启动，避开 Bot 启动高峰...
2025-12-07 00:22:34.554 - __mp_main__ - INFO - 设置天翼云盘文件夹定时清理任务，每12小时执行一次
2025-12-07 00:22:34.555 - __mp_main__ - INFO - ===== 开始执行天翼云盘文件夹清理任务（2025-12-07 00:22:34）=====
2025-12-07 00:22:34.556 - __mp_main__ - INFO - 删除文件夹 224101222598913883 中的内容...
2025-12-07 00:22:34.556 - bot189 - INFO - 开始删除文件夹 224101222598913883 下的所有内容
2025-12-07 00:22:34.622 - __mp_main__ - INFO - 成功删除文件夹 224101222598913883 中的内容
2025-12-07 00:22:34.622 - __mp_main__ - INFO - 清空回收站...
2025-12-07 00:22:34.717 - bot189 - INFO - 清空回收站成功
2025-12-07 00:22:34.717 - __mp_main__ - INFO - 成功执行天翼网盘文件清理任务
2025-12-07 00:22:34.717 - __mp_main__ - INFO - ===== 天翼云盘文件夹清理任务执行完毕 =====
2025-12-07 00:22:34.718 - __mp_main__ - INFO - ===== 开始检查（2025-12-07 00:22:34），当前版本 8.0.1=====
2025-12-07 00:22:34.719 - __mp_main__ - INFO - 已加载持久化token
2025-12-07 00:22:35.717 - __mp_main__ - INFO - 123客户端初始化成功（使用持久化token）
2025-12-07 00:22:35.717 - __mp_main__ - INFO - ===== 处理频道: https://t.me/s/xx123pan =====
2025-12-07 00:22:37.215 - __mp_main__ - INFO - 共解析到20条消息（最新的在最后）
2025-12-07 00:22:37.216 - __mp_main__ - INFO - 检查第1新消息（倒数第1条，ID: 13037）
2025-12-07 00:22:37.218 - __mp_main__ - INFO - 第1新消息已处理，跳过
2025-12-07 00:22:37.218 - __mp_main__ - INFO - 检查第2新消息（倒数第2条，ID: 13036）
2025-12-07 00:22:37.220 - __mp_main__ - INFO - 第2新消息已处理，跳过
2025-12-07 00:22:37.220 - __mp_main__ - INFO - 检查第3新消息（倒数第3条，ID: 13035）
2025-12-07 00:22:37.223 - __mp_main__ - INFO - 第3新消息已处理，跳过
2025-12-07 00:22:37.223 - __mp_main__ - INFO - 检查第4新消息（倒数第4条，ID: 13034）
2025-12-07 00:22:37.226 - __mp_main__ - INFO - 第4新消息已处理，跳过
2025-12-07 00:22:37.226 - __mp_main__ - INFO - 检查第5新消息（倒数第5条，ID: 13033）
2025-12-07 00:22:37.228 - __mp_main__ - INFO - 第5新消息已处理，跳过
2025-12-07 00:22:37.228 - __mp_main__ - INFO - 检查第6新消息（倒数第6条，ID: 13031）
2025-12-07 00:22:37.230 - __mp_main__ - INFO - 第6新消息已处理，跳过
2025-12-07 00:22:37.231 - __mp_main__ - INFO - 检查第7新消息（倒数第7条，ID: 13030）
2025-12-07 00:22:37.233 - __mp_main__ - INFO - 第7新消息已处理，跳过
2025-12-07 00:22:37.233 - __mp_main__ - INFO - 检查第8新消息（倒数第8条，ID: 13029）
2025-12-07 00:22:37.235 - __mp_main__ - INFO - 第8新消息已处理，跳过
2025-12-07 00:22:37.235 - __mp_main__ - INFO - 检查第9新消息（倒数第9条，ID: 13028）
2025-12-07 00:22:37.236 - __mp_main__ - INFO - 第9新消息已处理，跳过
2025-12-07 00:22:37.237 - __mp_main__ - INFO - 检查第10新消息（倒数第10条，ID: 13027）
2025-12-07 00:22:37.239 - __mp_main__ - INFO - 第10新消息已处理，跳过
2025-12-07 00:22:37.239 - __mp_main__ - INFO - 检查第11新消息（倒数第11条，ID: 13026）
2025-12-07 00:22:37.242 - __mp_main__ - INFO - 第11新消息已处理，跳过
2025-12-07 00:22:37.242 - __mp_main__ - INFO - 检查第12新消息（倒数第12条，ID: 13025）
2025-12-07 00:22:37.244 - __mp_main__ - INFO - 第12新消息已处理，跳过
2025-12-07 00:22:37.244 - __mp_main__ - INFO - 检查第13新消息（倒数第13条，ID: 13024）
2025-12-07 00:22:37.247 - __mp_main__ - INFO - 第13新消息已处理，跳过
2025-12-07 00:22:37.248 - __mp_main__ - INFO - 检查第14新消息（倒数第14条，ID: 13023）
2025-12-07 00:22:37.249 - __mp_main__ - INFO - 第14新消息已处理，跳过
2025-12-07 00:22:37.250 - __mp_main__ - INFO - 检查第15新消息（倒数第15条，ID: 13022）
2025-12-07 00:22:37.252 - __mp_main__ - INFO - 第15新消息已处理，跳过
2025-12-07 00:22:37.252 - __mp_main__ - INFO - 检查第16新消息（倒数第16条，ID: 13021）
2025-12-07 00:22:37.253 - __mp_main__ - INFO - 第16新消息已处理，跳过
2025-12-07 00:22:37.254 - __mp_main__ - INFO - 检查第17新消息（倒数第17条，ID: 13020）
2025-12-07 00:22:37.257 - __mp_main__ - INFO - 第17新消息已处理，跳过
2025-12-07 00:22:37.257 - __mp_main__ - INFO - 检查第18新消息（倒数第18条，ID: 13019）
2025-12-07 00:22:37.259 - __mp_main__ - INFO - 第18新消息已处理，跳过
2025-12-07 00:22:37.259 - __mp_main__ - INFO - 检查第19新消息（倒数第19条，ID: 13018）
2025-12-07 00:22:37.261 - __mp_main__ - INFO - 第19新消息已处理，跳过
2025-12-07 00:22:37.261 - __mp_main__ - INFO - 检查第20新消息（倒数第20条，ID: 13017）
2025-12-07 00:22:37.263 - __mp_main__ - INFO - 第20新消息已处理，跳过
2025-12-07 00:22:37.263 - __mp_main__ - INFO - 发现0条新的123分享链接
2025-12-07 00:22:37.264 - __mp_main__ - INFO - ===== 处理频道: https://t.me/s/jzmm_123pan =====
2025-12-07 00:22:38.583 - __mp_main__ - INFO - 共解析到20条消息（最新的在最后）
2025-12-07 00:22:38.583 - __mp_main__ - INFO - 检查第1新消息（倒数第1条，ID: 1325）
2025-12-07 00:22:38.585 - __mp_main__ - INFO - 第1新消息已处理，跳过
2025-12-07 00:22:38.585 - __mp_main__ - INFO - 检查第2新消息（倒数第2条，ID: 1324）
2025-12-07 00:22:38.587 - __mp_main__ - INFO - 第2新消息已处理，跳过
2025-12-07 00:22:38.587 - __mp_main__ - INFO - 检查第3新消息（倒数第3条，ID: 1323）
2025-12-07 00:22:38.589 - __mp_main__ - INFO - 第3新消息已处理，跳过
2025-12-07 00:22:38.590 - __mp_main__ - INFO - 检查第4新消息（倒数第4条，ID: 1322）
2025-12-07 00:22:38.591 - __mp_main__ - INFO - 第4新消息已处理，跳过
2025-12-07 00:22:38.592 - __mp_main__ - INFO - 检查第5新消息（倒数第5条，ID: 1321）
2025-12-07 00:22:38.594 - __mp_main__ - INFO - 第5新消息已处理，跳过
2025-12-07 00:22:38.594 - __mp_main__ - INFO - 检查第6新消息（倒数第6条，ID: 1319）
2025-12-07 00:22:38.596 - __mp_main__ - INFO - 第6新消息已处理，跳过
2025-12-07 00:22:38.596 - __mp_main__ - INFO - 检查第7新消息（倒数第7条，ID: 1318）
2025-12-07 00:22:38.598 - __mp_main__ - INFO - 第7新消息已处理，跳过
2025-12-07 00:22:38.598 - __mp_main__ - INFO - 检查第8新消息（倒数第8条，ID: 1317）
2025-12-07 00:22:38.600 - __mp_main__ - INFO - 第8新消息已处理，跳过
2025-12-07 00:22:38.600 - __mp_main__ - INFO - 检查第9新消息（倒数第9条，ID: 1316）
2025-12-07 00:22:38.603 - __mp_main__ - INFO - 第9新消息已处理，跳过
2025-12-07 00:22:38.638 - __mp_main__ - INFO - 检查第10新消息（倒数第10条，ID: 1315）
2025-12-07 00:22:38.640 - __mp_main__ - INFO - 第10新消息已处理，跳过
2025-12-07 00:22:38.640 - __mp_main__ - INFO - 检查第11新消息（倒数第11条，ID: 1314）
2025-12-07 00:22:38.642 - __mp_main__ - INFO - 第11新消息已处理，跳过
2025-12-07 00:22:38.642 - __mp_main__ - INFO - 检查第12新消息（倒数第12条，ID: 1313）
2025-12-07 00:22:38.645 - __mp_main__ - INFO - 第12新消息已处理，跳过
2025-12-07 00:22:38.646 - __mp_main__ - INFO - 检查第13新消息（倒数第13条，ID: 1312）
2025-12-07 00:22:38.651 - __mp_main__ - INFO - 第13新消息已处理，跳过
2025-12-07 00:22:38.651 - __mp_main__ - INFO - 检查第14新消息（倒数第14条，ID: 1311）
2025-12-07 00:22:38.653 - __mp_main__ - INFO - 第14新消息已处理，跳过
2025-12-07 00:22:38.653 - __mp_main__ - INFO - 检查第15新消息（倒数第15条，ID: 1310）
2025-12-07 00:22:38.655 - __mp_main__ - INFO - 第15新消息已处理，跳过
2025-12-07 00:22:38.655 - __mp_main__ - INFO - 检查第16新消息（倒数第16条，ID: 1309）
2025-12-07 00:22:38.657 - __mp_main__ - INFO - 第16新消息已处理，跳过
2025-12-07 00:22:38.657 - __mp_main__ - INFO - 检查第17新消息（倒数第17条，ID: 1308）
2025-12-07 00:22:38.659 - __mp_main__ - INFO - 第17新消息已处理，跳过
2025-12-07 00:22:38.659 - __mp_main__ - INFO - 检查第18新消息（倒数第18条，ID: 1307）
2025-12-07 00:22:38.661 - __mp_main__ - INFO - 第18新消息已处理，跳过
2025-12-07 00:22:38.661 - __mp_main__ - INFO - 检查第19新消息（倒数第19条，ID: 1306）
2025-12-07 00:22:38.663 - __mp_main__ - INFO - 第19新消息已处理，跳过
2025-12-07 00:22:38.664 - __mp_main__ - INFO - 检查第20新消息（倒数第20条，ID: 1305）
2025-12-07 00:22:38.666 - __mp_main__ - INFO - 第20新消息已处理，跳过
2025-12-07 00:22:38.666 - __mp_main__ - INFO - 发现0条新的123分享链接
2025-12-07 00:22:38.666 - __mp_main__ - INFO - ===== 所有频道共发现0条新的123分享链接 =====
2025-12-07 00:22:38.667 - __mp_main__ - INFO - 未发现新的123分享链接
2025-12-07 00:22:38.668 - bot115 - INFO - 已加载持久化cookies (清洗后): UID=593917665_F1_176...
2025-12-07 00:22:39.468 - bot115 - INFO - 115客户端初始化成功（使用持久化cookies） | ID: 593917665
2025-12-07 00:22:39.468 - bot115 - INFO - ===== 开始检查 115（2025-12-07 00:22:39）=====
2025-12-07 00:22:39.469 - bot115 - INFO - ⚙️ 初始化 HDHive 保活与签到任务...
2025-12-07 00:22:39.469 - bot115 - INFO - 🔄 执行 HDHive 保活检查...
2025-12-07 00:22:39.721 - __mp_main__ - ERROR - 发送回复失败，60秒后重发，消息：✅成功执行天翼网盘清空回收站任务（2025-12-07 00:22:34)，错误：('Connection aborted.', ConnectionResetError(10054, '远程主机强迫关闭了一个现有的连接。', None, 10054, None))
2025-12-07 00:22:40.675 - bot115 - INFO - ✅ HDHive 签到成功: 签到成功，获得 5 积分
2025-12-07 00:22:41.954 - bot115 - INFO - 消息已发送
2025-12-07 00:22:41.957 - bot115 - INFO - ===== 处理频道: https://t.me/s/lyy9978 =====
2025-12-07 00:22:43.375 - bot115 - INFO - 共解析到20条消息（最新的在最后）
2025-12-07 00:22:43.375 - bot115 - INFO - 检查第1新消息（ID: lyy9978/490）
2025-12-07 00:22:43.376 - bot115 - INFO - 消息 lyy9978/490 已处理，跳过
2025-12-07 00:22:43.376 - bot115 - INFO - 检查第2新消息（ID: lyy9978/489）
2025-12-07 00:22:43.377 - bot115 - INFO - 消息 lyy9978/489 已处理，跳过
2025-12-07 00:22:43.377 - bot115 - INFO - 检查第3新消息（ID: lyy9978/488）
2025-12-07 00:22:43.378 - bot115 - INFO - 消息 lyy9978/488 已处理，跳过
2025-12-07 00:22:43.378 - bot115 - INFO - 检查第4新消息（ID: lyy9978/487）
2025-12-07 00:22:43.378 - bot115 - INFO - 消息 lyy9978/487 已处理，跳过
2025-12-07 00:22:43.379 - bot115 - INFO - 检查第5新消息（ID: lyy9978/486）
2025-12-07 00:22:43.379 - bot115 - INFO - 消息 lyy9978/486 已处理，跳过
2025-12-07 00:22:43.380 - bot115 - INFO - 检查第6新消息（ID: lyy9978/485）
2025-12-07 00:22:43.380 - bot115 - INFO - 消息 lyy9978/485 已处理，跳过
2025-12-07 00:22:43.381 - bot115 - INFO - 检查第7新消息（ID: lyy9978/484）
2025-12-07 00:22:43.381 - bot115 - INFO - 消息 lyy9978/484 已处理，跳过
2025-12-07 00:22:43.382 - bot115 - INFO - 检查第8新消息（ID: lyy9978/483）
2025-12-07 00:22:43.383 - bot115 - INFO - 消息 lyy9978/483 已处理，跳过
2025-12-07 00:22:43.383 - bot115 - INFO - 检查第9新消息（ID: lyy9978/482）
2025-12-07 00:22:43.384 - bot115 - INFO - 消息 lyy9978/482 已处理，跳过
2025-12-07 00:22:43.384 - bot115 - INFO - 检查第10新消息（ID: lyy9978/481）
2025-12-07 00:22:43.384 - bot115 - INFO - 消息 lyy9978/481 已处理，跳过
2025-12-07 00:22:43.385 - bot115 - INFO - 检查第11新消息（ID: lyy9978/480）
2025-12-07 00:22:43.385 - bot115 - INFO - 消息 lyy9978/480 已处理，跳过
2025-12-07 00:22:43.386 - bot115 - INFO - 检查第12新消息（ID: lyy9978/479）
2025-12-07 00:22:43.386 - bot115 - INFO - 消息 lyy9978/479 已处理，跳过
2025-12-07 00:22:43.386 - bot115 - INFO - 检查第13新消息（ID: lyy9978/478）
2025-12-07 00:22:43.387 - bot115 - INFO - 消息 lyy9978/478 已处理，跳过
2025-12-07 00:22:43.387 - bot115 - INFO - 检查第14新消息（ID: lyy9978/477）
2025-12-07 00:22:43.388 - bot115 - INFO - 消息 lyy9978/477 已处理，跳过
2025-12-07 00:22:43.388 - bot115 - INFO - 检查第15新消息（ID: lyy9978/476）
2025-12-07 00:22:43.389 - bot115 - INFO - 消息 lyy9978/476 已处理，跳过
2025-12-07 00:22:43.389 - bot115 - INFO - 检查第16新消息（ID: lyy9978/475）
2025-12-07 00:22:43.390 - bot115 - INFO - 消息 lyy9978/475 已处理，跳过
2025-12-07 00:22:43.390 - bot115 - INFO - 检查第17新消息（ID: lyy9978/474）
2025-12-07 00:22:43.390 - bot115 - INFO - 消息 lyy9978/474 已处理，跳过
2025-12-07 00:22:43.391 - bot115 - INFO - 检查第18新消息（ID: lyy9978/473）
2025-12-07 00:22:43.391 - bot115 - INFO - 消息 lyy9978/473 已处理，跳过
2025-12-07 00:22:43.392 - bot115 - INFO - 检查第19新消息（ID: lyy9978/472）
2025-12-07 00:22:43.392 - bot115 - INFO - 消息 lyy9978/472 已处理，跳过
2025-12-07 00:22:43.392 - bot115 - INFO - 检查第20新消息（ID: lyy9978/471）
2025-12-07 00:22:43.393 - bot115 - INFO - 消息 lyy9978/471 已处理，跳过
2025-12-07 00:22:43.393 - bot115 - INFO - 发现0条新的115分享链接
2025-12-07 00:22:43.393 - bot115 - INFO - ===== 所有频道共发现0条新的115分享链接 =====
2025-12-07 00:22:43.394 - bot115 - INFO - 未发现新的115分享链接
2025-12-07 00:22:43.395 - bot189 - INFO - ===== 开始检查 天翼网盘监控 =====
2025-12-07 00:22:46.255 - __mp_main__ - INFO - 休息5分钟，当前版本 8.0.1...
2025-12-07 00:22:46.255 - __mp_main__ - INFO - 下次检查时间是：2025-12-07 00:27:46
2025-12-07 00:22:48.537 - __mp_main__ - INFO - 程序已停止
2025-12-07 00:34:04.092 - __mp_main__ - INFO - 已设置Bot命令菜单：/start, /share, /info, /add, /remove
2025-12-07 00:34:04.093 - __mp_main__ - INFO - TeleBot初始化成功
2025-12-07 00:34:04.346 - __mp_main__ - INFO - 天翼云盘正在尝试登录 ...
2025-12-07 00:34:06.032 - bot189 - INFO - 账号密码登录成功
2025-12-07 00:34:06.165 - __mp_main__ - INFO - 123转存目标目录ID: 12055189 | 检查间隔: 5分钟
2025-12-07 00:34:06.166 - __mp_main__ - INFO - 已加载持久化token
2025-12-07 00:34:06.171 - werkzeug - INFO - [31m[1mWARNING: This is a development server. Do not use it in a production deployment. Use a production WSGI server instead.[0m
 * Running on all addresses (0.0.0.0)
 * Running on http://127.0.0.1:12366
 * Running on http://192.168.5.147:12366
2025-12-07 00:34:06.171 - werkzeug - INFO - [33mPress CTRL+C to quit[0m
2025-12-07 00:34:08.134 - __mp_main__ - INFO - 123客户端初始化成功（使用持久化token）
2025-12-07 00:34:08.135 - __mp_main__ - INFO - 正在启动人形模块线程...
2025-12-07 00:34:08.135 - __mp_main__ - INFO - ⏳ [人形模块] 等待 15 秒后启动，避开 Bot 启动高峰...
2025-12-07 00:34:08.136 - __mp_main__ - INFO - 设置天翼云盘文件夹定时清理任务，每12小时执行一次
2025-12-07 00:34:08.136 - __mp_main__ - INFO - ===== 开始执行天翼云盘文件夹清理任务（2025-12-07 00:34:08）=====
2025-12-07 00:34:08.137 - __mp_main__ - INFO - 删除文件夹 224101222598913883 中的内容...
2025-12-07 00:34:08.137 - bot189 - INFO - 开始删除文件夹 224101222598913883 下的所有内容
2025-12-07 00:34:08.196 - __mp_main__ - INFO - 成功删除文件夹 224101222598913883 中的内容
2025-12-07 00:34:08.196 - __mp_main__ - INFO - 清空回收站...
2025-12-07 00:34:08.296 - bot189 - INFO - 清空回收站成功
2025-12-07 00:34:08.296 - __mp_main__ - INFO - 成功执行天翼网盘文件清理任务
2025-12-07 00:34:08.297 - __mp_main__ - INFO - ===== 天翼云盘文件夹清理任务执行完毕 =====
2025-12-07 00:34:08.297 - __mp_main__ - INFO - ===== 开始检查（2025-12-07 00:34:08），当前版本 8.0.1=====
2025-12-07 00:34:08.298 - __mp_main__ - INFO - 已加载持久化token
2025-12-07 00:34:09.375 - __mp_main__ - INFO - 123客户端初始化成功（使用持久化token）
2025-12-07 00:34:09.375 - __mp_main__ - INFO - ===== 处理频道: https://t.me/s/xx123pan =====
2025-12-07 00:34:09.711 - __mp_main__ - INFO - 消息 '✅成功执行天翼网盘清空回收站任务（202...' ，已成功发送给用户 7070580063（第1/30次尝试）
2025-12-07 00:34:10.890 - __mp_main__ - INFO - 共解析到20条消息（最新的在最后）
2025-12-07 00:34:10.890 - __mp_main__ - INFO - 检查第1新消息（倒数第1条，ID: 13038）
2025-12-07 00:34:10.893 - __mp_main__ - INFO - 检查第2新消息（倒数第2条，ID: 13037）
2025-12-07 00:34:10.894 - __mp_main__ - INFO - 第2新消息已处理，跳过
2025-12-07 00:34:10.894 - __mp_main__ - INFO - 检查第3新消息（倒数第3条，ID: 13036）
2025-12-07 00:34:10.896 - __mp_main__ - INFO - 第3新消息已处理，跳过
2025-12-07 00:34:10.896 - __mp_main__ - INFO - 检查第4新消息（倒数第4条，ID: 13035）
2025-12-07 00:34:10.898 - __mp_main__ - INFO - 第4新消息已处理，跳过
2025-12-07 00:34:10.898 - __mp_main__ - INFO - 检查第5新消息（倒数第5条，ID: 13034）
2025-12-07 00:34:10.900 - __mp_main__ - INFO - 第5新消息已处理，跳过
2025-12-07 00:34:10.900 - __mp_main__ - INFO - 检查第6新消息（倒数第6条，ID: 13033）
2025-12-07 00:34:10.901 - __mp_main__ - INFO - 第6新消息已处理，跳过
2025-12-07 00:34:10.902 - __mp_main__ - INFO - 检查第7新消息（倒数第7条，ID: 13031）
2025-12-07 00:34:10.903 - __mp_main__ - INFO - 第7新消息已处理，跳过
2025-12-07 00:34:10.903 - __mp_main__ - INFO - 检查第8新消息（倒数第8条，ID: 13030）
2025-12-07 00:34:10.905 - __mp_main__ - INFO - 第8新消息已处理，跳过
2025-12-07 00:34:10.905 - __mp_main__ - INFO - 检查第9新消息（倒数第9条，ID: 13029）
2025-12-07 00:34:10.907 - __mp_main__ - INFO - 第9新消息已处理，跳过
2025-12-07 00:34:10.907 - __mp_main__ - INFO - 检查第10新消息（倒数第10条，ID: 13028）
2025-12-07 00:34:10.909 - __mp_main__ - INFO - 第10新消息已处理，跳过
2025-12-07 00:34:10.909 - __mp_main__ - INFO - 检查第11新消息（倒数第11条，ID: 13027）
2025-12-07 00:34:10.911 - __mp_main__ - INFO - 第11新消息已处理，跳过
2025-12-07 00:34:10.911 - __mp_main__ - INFO - 检查第12新消息（倒数第12条，ID: 13026）
2025-12-07 00:34:10.913 - __mp_main__ - INFO - 第12新消息已处理，跳过
2025-12-07 00:34:10.913 - __mp_main__ - INFO - 检查第13新消息（倒数第13条，ID: 13025）
2025-12-07 00:34:10.915 - __mp_main__ - INFO - 第13新消息已处理，跳过
2025-12-07 00:34:10.915 - __mp_main__ - INFO - 检查第14新消息（倒数第14条，ID: 13024）
2025-12-07 00:34:10.916 - __mp_main__ - INFO - 第14新消息已处理，跳过
2025-12-07 00:34:10.917 - __mp_main__ - INFO - 检查第15新消息（倒数第15条，ID: 13023）
2025-12-07 00:34:10.918 - __mp_main__ - INFO - 第15新消息已处理，跳过
2025-12-07 00:34:10.918 - __mp_main__ - INFO - 检查第16新消息（倒数第16条，ID: 13022）
2025-12-07 00:34:10.920 - __mp_main__ - INFO - 第16新消息已处理，跳过
2025-12-07 00:34:10.920 - __mp_main__ - INFO - 检查第17新消息（倒数第17条，ID: 13021）
2025-12-07 00:34:10.922 - __mp_main__ - INFO - 第17新消息已处理，跳过
2025-12-07 00:34:10.922 - __mp_main__ - INFO - 检查第18新消息（倒数第18条，ID: 13020）
2025-12-07 00:34:10.924 - __mp_main__ - INFO - 第18新消息已处理，跳过
2025-12-07 00:34:10.924 - __mp_main__ - INFO - 检查第19新消息（倒数第19条，ID: 13019）
2025-12-07 00:34:10.926 - __mp_main__ - INFO - 第19新消息已处理，跳过
2025-12-07 00:34:10.926 - __mp_main__ - INFO - 检查第20新消息（倒数第20条，ID: 13018）
2025-12-07 00:34:10.928 - __mp_main__ - INFO - 第20新消息已处理，跳过
2025-12-07 00:34:10.928 - __mp_main__ - INFO - 发现1条新的123分享链接
2025-12-07 00:34:10.928 - __mp_main__ - INFO - ===== 处理频道: https://t.me/s/jzmm_123pan =====
2025-12-07 00:34:12.310 - __mp_main__ - INFO - 共解析到20条消息（最新的在最后）
2025-12-07 00:34:12.311 - __mp_main__ - INFO - 检查第1新消息（倒数第1条，ID: 1326）
2025-12-07 00:34:12.312 - __mp_main__ - INFO - 检查第2新消息（倒数第2条，ID: 1325）
2025-12-07 00:34:12.314 - __mp_main__ - INFO - 第2新消息已处理，跳过
2025-12-07 00:34:12.314 - __mp_main__ - INFO - 检查第3新消息（倒数第3条，ID: 1324）
2025-12-07 00:34:12.316 - __mp_main__ - INFO - 第3新消息已处理，跳过
2025-12-07 00:34:12.316 - __mp_main__ - INFO - 检查第4新消息（倒数第4条，ID: 1323）
2025-12-07 00:34:12.317 - __mp_main__ - INFO - 第4新消息已处理，跳过
2025-12-07 00:34:12.318 - __mp_main__ - INFO - 检查第5新消息（倒数第5条，ID: 1322）
2025-12-07 00:34:12.320 - __mp_main__ - INFO - 第5新消息已处理，跳过
2025-12-07 00:34:12.320 - __mp_main__ - INFO - 检查第6新消息（倒数第6条，ID: 1321）
2025-12-07 00:34:12.321 - __mp_main__ - INFO - 第6新消息已处理，跳过
2025-12-07 00:34:12.322 - __mp_main__ - INFO - 检查第7新消息（倒数第7条，ID: 1319）
2025-12-07 00:34:12.324 - __mp_main__ - INFO - 第7新消息已处理，跳过
2025-12-07 00:34:12.324 - __mp_main__ - INFO - 检查第8新消息（倒数第8条，ID: 1318）
2025-12-07 00:34:12.326 - __mp_main__ - INFO - 第8新消息已处理，跳过
2025-12-07 00:34:12.326 - __mp_main__ - INFO - 检查第9新消息（倒数第9条，ID: 1317）
2025-12-07 00:34:12.327 - __mp_main__ - INFO - 第9新消息已处理，跳过
2025-12-07 00:34:12.327 - __mp_main__ - INFO - 检查第10新消息（倒数第10条，ID: 1316）
2025-12-07 00:34:12.329 - __mp_main__ - INFO - 第10新消息已处理，跳过
2025-12-07 00:34:12.329 - __mp_main__ - INFO - 检查第11新消息（倒数第11条，ID: 1315）
2025-12-07 00:34:12.331 - __mp_main__ - INFO - 第11新消息已处理，跳过
2025-12-07 00:34:12.331 - __mp_main__ - INFO - 检查第12新消息（倒数第12条，ID: 1314）
2025-12-07 00:34:12.332 - __mp_main__ - INFO - 第12新消息已处理，跳过
2025-12-07 00:34:12.333 - __mp_main__ - INFO - 检查第13新消息（倒数第13条，ID: 1313）
2025-12-07 00:34:12.335 - __mp_main__ - INFO - 第13新消息已处理，跳过
2025-12-07 00:34:12.335 - __mp_main__ - INFO - 检查第14新消息（倒数第14条，ID: 1312）
2025-12-07 00:34:12.337 - __mp_main__ - INFO - 第14新消息已处理，跳过
2025-12-07 00:34:12.337 - __mp_main__ - INFO - 检查第15新消息（倒数第15条，ID: 1311）
2025-12-07 00:34:12.338 - __mp_main__ - INFO - 第15新消息已处理，跳过
2025-12-07 00:34:12.338 - __mp_main__ - INFO - 检查第16新消息（倒数第16条，ID: 1310）
2025-12-07 00:34:12.341 - __mp_main__ - INFO - 第16新消息已处理，跳过
2025-12-07 00:34:12.341 - __mp_main__ - INFO - 检查第17新消息（倒数第17条，ID: 1309）
2025-12-07 00:34:12.342 - __mp_main__ - INFO - 第17新消息已处理，跳过
2025-12-07 00:34:12.343 - __mp_main__ - INFO - 检查第18新消息（倒数第18条，ID: 1308）
2025-12-07 00:34:12.344 - __mp_main__ - INFO - 第18新消息已处理，跳过
2025-12-07 00:34:12.344 - __mp_main__ - INFO - 检查第19新消息（倒数第19条，ID: 1307）
2025-12-07 00:34:12.346 - __mp_main__ - INFO - 第19新消息已处理，跳过
2025-12-07 00:34:12.346 - __mp_main__ - INFO - 检查第20新消息（倒数第20条，ID: 1306）
2025-12-07 00:34:12.348 - __mp_main__ - INFO - 第20新消息已处理，跳过
2025-12-07 00:34:12.348 - __mp_main__ - INFO - 发现1条新的123分享链接
2025-12-07 00:34:12.348 - __mp_main__ - INFO - ===== 所有频道共发现2条新的123分享链接 =====
2025-12-07 00:34:12.349 - __mp_main__ - INFO - 处理新消息: 13038 | https://www.123684.com/s/IpPUVv-t3rj?pwd=JZMM
2025-12-07 00:34:12.349 - __mp_main__ - INFO - 消息匹配过滤条件（），开始转存...
2025-12-07 00:34:12.460 - __mp_main__ - INFO - 共发现0个文件和1个目录，准备转存
2025-12-07 00:34:12.461 - __mp_main__ - INFO - 准备转存文件列表到目录: 12055189
2025-12-07 00:34:18.945 - __mp_main__ - INFO - https://www.123684.com/s/IpPUVv-t3rj?pwd=JZMM 转存成功
2025-12-07 00:34:19.391 - __mp_main__ - INFO - 消息 '✅123云盘转存成功消息内容: http...' ，已成功发送给用户 7070580063（第1/30次尝试）
2025-12-07 00:34:20.972 - __mp_main__ - INFO - 已记录: 13038 | https://www.123684.com/s/IpPUVv-t3rj?pwd=JZMM | 状态: 转存成功
2025-12-07 00:34:20.973 - __mp_main__ - INFO - 处理新消息: 1326 | https://www.123684.com/s/IpPUVv-t3rj?pwd=JZMM
2025-12-07 00:34:20.975 - __mp_main__ - INFO - 消息匹配过滤条件（），开始转存...
2025-12-07 00:34:21.292 - __mp_main__ - INFO - 共发现0个文件和1个目录，准备转存
2025-12-07 00:34:21.292 - __mp_main__ - INFO - 准备转存文件列表到目录: 12055189
2025-12-07 00:34:23.139 - __mp_main__ - INFO - 🔄 [人形模块] 连接中...
2025-12-07 00:34:24.792 - __mp_main__ - INFO - ✅ [人形模块] 🎉🎉就绪🎉🎉！用户💃🏻: ҈路҈人҈
2025-12-07 00:34:26.047 - __mp_main__ - INFO - https://www.123684.com/s/IpPUVv-t3rj?pwd=JZMM 转存成功
2025-12-07 00:34:26.493 - __mp_main__ - INFO - 消息 '✅123云盘转存成功消息内容: http...' ，已成功发送给用户 7070580063（第1/30次尝试）
2025-12-07 00:34:28.065 - __mp_main__ - INFO - 已记录: 1326 | https://www.123684.com/s/IpPUVv-t3rj?pwd=JZMM | 状态: 转存成功
2025-12-07 00:34:28.067 - bot115 - INFO - 已加载持久化cookies (清洗后): UID=593917665_F1_176...
2025-12-07 00:34:28.844 - bot115 - INFO - 115客户端初始化成功（使用持久化cookies） | ID: 593917665
2025-12-07 00:34:28.844 - bot115 - INFO - ===== 开始检查 115（2025-12-07 00:34:28）=====
2025-12-07 00:34:28.844 - bot115 - INFO - ⚙️ 初始化 HDHive 保活与签到任务...
2025-12-07 00:34:28.845 - bot115 - INFO - 🔄 执行 HDHive 保活检查...
2025-12-07 00:34:30.062 - bot115 - INFO - ✅ [HDHive] 今日已签到 (Session有效)
2025-12-07 00:34:30.063 - bot115 - INFO - ===== 处理频道: https://t.me/s/lyy9978 =====
2025-12-07 00:34:31.486 - bot115 - INFO - 共解析到20条消息（最新的在最后）
2025-12-07 00:34:31.486 - bot115 - INFO - 检查第1新消息（ID: lyy9978/490）
2025-12-07 00:34:31.487 - bot115 - INFO - 消息 lyy9978/490 已处理，跳过
2025-12-07 00:34:31.487 - bot115 - INFO - 检查第2新消息（ID: lyy9978/489）
2025-12-07 00:34:31.488 - bot115 - INFO - 消息 lyy9978/489 已处理，跳过
2025-12-07 00:34:31.488 - bot115 - INFO - 检查第3新消息（ID: lyy9978/488）
2025-12-07 00:34:31.489 - bot115 - INFO - 消息 lyy9978/488 已处理，跳过
2025-12-07 00:34:31.489 - bot115 - INFO - 检查第4新消息（ID: lyy9978/487）
2025-12-07 00:34:31.489 - bot115 - INFO - 消息 lyy9978/487 已处理，跳过
2025-12-07 00:34:31.489 - bot115 - INFO - 检查第5新消息（ID: lyy9978/486）
2025-12-07 00:34:31.490 - bot115 - INFO - 消息 lyy9978/486 已处理，跳过
2025-12-07 00:34:31.490 - bot115 - INFO - 检查第6新消息（ID: lyy9978/485）
2025-12-07 00:34:31.491 - bot115 - INFO - 消息 lyy9978/485 已处理，跳过
2025-12-07 00:34:31.491 - bot115 - INFO - 检查第7新消息（ID: lyy9978/484）
2025-12-07 00:34:31.492 - bot115 - INFO - 消息 lyy9978/484 已处理，跳过
2025-12-07 00:34:31.492 - bot115 - INFO - 检查第8新消息（ID: lyy9978/483）
2025-12-07 00:34:31.492 - bot115 - INFO - 消息 lyy9978/483 已处理，跳过
2025-12-07 00:34:31.492 - bot115 - INFO - 检查第9新消息（ID: lyy9978/482）
2025-12-07 00:34:31.493 - bot115 - INFO - 消息 lyy9978/482 已处理，跳过
2025-12-07 00:34:31.493 - bot115 - INFO - 检查第10新消息（ID: lyy9978/481）
2025-12-07 00:34:31.494 - bot115 - INFO - 消息 lyy9978/481 已处理，跳过
2025-12-07 00:34:31.494 - bot115 - INFO - 检查第11新消息（ID: lyy9978/480）
2025-12-07 00:34:31.495 - bot115 - INFO - 消息 lyy9978/480 已处理，跳过
2025-12-07 00:34:31.495 - bot115 - INFO - 检查第12新消息（ID: lyy9978/479）
2025-12-07 00:34:31.496 - bot115 - INFO - 消息 lyy9978/479 已处理，跳过
2025-12-07 00:34:31.496 - bot115 - INFO - 检查第13新消息（ID: lyy9978/478）
2025-12-07 00:34:31.496 - bot115 - INFO - 消息 lyy9978/478 已处理，跳过
2025-12-07 00:34:31.496 - bot115 - INFO - 检查第14新消息（ID: lyy9978/477）
2025-12-07 00:34:31.497 - bot115 - INFO - 消息 lyy9978/477 已处理，跳过
2025-12-07 00:34:31.497 - bot115 - INFO - 检查第15新消息（ID: lyy9978/476）
2025-12-07 00:34:31.498 - bot115 - INFO - 消息 lyy9978/476 已处理，跳过
2025-12-07 00:34:31.498 - bot115 - INFO - 检查第16新消息（ID: lyy9978/475）
2025-12-07 00:34:31.499 - bot115 - INFO - 消息 lyy9978/475 已处理，跳过
2025-12-07 00:34:31.499 - bot115 - INFO - 检查第17新消息（ID: lyy9978/474）
2025-12-07 00:34:31.499 - bot115 - INFO - 消息 lyy9978/474 已处理，跳过
2025-12-07 00:34:31.499 - bot115 - INFO - 检查第18新消息（ID: lyy9978/473）
2025-12-07 00:34:31.500 - bot115 - INFO - 消息 lyy9978/473 已处理，跳过
2025-12-07 00:34:31.500 - bot115 - INFO - 检查第19新消息（ID: lyy9978/472）
2025-12-07 00:34:31.501 - bot115 - INFO - 消息 lyy9978/472 已处理，跳过
2025-12-07 00:34:31.501 - bot115 - INFO - 检查第20新消息（ID: lyy9978/471）
2025-12-07 00:34:31.501 - bot115 - INFO - 消息 lyy9978/471 已处理，跳过
2025-12-07 00:34:31.501 - bot115 - INFO - 发现0条新的115分享链接
2025-12-07 00:34:31.502 - bot115 - INFO - ===== 所有频道共发现0条新的115分享链接 =====
2025-12-07 00:34:31.503 - bot115 - INFO - 未发现新的115分享链接
2025-12-07 00:34:31.503 - bot189 - INFO - ===== 开始检查 天翼网盘监控 =====
2025-12-07 00:34:34.330 - __mp_main__ - INFO - 休息5分钟，当前版本 8.0.1...
2025-12-07 00:34:34.330 - __mp_main__ - INFO - 下次检查时间是：2025-12-07 00:39:34
2025-12-07 00:36:43.510 - __mp_main__ - INFO - 程序已停止
2025-12-07 00:52:10.369 - __mp_main__ - INFO - 已设置Bot命令菜单：/start, /share, /info, /add, /remove
2025-12-07 00:52:10.369 - __mp_main__ - INFO - TeleBot初始化成功
2025-12-07 00:52:10.830 - __mp_main__ - INFO - 天翼云盘正在尝试登录 ...
2025-12-07 00:52:12.571 - bot189 - INFO - 账号密码登录成功
2025-12-07 00:52:12.716 - __mp_main__ - INFO - 123转存目标目录ID: 12055189 | 检查间隔: 5分钟
2025-12-07 00:52:12.717 - __mp_main__ - INFO - 已加载持久化token
2025-12-07 00:52:12.722 - werkzeug - INFO - [31m[1mWARNING: This is a development server. Do not use it in a production deployment. Use a production WSGI server instead.[0m
 * Running on all addresses (0.0.0.0)
 * Running on http://127.0.0.1:12366
 * Running on http://192.168.5.147:12366
2025-12-07 00:52:12.723 - werkzeug - INFO - [33mPress CTRL+C to quit[0m
2025-12-07 00:52:14.603 - __mp_main__ - INFO - 123客户端初始化成功（使用持久化token）
2025-12-07 00:52:14.604 - __mp_main__ - INFO - 正在启动人形模块线程...
2025-12-07 00:52:14.604 - __mp_main__ - INFO - ⏳ [人形模块] 等待 15 秒后启动，避开 Bot 启动高峰...
2025-12-07 00:52:14.604 - __mp_main__ - INFO - 设置天翼云盘文件夹定时清理任务，每12小时执行一次
2025-12-07 00:52:14.605 - __mp_main__ - INFO - ===== 开始执行天翼云盘文件夹清理任务（2025-12-07 00:52:14）=====
2025-12-07 00:52:14.605 - __mp_main__ - INFO - 删除文件夹 224101222598913883 中的内容...
2025-12-07 00:52:14.605 - bot189 - INFO - 开始删除文件夹 224101222598913883 下的所有内容
2025-12-07 00:52:14.677 - __mp_main__ - INFO - 成功删除文件夹 224101222598913883 中的内容
2025-12-07 00:52:14.678 - __mp_main__ - INFO - 清空回收站...
2025-12-07 00:52:14.773 - bot189 - INFO - 清空回收站成功
2025-12-07 00:52:14.774 - __mp_main__ - INFO - 成功执行天翼网盘文件清理任务
2025-12-07 00:52:14.774 - __mp_main__ - INFO - ===== 天翼云盘文件夹清理任务执行完毕 =====
2025-12-07 00:52:14.774 - __mp_main__ - INFO - ===== 开始检查（2025-12-07 00:52:14），当前版本 8.0.1=====
2025-12-07 00:52:14.775 - __mp_main__ - INFO - 已加载持久化token
2025-12-07 00:52:15.768 - __mp_main__ - INFO - 123客户端初始化成功（使用持久化token）
2025-12-07 00:52:15.768 - __mp_main__ - INFO - ===== 处理频道: https://t.me/s/xx123pan =====
2025-12-07 00:52:16.127 - __mp_main__ - INFO - 消息 '✅成功执行天翼网盘清空回收站任务（202...' ，已成功发送给用户 7070580063（第1/30次尝试）
2025-12-07 00:52:17.169 - __mp_main__ - INFO - 共解析到20条消息（最新的在最后）
2025-12-07 00:52:17.170 - __mp_main__ - INFO - 检查第1新消息（倒数第1条，ID: 13041）
2025-12-07 00:52:17.172 - __mp_main__ - INFO - 检查第2新消息（倒数第2条，ID: 13040）
2025-12-07 00:52:17.173 - __mp_main__ - INFO - 检查第3新消息（倒数第3条，ID: 13039）
2025-12-07 00:52:17.175 - __mp_main__ - INFO - 检查第4新消息（倒数第4条，ID: 13038）
2025-12-07 00:52:17.177 - __mp_main__ - INFO - 第4新消息已处理，跳过
2025-12-07 00:52:17.177 - __mp_main__ - INFO - 检查第5新消息（倒数第5条，ID: 13037）
2025-12-07 00:52:17.180 - __mp_main__ - INFO - 第5新消息已处理，跳过
2025-12-07 00:52:17.180 - __mp_main__ - INFO - 检查第6新消息（倒数第6条，ID: 13036）
2025-12-07 00:52:17.181 - __mp_main__ - INFO - 第6新消息已处理，跳过
2025-12-07 00:52:17.182 - __mp_main__ - INFO - 检查第7新消息（倒数第7条，ID: 13035）
2025-12-07 00:52:17.184 - __mp_main__ - INFO - 第7新消息已处理，跳过
2025-12-07 00:52:17.184 - __mp_main__ - INFO - 检查第8新消息（倒数第8条，ID: 13034）
2025-12-07 00:52:17.186 - __mp_main__ - INFO - 第8新消息已处理，跳过
2025-12-07 00:52:17.186 - __mp_main__ - INFO - 检查第9新消息（倒数第9条，ID: 13033）
2025-12-07 00:52:17.188 - __mp_main__ - INFO - 第9新消息已处理，跳过
2025-12-07 00:52:17.188 - __mp_main__ - INFO - 检查第10新消息（倒数第10条，ID: 13031）
2025-12-07 00:52:17.190 - __mp_main__ - INFO - 第10新消息已处理，跳过
2025-12-07 00:52:17.190 - __mp_main__ - INFO - 检查第11新消息（倒数第11条，ID: 13030）
2025-12-07 00:52:17.192 - __mp_main__ - INFO - 第11新消息已处理，跳过
2025-12-07 00:52:17.192 - __mp_main__ - INFO - 检查第12新消息（倒数第12条，ID: 13029）
2025-12-07 00:52:17.194 - __mp_main__ - INFO - 第12新消息已处理，跳过
2025-12-07 00:52:17.194 - __mp_main__ - INFO - 检查第13新消息（倒数第13条，ID: 13028）
2025-12-07 00:52:17.196 - __mp_main__ - INFO - 第13新消息已处理，跳过
2025-12-07 00:52:17.196 - __mp_main__ - INFO - 检查第14新消息（倒数第14条，ID: 13027）
2025-12-07 00:52:17.198 - __mp_main__ - INFO - 第14新消息已处理，跳过
2025-12-07 00:52:17.198 - __mp_main__ - INFO - 检查第15新消息（倒数第15条，ID: 13026）
2025-12-07 00:52:17.200 - __mp_main__ - INFO - 第15新消息已处理，跳过
2025-12-07 00:52:17.200 - __mp_main__ - INFO - 检查第16新消息（倒数第16条，ID: 13025）
2025-12-07 00:52:17.202 - __mp_main__ - INFO - 第16新消息已处理，跳过
2025-12-07 00:52:17.202 - __mp_main__ - INFO - 检查第17新消息（倒数第17条，ID: 13024）
2025-12-07 00:52:17.204 - __mp_main__ - INFO - 第17新消息已处理，跳过
2025-12-07 00:52:17.204 - __mp_main__ - INFO - 检查第18新消息（倒数第18条，ID: 13023）
2025-12-07 00:52:17.206 - __mp_main__ - INFO - 第18新消息已处理，跳过
2025-12-07 00:52:17.206 - __mp_main__ - INFO - 检查第19新消息（倒数第19条，ID: 13022）
2025-12-07 00:52:17.209 - __mp_main__ - INFO - 第19新消息已处理，跳过
2025-12-07 00:52:17.209 - __mp_main__ - INFO - 检查第20新消息（倒数第20条，ID: 13021）
2025-12-07 00:52:17.211 - __mp_main__ - INFO - 第20新消息已处理，跳过
2025-12-07 00:52:17.211 - __mp_main__ - INFO - 发现3条新的123分享链接
2025-12-07 00:52:17.211 - __mp_main__ - INFO - ===== 处理频道: https://t.me/s/jzmm_123pan =====
2025-12-07 00:52:18.561 - __mp_main__ - INFO - 共解析到20条消息（最新的在最后）
2025-12-07 00:52:18.561 - __mp_main__ - INFO - 检查第1新消息（倒数第1条，ID: 1329）
2025-12-07 00:52:18.563 - __mp_main__ - INFO - 检查第2新消息（倒数第2条，ID: 1328）
2025-12-07 00:52:18.564 - __mp_main__ - INFO - 检查第3新消息（倒数第3条，ID: 1327）
2025-12-07 00:52:18.566 - __mp_main__ - INFO - 检查第4新消息（倒数第4条，ID: 1326）
2025-12-07 00:52:18.567 - __mp_main__ - INFO - 第4新消息已处理，跳过
2025-12-07 00:52:18.567 - __mp_main__ - INFO - 检查第5新消息（倒数第5条，ID: 1325）
2025-12-07 00:52:18.569 - __mp_main__ - INFO - 第5新消息已处理，跳过
2025-12-07 00:52:18.569 - __mp_main__ - INFO - 检查第6新消息（倒数第6条，ID: 1324）
2025-12-07 00:52:18.571 - __mp_main__ - INFO - 第6新消息已处理，跳过
2025-12-07 00:52:18.571 - __mp_main__ - INFO - 检查第7新消息（倒数第7条，ID: 1323）
2025-12-07 00:52:18.573 - __mp_main__ - INFO - 第7新消息已处理，跳过
2025-12-07 00:52:18.573 - __mp_main__ - INFO - 检查第8新消息（倒数第8条，ID: 1322）
2025-12-07 00:52:18.575 - __mp_main__ - INFO - 第8新消息已处理，跳过
2025-12-07 00:52:18.575 - __mp_main__ - INFO - 检查第9新消息（倒数第9条，ID: 1321）
2025-12-07 00:52:18.577 - __mp_main__ - INFO - 第9新消息已处理，跳过
2025-12-07 00:52:18.577 - __mp_main__ - INFO - 检查第10新消息（倒数第10条，ID: 1319）
2025-12-07 00:52:18.578 - __mp_main__ - INFO - 第10新消息已处理，跳过
2025-12-07 00:52:18.579 - __mp_main__ - INFO - 检查第11新消息（倒数第11条，ID: 1318）
2025-12-07 00:52:18.580 - __mp_main__ - INFO - 第11新消息已处理，跳过
2025-12-07 00:52:18.580 - __mp_main__ - INFO - 检查第12新消息（倒数第12条，ID: 1317）
2025-12-07 00:52:18.582 - __mp_main__ - INFO - 第12新消息已处理，跳过
2025-12-07 00:52:18.582 - __mp_main__ - INFO - 检查第13新消息（倒数第13条，ID: 1316）
2025-12-07 00:52:18.584 - __mp_main__ - INFO - 第13新消息已处理，跳过
2025-12-07 00:52:18.584 - __mp_main__ - INFO - 检查第14新消息（倒数第14条，ID: 1315）
2025-12-07 00:52:18.586 - __mp_main__ - INFO - 第14新消息已处理，跳过
2025-12-07 00:52:18.586 - __mp_main__ - INFO - 检查第15新消息（倒数第15条，ID: 1314）
2025-12-07 00:52:18.588 - __mp_main__ - INFO - 第15新消息已处理，跳过
2025-12-07 00:52:18.588 - __mp_main__ - INFO - 检查第16新消息（倒数第16条，ID: 1313）
2025-12-07 00:52:18.590 - __mp_main__ - INFO - 第16新消息已处理，跳过
2025-12-07 00:52:18.590 - __mp_main__ - INFO - 检查第17新消息（倒数第17条，ID: 1312）
2025-12-07 00:52:18.592 - __mp_main__ - INFO - 第17新消息已处理，跳过
2025-12-07 00:52:18.592 - __mp_main__ - INFO - 检查第18新消息（倒数第18条，ID: 1311）
2025-12-07 00:52:18.593 - __mp_main__ - INFO - 第18新消息已处理，跳过
2025-12-07 00:52:18.594 - __mp_main__ - INFO - 检查第19新消息（倒数第19条，ID: 1310）
2025-12-07 00:52:18.595 - __mp_main__ - INFO - 第19新消息已处理，跳过
2025-12-07 00:52:18.595 - __mp_main__ - INFO - 检查第20新消息（倒数第20条，ID: 1309）
2025-12-07 00:52:18.597 - __mp_main__ - INFO - 第20新消息已处理，跳过
2025-12-07 00:52:18.597 - __mp_main__ - INFO - 发现3条新的123分享链接
2025-12-07 00:52:18.597 - __mp_main__ - INFO - ===== 所有频道共发现6条新的123分享链接 =====
2025-12-07 00:52:18.598 - __mp_main__ - INFO - 处理新消息: 13039 | https://www.123684.com/s/IpPUVv-t3rj?pwd=JZMM
2025-12-07 00:52:18.598 - __mp_main__ - INFO - 消息匹配过滤条件（），开始转存...
2025-12-07 00:52:18.700 - __mp_main__ - INFO - 共发现0个文件和1个目录，准备转存
2025-12-07 00:52:18.700 - __mp_main__ - INFO - 准备转存文件列表到目录: 12055189
2025-12-07 00:52:22.492 - __mp_main__ - INFO - https://www.123684.com/s/IpPUVv-t3rj?pwd=JZMM 转存成功
2025-12-07 00:52:22.935 - __mp_main__ - INFO - 消息 '✅123云盘转存成功消息内容: http...' ，已成功发送给用户 7070580063（第1/30次尝试）
2025-12-07 00:52:24.508 - __mp_main__ - INFO - 已记录: 13039 | https://www.123684.com/s/IpPUVv-t3rj?pwd=JZMM | 状态: 转存成功
2025-12-07 00:52:24.509 - __mp_main__ - INFO - 处理新消息: 1327 | https://www.123684.com/s/IpPUVv-t3rj?pwd=JZMM
2025-12-07 00:52:24.509 - __mp_main__ - INFO - 消息匹配过滤条件（），开始转存...
2025-12-07 00:52:24.766 - __mp_main__ - INFO - 共发现0个文件和1个目录，准备转存
2025-12-07 00:52:24.766 - __mp_main__ - INFO - 准备转存文件列表到目录: 12055189
2025-12-07 00:52:28.423 - __mp_main__ - INFO - https://www.123684.com/s/IpPUVv-t3rj?pwd=JZMM 转存成功
2025-12-07 00:52:28.839 - __mp_main__ - INFO - 消息 '✅123云盘转存成功消息内容: http...' ，已成功发送给用户 7070580063（第1/30次尝试）
2025-12-07 00:52:29.609 - __mp_main__ - INFO - 🔄 [人形模块] 连接中...
2025-12-07 00:52:30.433 - __mp_main__ - INFO - 已记录: 1327 | https://www.123684.com/s/IpPUVv-t3rj?pwd=JZMM | 状态: 转存成功
2025-12-07 00:52:30.434 - __mp_main__ - INFO - 处理新消息: 13040 | https://www.123684.com/s/IpPUVv-t3rj?pwd=JZMM
2025-12-07 00:52:30.434 - __mp_main__ - INFO - 消息匹配过滤条件（），开始转存...
2025-12-07 00:52:30.783 - __mp_main__ - INFO - 共发现0个文件和1个目录，准备转存
2025-12-07 00:52:30.783 - __mp_main__ - INFO - 准备转存文件列表到目录: 12055189
2025-12-07 00:52:31.281 - __mp_main__ - INFO - ✅ [人形模块] 🎉🎉就绪🎉🎉！用户💃🏻: ҈路҈人҈
2025-12-07 00:52:35.437 - __mp_main__ - INFO - https://www.123684.com/s/IpPUVv-t3rj?pwd=JZMM 转存成功
2025-12-07 00:52:35.872 - __mp_main__ - INFO - 消息 '✅123云盘转存成功消息内容: http...' ，已成功发送给用户 7070580063（第1/30次尝试）
2025-12-07 00:52:37.453 - __mp_main__ - INFO - 已记录: 13040 | https://www.123684.com/s/IpPUVv-t3rj?pwd=JZMM | 状态: 转存成功
2025-12-07 00:52:37.453 - __mp_main__ - INFO - 处理新消息: 1328 | https://www.123684.com/s/IpPUVv-t3rj?pwd=JZMM
2025-12-07 00:52:37.454 - __mp_main__ - INFO - 消息匹配过滤条件（），开始转存...
2025-12-07 00:52:37.719 - __mp_main__ - INFO - 共发现0个文件和1个目录，准备转存
2025-12-07 00:52:37.719 - __mp_main__ - INFO - 准备转存文件列表到目录: 12055189
2025-12-07 00:52:41.119 - __mp_main__ - INFO - https://www.123684.com/s/IpPUVv-t3rj?pwd=JZMM 转存成功
2025-12-07 00:52:41.566 - __mp_main__ - INFO - 消息 '✅123云盘转存成功消息内容: http...' ，已成功发送给用户 7070580063（第1/30次尝试）
2025-12-07 00:52:43.133 - __mp_main__ - INFO - 已记录: 1328 | https://www.123684.com/s/IpPUVv-t3rj?pwd=JZMM | 状态: 转存成功
2025-12-07 00:52:43.133 - __mp_main__ - INFO - 处理新消息: 13041 | https://www.123684.com/s/IpPUVv-t3rj?pwd=JZMM
2025-12-07 00:52:43.133 - __mp_main__ - INFO - 消息匹配过滤条件（），开始转存...
2025-12-07 00:52:43.487 - __mp_main__ - INFO - 共发现0个文件和1个目录，准备转存
2025-12-07 00:52:43.487 - __mp_main__ - INFO - 准备转存文件列表到目录: 12055189
2025-12-07 00:52:49.045 - __mp_main__ - INFO - https://www.123684.com/s/IpPUVv-t3rj?pwd=JZMM 转存成功
2025-12-07 00:52:49.496 - __mp_main__ - INFO - 消息 '✅123云盘转存成功消息内容: http...' ，已成功发送给用户 7070580063（第1/30次尝试）
2025-12-07 00:52:51.055 - __mp_main__ - INFO - 已记录: 13041 | https://www.123684.com/s/IpPUVv-t3rj?pwd=JZMM | 状态: 转存成功
2025-12-07 00:52:51.056 - __mp_main__ - INFO - 处理新消息: 1329 | https://www.123684.com/s/IpPUVv-t3rj?pwd=JZMM
2025-12-07 00:52:51.056 - __mp_main__ - INFO - 消息匹配过滤条件（），开始转存...
2025-12-07 00:52:51.390 - __mp_main__ - INFO - 共发现0个文件和1个目录，准备转存
2025-12-07 00:52:51.390 - __mp_main__ - INFO - 准备转存文件列表到目录: 12055189
2025-12-07 00:52:56.706 - __mp_main__ - INFO - https://www.123684.com/s/IpPUVv-t3rj?pwd=JZMM 转存成功
2025-12-07 00:52:57.144 - __mp_main__ - INFO - 消息 '✅123云盘转存成功消息内容: http...' ，已成功发送给用户 7070580063（第1/30次尝试）
2025-12-07 00:52:58.718 - __mp_main__ - INFO - 已记录: 1329 | https://www.123684.com/s/IpPUVv-t3rj?pwd=JZMM | 状态: 转存成功
2025-12-07 00:52:58.720 - bot115 - INFO - 已加载持久化cookies (清洗后): UID=593917665_F1_176...
2025-12-07 00:52:59.426 - bot115 - INFO - 115客户端初始化成功（使用持久化cookies） | ID: 593917665
2025-12-07 00:52:59.426 - bot115 - INFO - ===== 开始检查 115（2025-12-07 00:52:59）=====
2025-12-07 00:52:59.426 - bot115 - INFO - ⚙️ 初始化 HDHive 保活与签到任务...
2025-12-07 00:52:59.427 - bot115 - INFO - 🔄 执行 HDHive 保活检查...
2025-12-07 00:53:00.193 - bot115 - INFO - ✅ [HDHive] 今日已签到 (Session有效)
2025-12-07 00:53:00.199 - bot115 - INFO - ===== 处理频道: https://t.me/s/lyy9978 =====
2025-12-07 00:53:01.621 - bot115 - INFO - 共解析到20条消息（最新的在最后）
2025-12-07 00:53:01.622 - bot115 - INFO - 检查第1新消息（ID: lyy9978/490）
2025-12-07 00:53:01.622 - bot115 - INFO - 消息 lyy9978/490 已处理，跳过
2025-12-07 00:53:01.622 - bot115 - INFO - 检查第2新消息（ID: lyy9978/489）
2025-12-07 00:53:01.623 - bot115 - INFO - 消息 lyy9978/489 已处理，跳过
2025-12-07 00:53:01.623 - bot115 - INFO - 检查第3新消息（ID: lyy9978/488）
2025-12-07 00:53:01.624 - bot115 - INFO - 消息 lyy9978/488 已处理，跳过
2025-12-07 00:53:01.624 - bot115 - INFO - 检查第4新消息（ID: lyy9978/487）
2025-12-07 00:53:01.624 - bot115 - INFO - 消息 lyy9978/487 已处理，跳过
2025-12-07 00:53:01.625 - bot115 - INFO - 检查第5新消息（ID: lyy9978/486）
2025-12-07 00:53:01.625 - bot115 - INFO - 消息 lyy9978/486 已处理，跳过
2025-12-07 00:53:01.625 - bot115 - INFO - 检查第6新消息（ID: lyy9978/485）
2025-12-07 00:53:01.626 - bot115 - INFO - 消息 lyy9978/485 已处理，跳过
2025-12-07 00:53:01.626 - bot115 - INFO - 检查第7新消息（ID: lyy9978/484）
2025-12-07 00:53:01.627 - bot115 - INFO - 消息 lyy9978/484 已处理，跳过
2025-12-07 00:53:01.627 - bot115 - INFO - 检查第8新消息（ID: lyy9978/483）
2025-12-07 00:53:01.627 - bot115 - INFO - 消息 lyy9978/483 已处理，跳过
2025-12-07 00:53:01.628 - bot115 - INFO - 检查第9新消息（ID: lyy9978/482）
2025-12-07 00:53:01.628 - bot115 - INFO - 消息 lyy9978/482 已处理，跳过
2025-12-07 00:53:01.628 - bot115 - INFO - 检查第10新消息（ID: lyy9978/481）
2025-12-07 00:53:01.629 - bot115 - INFO - 消息 lyy9978/481 已处理，跳过
2025-12-07 00:53:01.629 - bot115 - INFO - 检查第11新消息（ID: lyy9978/480）
2025-12-07 00:53:01.630 - bot115 - INFO - 消息 lyy9978/480 已处理，跳过
2025-12-07 00:53:01.630 - bot115 - INFO - 检查第12新消息（ID: lyy9978/479）
2025-12-07 00:53:01.631 - bot115 - INFO - 消息 lyy9978/479 已处理，跳过
2025-12-07 00:53:01.631 - bot115 - INFO - 检查第13新消息（ID: lyy9978/478）
2025-12-07 00:53:01.631 - bot115 - INFO - 消息 lyy9978/478 已处理，跳过
2025-12-07 00:53:01.632 - bot115 - INFO - 检查第14新消息（ID: lyy9978/477）
2025-12-07 00:53:01.632 - bot115 - INFO - 消息 lyy9978/477 已处理，跳过
2025-12-07 00:53:01.632 - bot115 - INFO - 检查第15新消息（ID: lyy9978/476）
2025-12-07 00:53:01.633 - bot115 - INFO - 消息 lyy9978/476 已处理，跳过
2025-12-07 00:53:01.633 - bot115 - INFO - 检查第16新消息（ID: lyy9978/475）
2025-12-07 00:53:01.634 - bot115 - INFO - 消息 lyy9978/475 已处理，跳过
2025-12-07 00:53:01.634 - bot115 - INFO - 检查第17新消息（ID: lyy9978/474）
2025-12-07 00:53:01.635 - bot115 - INFO - 消息 lyy9978/474 已处理，跳过
2025-12-07 00:53:01.635 - bot115 - INFO - 检查第18新消息（ID: lyy9978/473）
2025-12-07 00:53:01.635 - bot115 - INFO - 消息 lyy9978/473 已处理，跳过
2025-12-07 00:53:01.636 - bot115 - INFO - 检查第19新消息（ID: lyy9978/472）
2025-12-07 00:53:01.637 - bot115 - INFO - 消息 lyy9978/472 已处理，跳过
2025-12-07 00:53:01.637 - bot115 - INFO - 检查第20新消息（ID: lyy9978/471）
2025-12-07 00:53:01.637 - bot115 - INFO - 消息 lyy9978/471 已处理，跳过
2025-12-07 00:53:01.638 - bot115 - INFO - 发现0条新的115分享链接
2025-12-07 00:53:01.638 - bot115 - INFO - ===== 所有频道共发现0条新的115分享链接 =====
2025-12-07 00:53:01.639 - bot115 - INFO - 未发现新的115分享链接
2025-12-07 00:53:01.639 - bot189 - INFO - ===== 开始检查 天翼网盘监控 =====
2025-12-07 00:53:04.415 - __mp_main__ - INFO - 休息5分钟，当前版本 8.0.1...
2025-12-07 00:53:04.416 - __mp_main__ - INFO - 下次检查时间是：2025-12-07 00:58:04
2025-12-07 00:55:11.275 - __mp_main__ - INFO - 已加载持久化token
2025-12-07 00:55:11.310 - __mp_main__ - INFO - 进入handle_general_message
2025-12-07 00:55:11.311 - __mp_main__ - INFO - 检测到 Userbot 命令 '-s123 铁血战士：杀戮之地 (2025)'，Bot 主动跳过
2025-12-07 00:55:12.086 - __mp_main__ - INFO - 123客户端初始化成功（使用持久化token）
2025-12-07 00:55:12.939 - __mp_main__ - INFO - 准备批量处理1个文件夹结果
2025-12-07 00:55:12.939 - __mp_main__ - INFO - 开始处理1个文件夹项目，query_level=4
2025-12-07 00:55:12.939 - __mp_main__ - INFO - 第一轮查询（第1层父目录）：1个ID，处理1个文件
2025-12-07 00:55:12.940 - __mp_main__ - INFO - 第1轮查询（剩余层级：4）：1个ID
2025-12-07 00:55:12.940 - __mp_main__ - INFO - 请求以下父目录ID详情：['14298684']
2025-12-07 00:55:13.654 - __mp_main__ - INFO - 第2轮查询（剩余层级：3）：1个ID
2025-12-07 00:55:13.654 - __mp_main__ - INFO - 请求以下父目录ID详情：['14055940']
2025-12-07 00:55:14.456 - __mp_main__ - INFO - 第3轮查询（剩余层级：2）：1个ID
2025-12-07 00:55:14.456 - __mp_main__ - INFO - 请求以下父目录ID详情：['14053434']
2025-12-07 00:55:15.206 - __mp_main__ - INFO - 第4轮无父ID可查，提前结束
2025-12-07 00:55:15.206 - __mp_main__ - INFO - 4轮查询已完成，开始从全局缓存中继续构建路径（不发起新请求）
2025-12-07 00:55:15.207 - __mp_main__ - INFO - 批量路径构建完成，生成1个文件路径（query_level=4，缓存补充完成）
2025-12-07 00:55:17.664 - __mp_main__ - INFO - 进入handle_general_message
2025-12-07 00:55:17.666 - __mp_main__ - INFO - 已加载持久化token
2025-12-07 00:55:17.864 - __mp_main__ - INFO - 已加载持久化token
2025-12-07 00:55:18.035 - __mp_main__ - INFO - 进入handle_general_message
2025-12-07 00:55:18.573 - __mp_main__ - INFO - 123客户端初始化成功（使用持久化token）
2025-12-07 00:55:18.583 - __mp_main__ - INFO - 已加载持久化token
2025-12-07 00:55:18.761 - __mp_main__ - INFO - 123客户端初始化成功（使用持久化token）
2025-12-07 00:55:18.761 - __mp_main__ - INFO - 获取目录内容 (ID: 19470245, commonPath: '铁血战士：杀戮之地 (2025) {tmdb-1242898}', 相对路径: '')
2025-12-07 00:55:18.761 - __mp_main__ - INFO - 请求目录列表: https://open-api.123pan.com/api/v2/file/list, 参数: {'parentFileId': '19470245', 'trashed': 0, 'limit': 100, 'lastFileId': 0}
2025-12-07 00:55:18.804 - __mp_main__ - ERROR - 发送回复失败，60秒后重发，消息：未识别的命令，错误：A request to the Telegram API was unsuccessful. Error code: 400. Description: Bad Request: message to be replied not found
2025-12-07 00:55:19.672 - __mp_main__ - INFO - 123客户端初始化成功（使用持久化token）
2025-12-07 00:55:19.676 - __mp_main__ - INFO - 找到 2 个文件 (ID: 19470245)
2025-12-07 00:55:21.031 - __mp_main__ - INFO - 消息 '未识别的命令...' ，已成功发送给用户 7070580063（第1/30次尝试）
2025-12-07 00:55:24.582 - __mp_main__ - INFO - 进入 Bot 文件转存 JSON 流程
2025-12-07 00:55:27.180 - __mp_main__ - INFO - 检测到对象格式的妙传文件
2025-12-07 00:55:27.181 - __mp_main__ - INFO - 已加载持久化token
2025-12-07 00:55:27.610 - __mp_main__ - INFO - 消息 '开始转存JSON文件中的2个文件......' ，已成功发送给用户 7070580063（第1/30次尝试）
2025-12-07 00:55:27.956 - __mp_main__ - INFO - 123客户端初始化成功（使用持久化token）
2025-12-07 00:56:19.018 - __mp_main__ - ERROR - 发送回复失败，60秒后重发，消息：未识别的命令，错误：A request to the Telegram API was unsuccessful. Error code: 400. Description: Bad Request: message to be replied not found
2025-12-07 00:57:19.233 - __mp_main__ - ERROR - 发送回复失败，60秒后重发，消息：未识别的命令，错误：A request to the Telegram API was unsuccessful. Error code: 400. Description: Bad Request: message to be replied not found
2025-12-07 00:58:04.528 - __mp_main__ - INFO - ===== 开始检查（2025-12-07 00:58:04），当前版本 8.0.1=====
2025-12-07 00:58:04.528 - __mp_main__ - INFO - 已加载持久化token
2025-12-07 00:58:05.366 - __mp_main__ - INFO - 123客户端初始化成功（使用持久化token）
2025-12-07 00:58:05.366 - __mp_main__ - INFO - ===== 处理频道: https://t.me/s/xx123pan =====
2025-12-07 00:58:06.810 - __mp_main__ - INFO - 共解析到20条消息（最新的在最后）
2025-12-07 00:58:06.810 - __mp_main__ - INFO - 检查第1新消息（倒数第1条，ID: 13041）
2025-12-07 00:58:06.812 - __mp_main__ - INFO - 第1新消息已处理，跳过
2025-12-07 00:58:06.812 - __mp_main__ - INFO - 检查第2新消息（倒数第2条，ID: 13040）
2025-12-07 00:58:06.814 - __mp_main__ - INFO - 第2新消息已处理，跳过
2025-12-07 00:58:06.814 - __mp_main__ - INFO - 检查第3新消息（倒数第3条，ID: 13039）
2025-12-07 00:58:06.816 - __mp_main__ - INFO - 第3新消息已处理，跳过
2025-12-07 00:58:06.816 - __mp_main__ - INFO - 检查第4新消息（倒数第4条，ID: 13038）
2025-12-07 00:58:06.817 - __mp_main__ - INFO - 第4新消息已处理，跳过
2025-12-07 00:58:06.818 - __mp_main__ - INFO - 检查第5新消息（倒数第5条，ID: 13037）
2025-12-07 00:58:06.819 - __mp_main__ - INFO - 第5新消息已处理，跳过
2025-12-07 00:58:06.820 - __mp_main__ - INFO - 检查第6新消息（倒数第6条，ID: 13036）
2025-12-07 00:58:06.821 - __mp_main__ - INFO - 第6新消息已处理，跳过
2025-12-07 00:58:06.822 - __mp_main__ - INFO - 检查第7新消息（倒数第7条，ID: 13035）
2025-12-07 00:58:06.823 - __mp_main__ - INFO - 第7新消息已处理，跳过
2025-12-07 00:58:06.823 - __mp_main__ - INFO - 检查第8新消息（倒数第8条，ID: 13034）
2025-12-07 00:58:06.825 - __mp_main__ - INFO - 第8新消息已处理，跳过
2025-12-07 00:58:06.825 - __mp_main__ - INFO - 检查第9新消息（倒数第9条，ID: 13033）
2025-12-07 00:58:06.827 - __mp_main__ - INFO - 第9新消息已处理，跳过
2025-12-07 00:58:06.827 - __mp_main__ - INFO - 检查第10新消息（倒数第10条，ID: 13031）
2025-12-07 00:58:06.828 - __mp_main__ - INFO - 第10新消息已处理，跳过
2025-12-07 00:58:06.829 - __mp_main__ - INFO - 检查第11新消息（倒数第11条，ID: 13030）
2025-12-07 00:58:06.830 - __mp_main__ - INFO - 第11新消息已处理，跳过
2025-12-07 00:58:06.831 - __mp_main__ - INFO - 检查第12新消息（倒数第12条，ID: 13029）
2025-12-07 00:58:06.832 - __mp_main__ - INFO - 第12新消息已处理，跳过
2025-12-07 00:58:06.833 - __mp_main__ - INFO - 检查第13新消息（倒数第13条，ID: 13028）
2025-12-07 00:58:06.833 - __mp_main__ - INFO - 第13新消息已处理，跳过
2025-12-07 00:58:06.833 - __mp_main__ - INFO - 检查第14新消息（倒数第14条，ID: 13027）
2025-12-07 00:58:06.835 - __mp_main__ - INFO - 第14新消息已处理，跳过
2025-12-07 00:58:06.835 - __mp_main__ - INFO - 检查第15新消息（倒数第15条，ID: 13026）
2025-12-07 00:58:06.837 - __mp_main__ - INFO - 第15新消息已处理，跳过
2025-12-07 00:58:06.837 - __mp_main__ - INFO - 检查第16新消息（倒数第16条，ID: 13025）
2025-12-07 00:58:06.839 - __mp_main__ - INFO - 第16新消息已处理，跳过
2025-12-07 00:58:06.839 - __mp_main__ - INFO - 检查第17新消息（倒数第17条，ID: 13024）
2025-12-07 00:58:06.841 - __mp_main__ - INFO - 第17新消息已处理，跳过
2025-12-07 00:58:06.841 - __mp_main__ - INFO - 检查第18新消息（倒数第18条，ID: 13023）
2025-12-07 00:58:06.842 - __mp_main__ - INFO - 第18新消息已处理，跳过
2025-12-07 00:58:06.842 - __mp_main__ - INFO - 检查第19新消息（倒数第19条，ID: 13022）
2025-12-07 00:58:06.844 - __mp_main__ - INFO - 第19新消息已处理，跳过
2025-12-07 00:58:06.844 - __mp_main__ - INFO - 检查第20新消息（倒数第20条，ID: 13021）
2025-12-07 00:58:06.846 - __mp_main__ - INFO - 第20新消息已处理，跳过
2025-12-07 00:58:06.846 - __mp_main__ - INFO - 发现0条新的123分享链接
2025-12-07 00:58:06.846 - __mp_main__ - INFO - ===== 处理频道: https://t.me/s/jzmm_123pan =====
2025-12-07 00:58:08.142 - __mp_main__ - INFO - 共解析到20条消息（最新的在最后）
2025-12-07 00:58:08.143 - __mp_main__ - INFO - 检查第1新消息（倒数第1条，ID: 1329）
2025-12-07 00:58:08.144 - __mp_main__ - INFO - 第1新消息已处理，跳过
2025-12-07 00:58:08.144 - __mp_main__ - INFO - 检查第2新消息（倒数第2条，ID: 1328）
2025-12-07 00:58:08.146 - __mp_main__ - INFO - 第2新消息已处理，跳过
2025-12-07 00:58:08.146 - __mp_main__ - INFO - 检查第3新消息（倒数第3条，ID: 1327）
2025-12-07 00:58:08.148 - __mp_main__ - INFO - 第3新消息已处理，跳过
2025-12-07 00:58:08.148 - __mp_main__ - INFO - 检查第4新消息（倒数第4条，ID: 1326）
2025-12-07 00:58:08.150 - __mp_main__ - INFO - 第4新消息已处理，跳过
2025-12-07 00:58:08.150 - __mp_main__ - INFO - 检查第5新消息（倒数第5条，ID: 1325）
2025-12-07 00:58:08.152 - __mp_main__ - INFO - 第5新消息已处理，跳过
2025-12-07 00:58:08.152 - __mp_main__ - INFO - 检查第6新消息（倒数第6条，ID: 1324）
2025-12-07 00:58:08.154 - __mp_main__ - INFO - 第6新消息已处理，跳过
2025-12-07 00:58:08.154 - __mp_main__ - INFO - 检查第7新消息（倒数第7条，ID: 1323）
2025-12-07 00:58:08.155 - __mp_main__ - INFO - 第7新消息已处理，跳过
2025-12-07 00:58:08.156 - __mp_main__ - INFO - 检查第8新消息（倒数第8条，ID: 1322）
2025-12-07 00:58:08.157 - __mp_main__ - INFO - 第8新消息已处理，跳过
2025-12-07 00:58:08.157 - __mp_main__ - INFO - 检查第9新消息（倒数第9条，ID: 1321）
2025-12-07 00:58:08.159 - __mp_main__ - INFO - 第9新消息已处理，跳过
2025-12-07 00:58:08.159 - __mp_main__ - INFO - 检查第10新消息（倒数第10条，ID: 1319）
2025-12-07 00:58:08.161 - __mp_main__ - INFO - 第10新消息已处理，跳过
2025-12-07 00:58:08.161 - __mp_main__ - INFO - 检查第11新消息（倒数第11条，ID: 1318）
2025-12-07 00:58:08.162 - __mp_main__ - INFO - 第11新消息已处理，跳过
2025-12-07 00:58:08.162 - __mp_main__ - INFO - 检查第12新消息（倒数第12条，ID: 1317）
2025-12-07 00:58:08.164 - __mp_main__ - INFO - 第12新消息已处理，跳过
2025-12-07 00:58:08.164 - __mp_main__ - INFO - 检查第13新消息（倒数第13条，ID: 1316）
2025-12-07 00:58:08.166 - __mp_main__ - INFO - 第13新消息已处理，跳过
2025-12-07 00:58:08.167 - __mp_main__ - INFO - 检查第14新消息（倒数第14条，ID: 1315）
2025-12-07 00:58:08.169 - __mp_main__ - INFO - 第14新消息已处理，跳过
2025-12-07 00:58:08.169 - __mp_main__ - INFO - 检查第15新消息（倒数第15条，ID: 1314）
2025-12-07 00:58:08.170 - __mp_main__ - INFO - 第15新消息已处理，跳过
2025-12-07 00:58:08.170 - __mp_main__ - INFO - 检查第16新消息（倒数第16条，ID: 1313）
2025-12-07 00:58:08.173 - __mp_main__ - INFO - 第16新消息已处理，跳过
2025-12-07 00:58:08.173 - __mp_main__ - INFO - 检查第17新消息（倒数第17条，ID: 1312）
2025-12-07 00:58:08.174 - __mp_main__ - INFO - 第17新消息已处理，跳过
2025-12-07 00:58:08.174 - __mp_main__ - INFO - 检查第18新消息（倒数第18条，ID: 1311）
2025-12-07 00:58:08.176 - __mp_main__ - INFO - 第18新消息已处理，跳过
2025-12-07 00:58:08.176 - __mp_main__ - INFO - 检查第19新消息（倒数第19条，ID: 1310）
2025-12-07 00:58:08.178 - __mp_main__ - INFO - 第19新消息已处理，跳过
2025-12-07 00:58:08.178 - __mp_main__ - INFO - 检查第20新消息（倒数第20条，ID: 1309）
2025-12-07 00:58:08.180 - __mp_main__ - INFO - 第20新消息已处理，跳过
2025-12-07 00:58:08.180 - __mp_main__ - INFO - 发现0条新的123分享链接
2025-12-07 00:58:08.180 - __mp_main__ - INFO - ===== 所有频道共发现0条新的123分享链接 =====
2025-12-07 00:58:08.181 - __mp_main__ - INFO - 未发现新的123分享链接
2025-12-07 00:58:08.182 - bot115 - INFO - 已加载持久化cookies (清洗后): UID=593917665_F1_176...
2025-12-07 00:58:19.451 - __mp_main__ - ERROR - 发送回复失败，60秒后重发，消息：未识别的命令，错误：A request to the Telegram API was unsuccessful. Error code: 400. Description: Bad Request: message to be replied not found
2025-12-07 00:58:23.988 - bot115 - INFO - 115客户端初始化成功（使用持久化cookies） | ID: 593917665
2025-12-07 00:58:23.988 - bot115 - INFO - ===== 开始检查 115（2025-12-07 00:58:23）=====
2025-12-07 00:58:23.988 - bot115 - INFO - ===== 处理频道: https://t.me/s/lyy9978 =====
2025-12-07 00:58:25.365 - bot115 - INFO - 共解析到20条消息（最新的在最后）
2025-12-07 00:58:25.365 - bot115 - INFO - 检查第1新消息（ID: lyy9978/490）
2025-12-07 00:58:25.366 - bot115 - INFO - 消息 lyy9978/490 已处理，跳过
2025-12-07 00:58:25.366 - bot115 - INFO - 检查第2新消息（ID: lyy9978/489）
2025-12-07 00:58:25.366 - bot115 - INFO - 消息 lyy9978/489 已处理，跳过
2025-12-07 00:58:25.367 - bot115 - INFO - 检查第3新消息（ID: lyy9978/488）
2025-12-07 00:58:25.367 - bot115 - INFO - 消息 lyy9978/488 已处理，跳过
2025-12-07 00:58:25.367 - bot115 - INFO - 检查第4新消息（ID: lyy9978/487）
2025-12-07 00:58:25.368 - bot115 - INFO - 消息 lyy9978/487 已处理，跳过
2025-12-07 00:58:25.368 - bot115 - INFO - 检查第5新消息（ID: lyy9978/486）
2025-12-07 00:58:25.369 - bot115 - INFO - 消息 lyy9978/486 已处理，跳过
2025-12-07 00:58:25.369 - bot115 - INFO - 检查第6新消息（ID: lyy9978/485）
2025-12-07 00:58:25.369 - bot115 - INFO - 消息 lyy9978/485 已处理，跳过
2025-12-07 00:58:25.370 - bot115 - INFO - 检查第7新消息（ID: lyy9978/484）
2025-12-07 00:58:25.370 - bot115 - INFO - 消息 lyy9978/484 已处理，跳过
2025-12-07 00:58:25.370 - bot115 - INFO - 检查第8新消息（ID: lyy9978/483）
2025-12-07 00:58:25.371 - bot115 - INFO - 消息 lyy9978/483 已处理，跳过
2025-12-07 00:58:25.371 - bot115 - INFO - 检查第9新消息（ID: lyy9978/482）
2025-12-07 00:58:25.372 - bot115 - INFO - 消息 lyy9978/482 已处理，跳过
2025-12-07 00:58:25.372 - bot115 - INFO - 检查第10新消息（ID: lyy9978/481）
2025-12-07 00:58:25.373 - bot115 - INFO - 消息 lyy9978/481 已处理，跳过
2025-12-07 00:58:25.373 - bot115 - INFO - 检查第11新消息（ID: lyy9978/480）
2025-12-07 00:58:25.374 - bot115 - INFO - 消息 lyy9978/480 已处理，跳过
2025-12-07 00:58:25.374 - bot115 - INFO - 检查第12新消息（ID: lyy9978/479）
2025-12-07 00:58:25.375 - bot115 - INFO - 消息 lyy9978/479 已处理，跳过
2025-12-07 00:58:25.375 - bot115 - INFO - 检查第13新消息（ID: lyy9978/478）
2025-12-07 00:58:25.376 - bot115 - INFO - 消息 lyy9978/478 已处理，跳过
2025-12-07 00:58:25.376 - bot115 - INFO - 检查第14新消息（ID: lyy9978/477）
2025-12-07 00:58:25.377 - bot115 - INFO - 消息 lyy9978/477 已处理，跳过
2025-12-07 00:58:25.377 - bot115 - INFO - 检查第15新消息（ID: lyy9978/476）
2025-12-07 00:58:25.378 - bot115 - INFO - 消息 lyy9978/476 已处理，跳过
2025-12-07 00:58:25.378 - bot115 - INFO - 检查第16新消息（ID: lyy9978/475）
2025-12-07 00:58:25.379 - bot115 - INFO - 消息 lyy9978/475 已处理，跳过
2025-12-07 00:58:25.379 - bot115 - INFO - 检查第17新消息（ID: lyy9978/474）
2025-12-07 00:58:25.380 - bot115 - INFO - 消息 lyy9978/474 已处理，跳过
2025-12-07 00:58:25.380 - bot115 - INFO - 检查第18新消息（ID: lyy9978/473）
2025-12-07 00:58:25.381 - bot115 - INFO - 消息 lyy9978/473 已处理，跳过
2025-12-07 00:58:25.381 - bot115 - INFO - 检查第19新消息（ID: lyy9978/472）
2025-12-07 00:58:25.382 - bot115 - INFO - 消息 lyy9978/472 已处理，跳过
2025-12-07 00:58:25.382 - bot115 - INFO - 检查第20新消息（ID: lyy9978/471）
2025-12-07 00:58:25.383 - bot115 - INFO - 消息 lyy9978/471 已处理，跳过
2025-12-07 00:58:25.384 - bot115 - INFO - 发现0条新的115分享链接
2025-12-07 00:58:25.384 - bot115 - INFO - ===== 所有频道共发现0条新的115分享链接 =====
2025-12-07 00:58:25.385 - bot115 - INFO - 未发现新的115分享链接
2025-12-07 00:58:25.386 - bot189 - INFO - ===== 开始检查 天翼网盘监控 =====
2025-12-07 00:58:28.170 - __mp_main__ - INFO - 休息5分钟，当前版本 8.0.1...
2025-12-07 00:58:28.170 - __mp_main__ - INFO - 下次检查时间是：2025-12-07 01:03:28
2025-12-07 00:59:19.664 - __mp_main__ - ERROR - 发送回复失败，60秒后重发，消息：未识别的命令，错误：A request to the Telegram API was unsuccessful. Error code: 400. Description: Bad Request: message to be replied not found
2025-12-07 01:00:19.877 - __mp_main__ - ERROR - 发送回复失败，60秒后重发，消息：未识别的命令，错误：A request to the Telegram API was unsuccessful. Error code: 400. Description: Bad Request: message to be replied not found
2025-12-07 01:00:28.565 - __mp_main__ - INFO - 程序已停止
2025-12-07 01:02:27.140 - __mp_main__ - INFO - 已设置Bot命令菜单：/start, /share, /info, /add, /remove
2025-12-07 01:02:27.141 - __mp_main__ - INFO - TeleBot初始化成功
2025-12-07 01:02:27.619 - __mp_main__ - INFO - 天翼云盘正在尝试登录 ...
2025-12-07 01:02:29.292 - bot189 - INFO - 账号密码登录成功
2025-12-07 01:02:29.427 - __mp_main__ - INFO - 123转存目标目录ID: 12055189 | 检查间隔: 5分钟
2025-12-07 01:02:29.428 - __mp_main__ - INFO - 已加载持久化token
2025-12-07 01:02:29.434 - werkzeug - INFO - [31m[1mWARNING: This is a development server. Do not use it in a production deployment. Use a production WSGI server instead.[0m
 * Running on all addresses (0.0.0.0)
 * Running on http://127.0.0.1:12366
 * Running on http://192.168.5.147:12366
2025-12-07 01:02:29.434 - werkzeug - INFO - [33mPress CTRL+C to quit[0m
2025-12-07 01:02:31.325 - __mp_main__ - INFO - 123客户端初始化成功（使用持久化token）
2025-12-07 01:02:31.325 - __mp_main__ - INFO - 正在启动人形模块线程...
2025-12-07 01:02:31.326 - __mp_main__ - INFO - ⏳ [人形模块] 等待 15 秒后启动，避开 Bot 启动高峰...
2025-12-07 01:02:31.326 - __mp_main__ - INFO - 设置天翼云盘文件夹定时清理任务，每12小时执行一次
2025-12-07 01:02:31.326 - __mp_main__ - INFO - ===== 开始执行天翼云盘文件夹清理任务（2025-12-07 01:02:31）=====
2025-12-07 01:02:31.327 - __mp_main__ - INFO - 删除文件夹 224101222598913883 中的内容...
2025-12-07 01:02:31.327 - bot189 - INFO - 开始删除文件夹 224101222598913883 下的所有内容
2025-12-07 01:02:31.384 - __mp_main__ - INFO - 成功删除文件夹 224101222598913883 中的内容
2025-12-07 01:02:31.384 - __mp_main__ - INFO - 清空回收站...
2025-12-07 01:02:31.428 - __mp_main__ - INFO - 天翼网盘文件清理失败
2025-12-07 01:02:31.429 - __mp_main__ - INFO - ===== 天翼云盘文件夹清理任务执行完毕 =====
2025-12-07 01:02:31.429 - __mp_main__ - INFO - ===== 开始检查（2025-12-07 01:02:31），当前版本 8.0.1=====
2025-12-07 01:02:31.430 - __mp_main__ - INFO - 已加载持久化token
2025-12-07 01:02:32.438 - __mp_main__ - INFO - 123客户端初始化成功（使用持久化token）
2025-12-07 01:02:32.438 - __mp_main__ - INFO - ===== 处理频道: https://t.me/s/xx123pan =====
2025-12-07 01:02:32.805 - __mp_main__ - INFO - 消息 '❌天翼网盘清空回收站失败（2025-12...' ，已成功发送给用户 7070580063（第1/30次尝试）
2025-12-07 01:02:33.924 - __mp_main__ - INFO - 共解析到20条消息（最新的在最后）
2025-12-07 01:02:33.924 - __mp_main__ - INFO - 检查第1新消息（倒数第1条，ID: 13041）
2025-12-07 01:02:33.927 - __mp_main__ - INFO - 第1新消息已处理，跳过
2025-12-07 01:02:33.927 - __mp_main__ - INFO - 检查第2新消息（倒数第2条，ID: 13040）
2025-12-07 01:02:33.929 - __mp_main__ - INFO - 第2新消息已处理，跳过
2025-12-07 01:02:33.929 - __mp_main__ - INFO - 检查第3新消息（倒数第3条，ID: 13039）
2025-12-07 01:02:33.931 - __mp_main__ - INFO - 第3新消息已处理，跳过
2025-12-07 01:02:33.931 - __mp_main__ - INFO - 检查第4新消息（倒数第4条，ID: 13038）
2025-12-07 01:02:33.933 - __mp_main__ - INFO - 第4新消息已处理，跳过
2025-12-07 01:02:33.933 - __mp_main__ - INFO - 检查第5新消息（倒数第5条，ID: 13037）
2025-12-07 01:02:33.935 - __mp_main__ - INFO - 第5新消息已处理，跳过
2025-12-07 01:02:33.935 - __mp_main__ - INFO - 检查第6新消息（倒数第6条，ID: 13036）
2025-12-07 01:02:33.936 - __mp_main__ - INFO - 第6新消息已处理，跳过
2025-12-07 01:02:33.937 - __mp_main__ - INFO - 检查第7新消息（倒数第7条，ID: 13035）
2025-12-07 01:02:33.938 - __mp_main__ - INFO - 第7新消息已处理，跳过
2025-12-07 01:02:33.938 - __mp_main__ - INFO - 检查第8新消息（倒数第8条，ID: 13034）
2025-12-07 01:02:33.940 - __mp_main__ - INFO - 第8新消息已处理，跳过
2025-12-07 01:02:33.940 - __mp_main__ - INFO - 检查第9新消息（倒数第9条，ID: 13033）
2025-12-07 01:02:33.942 - __mp_main__ - INFO - 第9新消息已处理，跳过
2025-12-07 01:02:33.942 - __mp_main__ - INFO - 检查第10新消息（倒数第10条，ID: 13031）
2025-12-07 01:02:33.944 - __mp_main__ - INFO - 第10新消息已处理，跳过
2025-12-07 01:02:33.944 - __mp_main__ - INFO - 检查第11新消息（倒数第11条，ID: 13030）
2025-12-07 01:02:33.946 - __mp_main__ - INFO - 第11新消息已处理，跳过
2025-12-07 01:02:33.946 - __mp_main__ - INFO - 检查第12新消息（倒数第12条，ID: 13029）
2025-12-07 01:02:33.948 - __mp_main__ - INFO - 第12新消息已处理，跳过
2025-12-07 01:02:33.948 - __mp_main__ - INFO - 检查第13新消息（倒数第13条，ID: 13028）
2025-12-07 01:02:33.949 - __mp_main__ - INFO - 第13新消息已处理，跳过
2025-12-07 01:02:33.950 - __mp_main__ - INFO - 检查第14新消息（倒数第14条，ID: 13027）
2025-12-07 01:02:33.951 - __mp_main__ - INFO - 第14新消息已处理，跳过
2025-12-07 01:02:33.951 - __mp_main__ - INFO - 检查第15新消息（倒数第15条，ID: 13026）
2025-12-07 01:02:33.953 - __mp_main__ - INFO - 第15新消息已处理，跳过
2025-12-07 01:02:33.953 - __mp_main__ - INFO - 检查第16新消息（倒数第16条，ID: 13025）
2025-12-07 01:02:33.955 - __mp_main__ - INFO - 第16新消息已处理，跳过
2025-12-07 01:02:33.955 - __mp_main__ - INFO - 检查第17新消息（倒数第17条，ID: 13024）
2025-12-07 01:02:33.957 - __mp_main__ - INFO - 第17新消息已处理，跳过
2025-12-07 01:02:33.957 - __mp_main__ - INFO - 检查第18新消息（倒数第18条，ID: 13023）
2025-12-07 01:02:33.959 - __mp_main__ - INFO - 第18新消息已处理，跳过
2025-12-07 01:02:33.959 - __mp_main__ - INFO - 检查第19新消息（倒数第19条，ID: 13022）
2025-12-07 01:02:33.961 - __mp_main__ - INFO - 第19新消息已处理，跳过
2025-12-07 01:02:33.961 - __mp_main__ - INFO - 检查第20新消息（倒数第20条，ID: 13021）
2025-12-07 01:02:33.963 - __mp_main__ - INFO - 第20新消息已处理，跳过
2025-12-07 01:02:33.963 - __mp_main__ - INFO - 发现0条新的123分享链接
2025-12-07 01:02:33.963 - __mp_main__ - INFO - ===== 处理频道: https://t.me/s/jzmm_123pan =====
2025-12-07 01:02:35.342 - __mp_main__ - INFO - 共解析到20条消息（最新的在最后）
2025-12-07 01:02:35.342 - __mp_main__ - INFO - 检查第1新消息（倒数第1条，ID: 1329）
2025-12-07 01:02:35.344 - __mp_main__ - INFO - 第1新消息已处理，跳过
2025-12-07 01:02:35.344 - __mp_main__ - INFO - 检查第2新消息（倒数第2条，ID: 1328）
2025-12-07 01:02:35.346 - __mp_main__ - INFO - 第2新消息已处理，跳过
2025-12-07 01:02:35.346 - __mp_main__ - INFO - 检查第3新消息（倒数第3条，ID: 1327）
2025-12-07 01:02:35.348 - __mp_main__ - INFO - 第3新消息已处理，跳过
2025-12-07 01:02:35.348 - __mp_main__ - INFO - 检查第4新消息（倒数第4条，ID: 1326）
2025-12-07 01:02:35.350 - __mp_main__ - INFO - 第4新消息已处理，跳过
2025-12-07 01:02:35.350 - __mp_main__ - INFO - 检查第5新消息（倒数第5条，ID: 1325）
2025-12-07 01:02:35.352 - __mp_main__ - INFO - 第5新消息已处理，跳过
2025-12-07 01:02:35.352 - __mp_main__ - INFO - 检查第6新消息（倒数第6条，ID: 1324）
2025-12-07 01:02:35.354 - __mp_main__ - INFO - 第6新消息已处理，跳过
2025-12-07 01:02:35.354 - __mp_main__ - INFO - 检查第7新消息（倒数第7条，ID: 1323）
2025-12-07 01:02:35.356 - __mp_main__ - INFO - 第7新消息已处理，跳过
2025-12-07 01:02:35.356 - __mp_main__ - INFO - 检查第8新消息（倒数第8条，ID: 1322）
2025-12-07 01:02:35.357 - __mp_main__ - INFO - 第8新消息已处理，跳过
2025-12-07 01:02:35.358 - __mp_main__ - INFO - 检查第9新消息（倒数第9条，ID: 1321）
2025-12-07 01:02:35.360 - __mp_main__ - INFO - 第9新消息已处理，跳过
2025-12-07 01:02:35.360 - __mp_main__ - INFO - 检查第10新消息（倒数第10条，ID: 1319）
2025-12-07 01:02:35.361 - __mp_main__ - INFO - 第10新消息已处理，跳过
2025-12-07 01:02:35.362 - __mp_main__ - INFO - 检查第11新消息（倒数第11条，ID: 1318）
2025-12-07 01:02:35.364 - __mp_main__ - INFO - 第11新消息已处理，跳过
2025-12-07 01:02:35.364 - __mp_main__ - INFO - 检查第12新消息（倒数第12条，ID: 1317）
2025-12-07 01:02:35.365 - __mp_main__ - INFO - 第12新消息已处理，跳过
2025-12-07 01:02:35.366 - __mp_main__ - INFO - 检查第13新消息（倒数第13条，ID: 1316）
2025-12-07 01:02:35.367 - __mp_main__ - INFO - 第13新消息已处理，跳过
2025-12-07 01:02:35.367 - __mp_main__ - INFO - 检查第14新消息（倒数第14条，ID: 1315）
2025-12-07 01:02:35.369 - __mp_main__ - INFO - 第14新消息已处理，跳过
2025-12-07 01:02:35.369 - __mp_main__ - INFO - 检查第15新消息（倒数第15条，ID: 1314）
2025-12-07 01:02:35.371 - __mp_main__ - INFO - 第15新消息已处理，跳过
2025-12-07 01:02:35.371 - __mp_main__ - INFO - 检查第16新消息（倒数第16条，ID: 1313）
2025-12-07 01:02:35.373 - __mp_main__ - INFO - 第16新消息已处理，跳过
2025-12-07 01:02:35.373 - __mp_main__ - INFO - 检查第17新消息（倒数第17条，ID: 1312）
2025-12-07 01:02:35.375 - __mp_main__ - INFO - 第17新消息已处理，跳过
2025-12-07 01:02:35.375 - __mp_main__ - INFO - 检查第18新消息（倒数第18条，ID: 1311）
2025-12-07 01:02:35.377 - __mp_main__ - INFO - 第18新消息已处理，跳过
2025-12-07 01:02:35.378 - __mp_main__ - INFO - 检查第19新消息（倒数第19条，ID: 1310）
2025-12-07 01:02:35.380 - __mp_main__ - INFO - 第19新消息已处理，跳过
2025-12-07 01:02:35.380 - __mp_main__ - INFO - 检查第20新消息（倒数第20条，ID: 1309）
2025-12-07 01:02:35.382 - __mp_main__ - INFO - 第20新消息已处理，跳过
2025-12-07 01:02:35.382 - __mp_main__ - INFO - 发现0条新的123分享链接
2025-12-07 01:02:35.382 - __mp_main__ - INFO - ===== 所有频道共发现0条新的123分享链接 =====
2025-12-07 01:02:35.383 - __mp_main__ - INFO - 未发现新的123分享链接
2025-12-07 01:02:35.384 - bot115 - INFO - 已加载持久化cookies (清洗后): UID=593917665_F1_176...
2025-12-07 01:02:36.172 - bot115 - INFO - 115客户端初始化成功（使用持久化cookies） | ID: 593917665
2025-12-07 01:02:36.172 - bot115 - INFO - ===== 开始检查 115（2025-12-07 01:02:36）=====
2025-12-07 01:02:36.173 - bot115 - INFO - ⚙️ 初始化 HDHive 保活与签到任务...
2025-12-07 01:02:36.173 - bot115 - INFO - 🔄 执行 HDHive 保活检查...
2025-12-07 01:02:36.934 - bot115 - INFO - ✅ [HDHive] 今日已签到 (Session有效)
2025-12-07 01:02:36.935 - bot115 - INFO - ===== 处理频道: https://t.me/s/lyy9978 =====
2025-12-07 01:02:38.314 - bot115 - INFO - 共解析到20条消息（最新的在最后）
2025-12-07 01:02:38.314 - bot115 - INFO - 检查第1新消息（ID: lyy9978/490）
2025-12-07 01:02:38.315 - bot115 - INFO - 消息 lyy9978/490 已处理，跳过
2025-12-07 01:02:38.315 - bot115 - INFO - 检查第2新消息（ID: lyy9978/489）
2025-12-07 01:02:38.315 - bot115 - INFO - 消息 lyy9978/489 已处理，跳过
2025-12-07 01:02:38.315 - bot115 - INFO - 检查第3新消息（ID: lyy9978/488）
2025-12-07 01:02:38.316 - bot115 - INFO - 消息 lyy9978/488 已处理，跳过
2025-12-07 01:02:38.316 - bot115 - INFO - 检查第4新消息（ID: lyy9978/487）
2025-12-07 01:02:38.317 - bot115 - INFO - 消息 lyy9978/487 已处理，跳过
2025-12-07 01:02:38.317 - bot115 - INFO - 检查第5新消息（ID: lyy9978/486）
2025-12-07 01:02:38.317 - bot115 - INFO - 消息 lyy9978/486 已处理，跳过
2025-12-07 01:02:38.317 - bot115 - INFO - 检查第6新消息（ID: lyy9978/485）
2025-12-07 01:02:38.318 - bot115 - INFO - 消息 lyy9978/485 已处理，跳过
2025-12-07 01:02:38.318 - bot115 - INFO - 检查第7新消息（ID: lyy9978/484）
2025-12-07 01:02:38.319 - bot115 - INFO - 消息 lyy9978/484 已处理，跳过
2025-12-07 01:02:38.319 - bot115 - INFO - 检查第8新消息（ID: lyy9978/483）
2025-12-07 01:02:38.320 - bot115 - INFO - 消息 lyy9978/483 已处理，跳过
2025-12-07 01:02:38.320 - bot115 - INFO - 检查第9新消息（ID: lyy9978/482）
2025-12-07 01:02:38.321 - bot115 - INFO - 消息 lyy9978/482 已处理，跳过
2025-12-07 01:02:38.322 - bot115 - INFO - 检查第10新消息（ID: lyy9978/481）
2025-12-07 01:02:38.322 - bot115 - INFO - 消息 lyy9978/481 已处理，跳过
2025-12-07 01:02:38.323 - bot115 - INFO - 检查第11新消息（ID: lyy9978/480）
2025-12-07 01:02:38.323 - bot115 - INFO - 消息 lyy9978/480 已处理，跳过
2025-12-07 01:02:38.323 - bot115 - INFO - 检查第12新消息（ID: lyy9978/479）
2025-12-07 01:02:38.324 - bot115 - INFO - 消息 lyy9978/479 已处理，跳过
2025-12-07 01:02:38.324 - bot115 - INFO - 检查第13新消息（ID: lyy9978/478）
2025-12-07 01:02:38.325 - bot115 - INFO - 消息 lyy9978/478 已处理，跳过
2025-12-07 01:02:38.325 - bot115 - INFO - 检查第14新消息（ID: lyy9978/477）
2025-12-07 01:02:38.326 - bot115 - INFO - 消息 lyy9978/477 已处理，跳过
2025-12-07 01:02:38.326 - bot115 - INFO - 检查第15新消息（ID: lyy9978/476）
2025-12-07 01:02:38.327 - bot115 - INFO - 消息 lyy9978/476 已处理，跳过
2025-12-07 01:02:38.327 - bot115 - INFO - 检查第16新消息（ID: lyy9978/475）
2025-12-07 01:02:38.328 - bot115 - INFO - 消息 lyy9978/475 已处理，跳过
2025-12-07 01:02:38.328 - bot115 - INFO - 检查第17新消息（ID: lyy9978/474）
2025-12-07 01:02:38.328 - bot115 - INFO - 消息 lyy9978/474 已处理，跳过
2025-12-07 01:02:38.329 - bot115 - INFO - 检查第18新消息（ID: lyy9978/473）
2025-12-07 01:02:38.329 - bot115 - INFO - 消息 lyy9978/473 已处理，跳过
2025-12-07 01:02:38.329 - bot115 - INFO - 检查第19新消息（ID: lyy9978/472）
2025-12-07 01:02:38.330 - bot115 - INFO - 消息 lyy9978/472 已处理，跳过
2025-12-07 01:02:38.330 - bot115 - INFO - 检查第20新消息（ID: lyy9978/471）
2025-12-07 01:02:38.331 - bot115 - INFO - 消息 lyy9978/471 已处理，跳过
2025-12-07 01:02:38.331 - bot115 - INFO - 发现0条新的115分享链接
2025-12-07 01:02:38.331 - bot115 - INFO - ===== 所有频道共发现0条新的115分享链接 =====
2025-12-07 01:02:38.332 - bot115 - INFO - 未发现新的115分享链接
2025-12-07 01:02:38.333 - bot189 - INFO - ===== 开始检查 天翼网盘监控 =====
2025-12-07 01:02:41.158 - __mp_main__ - INFO - 休息5分钟，当前版本 8.0.1...
2025-12-07 01:02:41.158 - __mp_main__ - INFO - 下次检查时间是：2025-12-07 01:07:41
2025-12-07 01:02:46.330 - __mp_main__ - INFO - 🔄 [人形模块] 连接中...
2025-12-07 01:02:47.992 - __mp_main__ - INFO - ✅ [人形模块] 🎉🎉就绪🎉🎉！用户💃🏻: ҈路҈人҈
2025-12-07 01:02:56.392 - __mp_main__ - INFO - 已加载持久化token
2025-12-07 01:02:56.415 - __mp_main__ - INFO - 进入handle_general_message
2025-12-07 01:02:56.416 - __mp_main__ - INFO - 已加载持久化token
2025-12-07 01:02:57.323 - __mp_main__ - INFO - 123客户端初始化成功（使用持久化token）
2025-12-07 01:02:57.337 - __mp_main__ - INFO - 123客户端初始化成功（使用持久化token）
2025-12-07 01:02:57.757 - __mp_main__ - INFO - 消息 '未识别的命令...' ，已成功发送给用户 7070580063（第1/30次尝试）
2025-12-07 01:02:58.263 - __mp_main__ - INFO - 准备批量处理1个文件夹结果
2025-12-07 01:02:58.263 - __mp_main__ - INFO - 开始处理1个文件夹项目，query_level=4
2025-12-07 01:02:58.263 - __mp_main__ - INFO - 第一轮查询（第1层父目录）：1个ID，处理1个文件
2025-12-07 01:02:58.263 - __mp_main__ - INFO - 第1轮查询（剩余层级：4）：1个ID
2025-12-07 01:02:58.263 - __mp_main__ - INFO - 请求以下父目录ID详情：['14298684']
2025-12-07 01:02:59.009 - __mp_main__ - INFO - 第2轮查询（剩余层级：3）：1个ID
2025-12-07 01:02:59.010 - __mp_main__ - INFO - 请求以下父目录ID详情：['14055940']
2025-12-07 01:02:59.726 - __mp_main__ - INFO - 第3轮查询（剩余层级：2）：1个ID
2025-12-07 01:02:59.726 - __mp_main__ - INFO - 请求以下父目录ID详情：['14053434']
2025-12-07 01:03:00.011 - __mp_main__ - INFO - 进入handle_general_message
2025-12-07 01:03:00.012 - __mp_main__ - INFO - 已加载持久化token
2025-12-07 01:03:00.565 - __mp_main__ - INFO - 第4轮无父ID可查，提前结束
2025-12-07 01:03:00.566 - __mp_main__ - INFO - 4轮查询已完成，开始从全局缓存中继续构建路径（不发起新请求）
2025-12-07 01:03:00.566 - __mp_main__ - INFO - 批量路径构建完成，生成1个文件路径（query_level=4，缓存补充完成）
2025-12-07 01:03:00.865 - __mp_main__ - INFO - 123客户端初始化成功（使用持久化token）
2025-12-07 01:03:01.283 - __mp_main__ - INFO - 消息 '未识别的命令...' ，已成功发送给用户 7070580063（第1/30次尝试）
2025-12-07 01:03:07.466 - __mp_main__ - INFO - 进入handle_general_message
2025-12-07 01:03:07.470 - __mp_main__ - INFO - 已加载持久化token
2025-12-07 01:03:07.656 - __mp_main__ - INFO - 已加载持久化token
2025-12-07 01:03:07.816 - __mp_main__ - INFO - 进入handle_general_message
2025-12-07 01:03:08.393 - __mp_main__ - INFO - 123客户端初始化成功（使用持久化token）
2025-12-07 01:03:08.394 - __mp_main__ - INFO - 已加载持久化token
2025-12-07 01:03:08.507 - __mp_main__ - INFO - 123客户端初始化成功（使用持久化token）
2025-12-07 01:03:08.507 - __mp_main__ - INFO - 获取目录内容 (ID: 19470245, commonPath: '铁血战士：杀戮之地 (2025) {tmdb-1242898}', 相对路径: '')
2025-12-07 01:03:08.507 - __mp_main__ - INFO - 请求目录列表: https://open-api.123pan.com/api/v2/file/list, 参数: {'parentFileId': '19470245', 'trashed': 0, 'limit': 100, 'lastFileId': 0}
2025-12-07 01:03:08.615 - __mp_main__ - ERROR - 发送回复失败，60秒后重发，消息：未识别的命令，错误：A request to the Telegram API was unsuccessful. Error code: 400. Description: Bad Request: message to be replied not found
2025-12-07 01:03:09.320 - __mp_main__ - INFO - 123客户端初始化成功（使用持久化token）
2025-12-07 01:03:09.445 - __mp_main__ - INFO - 找到 2 个文件 (ID: 19470245)
2025-12-07 01:03:10.656 - __mp_main__ - INFO - 消息 '未识别的命令...' ，已成功发送给用户 7070580063（第1/30次尝试）
2025-12-07 01:03:14.865 - __mp_main__ - INFO - 进入转存json

2025-12-07 01:03:17.363 - __mp_main__ - INFO - 检测到对象格式的妙传文件
2025-12-07 01:03:17.364 - __mp_main__ - INFO - 已加载持久化token
2025-12-07 01:03:18.188 - __mp_main__ - INFO - 123客户端初始化成功（使用持久化token）
2025-12-07 01:03:18.639 - __mp_main__ - INFO - ✅:铁血战士：杀戮之地 (2025) {tmdb-1242898}/铁血战士：杀戮之地 (2025) - 1080p.AVC.AC3 2.0.mkv
2025-12-07 01:03:18.970 - __mp_main__ - INFO - ✅:铁血战士：杀戮之地 (2025) {tmdb-1242898}/铁血战士：杀戮之地 (2025) - 1080p.AVC.AC3 2.0.nfo
2025-12-07 01:03:20.480 - __mp_main__ - INFO - 消息 '✅ JSON文件转存完成！✅成功: 2个...' ，已成功发送给用户 7070580063（第1/30次尝试）
2025-12-07 01:04:08.841 - __mp_main__ - ERROR - 发送回复失败，60秒后重发，消息：未识别的命令，错误：A request to the Telegram API was unsuccessful. Error code: 400. Description: Bad Request: message to be replied not found
2025-12-07 01:05:09.063 - __mp_main__ - ERROR - 发送回复失败，60秒后重发，消息：未识别的命令，错误：A request to the Telegram API was unsuccessful. Error code: 400. Description: Bad Request: message to be replied not found
2025-12-07 01:06:09.301 - __mp_main__ - ERROR - 发送回复失败，60秒后重发，消息：未识别的命令，错误：A request to the Telegram API was unsuccessful. Error code: 400. Description: Bad Request: message to be replied not found
2025-12-07 01:07:09.519 - __mp_main__ - ERROR - 发送回复失败，60秒后重发，消息：未识别的命令，错误：A request to the Telegram API was unsuccessful. Error code: 400. Description: Bad Request: message to be replied not found
2025-12-07 01:07:41.380 - __mp_main__ - INFO - ===== 开始检查（2025-12-07 01:07:41），当前版本 8.0.1=====
2025-12-07 01:07:41.380 - __mp_main__ - INFO - 已加载持久化token
2025-12-07 01:07:42.159 - __mp_main__ - INFO - 123客户端初始化成功（使用持久化token）
2025-12-07 01:07:42.159 - __mp_main__ - INFO - ===== 处理频道: https://t.me/s/xx123pan =====
2025-12-07 01:07:43.574 - __mp_main__ - INFO - 共解析到20条消息（最新的在最后）
2025-12-07 01:07:43.574 - __mp_main__ - INFO - 检查第1新消息（倒数第1条，ID: 13041）
2025-12-07 01:07:43.576 - __mp_main__ - INFO - 第1新消息已处理，跳过
2025-12-07 01:07:43.576 - __mp_main__ - INFO - 检查第2新消息（倒数第2条，ID: 13040）
2025-12-07 01:07:43.578 - __mp_main__ - INFO - 第2新消息已处理，跳过
2025-12-07 01:07:43.578 - __mp_main__ - INFO - 检查第3新消息（倒数第3条，ID: 13039）
2025-12-07 01:07:43.581 - __mp_main__ - INFO - 第3新消息已处理，跳过
2025-12-07 01:07:43.581 - __mp_main__ - INFO - 检查第4新消息（倒数第4条，ID: 13038）
2025-12-07 01:07:43.583 - __mp_main__ - INFO - 第4新消息已处理，跳过
2025-12-07 01:07:43.583 - __mp_main__ - INFO - 检查第5新消息（倒数第5条，ID: 13037）
2025-12-07 01:07:43.584 - __mp_main__ - INFO - 第5新消息已处理，跳过
2025-12-07 01:07:43.584 - __mp_main__ - INFO - 检查第6新消息（倒数第6条，ID: 13036）
2025-12-07 01:07:43.586 - __mp_main__ - INFO - 第6新消息已处理，跳过
2025-12-07 01:07:43.586 - __mp_main__ - INFO - 检查第7新消息（倒数第7条，ID: 13035）
2025-12-07 01:07:43.588 - __mp_main__ - INFO - 第7新消息已处理，跳过
2025-12-07 01:07:43.588 - __mp_main__ - INFO - 检查第8新消息（倒数第8条，ID: 13034）
2025-12-07 01:07:43.590 - __mp_main__ - INFO - 第8新消息已处理，跳过
2025-12-07 01:07:43.590 - __mp_main__ - INFO - 检查第9新消息（倒数第9条，ID: 13033）
2025-12-07 01:07:43.592 - __mp_main__ - INFO - 第9新消息已处理，跳过
2025-12-07 01:07:43.592 - __mp_main__ - INFO - 检查第10新消息（倒数第10条，ID: 13031）
2025-12-07 01:07:43.594 - __mp_main__ - INFO - 第10新消息已处理，跳过
2025-12-07 01:07:43.594 - __mp_main__ - INFO - 检查第11新消息（倒数第11条，ID: 13030）
2025-12-07 01:07:43.596 - __mp_main__ - INFO - 第11新消息已处理，跳过
2025-12-07 01:07:43.596 - __mp_main__ - INFO - 检查第12新消息（倒数第12条，ID: 13029）
2025-12-07 01:07:43.597 - __mp_main__ - INFO - 第12新消息已处理，跳过
2025-12-07 01:07:43.598 - __mp_main__ - INFO - 检查第13新消息（倒数第13条，ID: 13028）
2025-12-07 01:07:43.599 - __mp_main__ - INFO - 第13新消息已处理，跳过
2025-12-07 01:07:43.599 - __mp_main__ - INFO - 检查第14新消息（倒数第14条，ID: 13027）
2025-12-07 01:07:43.601 - __mp_main__ - INFO - 第14新消息已处理，跳过
2025-12-07 01:07:43.601 - __mp_main__ - INFO - 检查第15新消息（倒数第15条，ID: 13026）
2025-12-07 01:07:43.603 - __mp_main__ - INFO - 第15新消息已处理，跳过
2025-12-07 01:07:43.603 - __mp_main__ - INFO - 检查第16新消息（倒数第16条，ID: 13025）
2025-12-07 01:07:43.605 - __mp_main__ - INFO - 第16新消息已处理，跳过
2025-12-07 01:07:43.605 - __mp_main__ - INFO - 检查第17新消息（倒数第17条，ID: 13024）
2025-12-07 01:07:43.607 - __mp_main__ - INFO - 第17新消息已处理，跳过
2025-12-07 01:07:43.607 - __mp_main__ - INFO - 检查第18新消息（倒数第18条，ID: 13023）
2025-12-07 01:07:43.609 - __mp_main__ - INFO - 第18新消息已处理，跳过
2025-12-07 01:07:43.609 - __mp_main__ - INFO - 检查第19新消息（倒数第19条，ID: 13022）
2025-12-07 01:07:43.610 - __mp_main__ - INFO - 第19新消息已处理，跳过
2025-12-07 01:07:43.611 - __mp_main__ - INFO - 检查第20新消息（倒数第20条，ID: 13021）
2025-12-07 01:07:43.612 - __mp_main__ - INFO - 第20新消息已处理，跳过
2025-12-07 01:07:43.612 - __mp_main__ - INFO - 发现0条新的123分享链接
2025-12-07 01:07:43.612 - __mp_main__ - INFO - ===== 处理频道: https://t.me/s/jzmm_123pan =====
2025-12-07 01:07:44.956 - __mp_main__ - INFO - 共解析到20条消息（最新的在最后）
2025-12-07 01:07:44.956 - __mp_main__ - INFO - 检查第1新消息（倒数第1条，ID: 1329）
2025-12-07 01:07:44.958 - __mp_main__ - INFO - 第1新消息已处理，跳过
2025-12-07 01:07:44.958 - __mp_main__ - INFO - 检查第2新消息（倒数第2条，ID: 1328）
2025-12-07 01:07:44.960 - __mp_main__ - INFO - 第2新消息已处理，跳过
2025-12-07 01:07:44.960 - __mp_main__ - INFO - 检查第3新消息（倒数第3条，ID: 1327）
2025-12-07 01:07:44.961 - __mp_main__ - INFO - 第3新消息已处理，跳过
2025-12-07 01:07:44.961 - __mp_main__ - INFO - 检查第4新消息（倒数第4条，ID: 1326）
2025-12-07 01:07:44.963 - __mp_main__ - INFO - 第4新消息已处理，跳过
2025-12-07 01:07:44.964 - __mp_main__ - INFO - 检查第5新消息（倒数第5条，ID: 1325）
2025-12-07 01:07:44.965 - __mp_main__ - INFO - 第5新消息已处理，跳过
2025-12-07 01:07:44.966 - __mp_main__ - INFO - 检查第6新消息（倒数第6条，ID: 1324）
2025-12-07 01:07:44.967 - __mp_main__ - INFO - 第6新消息已处理，跳过
2025-12-07 01:07:44.967 - __mp_main__ - INFO - 检查第7新消息（倒数第7条，ID: 1323）
2025-12-07 01:07:44.969 - __mp_main__ - INFO - 第7新消息已处理，跳过
2025-12-07 01:07:44.969 - __mp_main__ - INFO - 检查第8新消息（倒数第8条，ID: 1322）
2025-12-07 01:07:44.971 - __mp_main__ - INFO - 第8新消息已处理，跳过
2025-12-07 01:07:44.971 - __mp_main__ - INFO - 检查第9新消息（倒数第9条，ID: 1321）
2025-12-07 01:07:44.973 - __mp_main__ - INFO - 第9新消息已处理，跳过
2025-12-07 01:07:44.973 - __mp_main__ - INFO - 检查第10新消息（倒数第10条，ID: 1319）
2025-12-07 01:07:44.975 - __mp_main__ - INFO - 第10新消息已处理，跳过
2025-12-07 01:07:44.975 - __mp_main__ - INFO - 检查第11新消息（倒数第11条，ID: 1318）
2025-12-07 01:07:44.977 - __mp_main__ - INFO - 第11新消息已处理，跳过
2025-12-07 01:07:44.977 - __mp_main__ - INFO - 检查第12新消息（倒数第12条，ID: 1317）
2025-12-07 01:07:44.979 - __mp_main__ - INFO - 第12新消息已处理，跳过
2025-12-07 01:07:44.979 - __mp_main__ - INFO - 检查第13新消息（倒数第13条，ID: 1316）
2025-12-07 01:07:44.981 - __mp_main__ - INFO - 第13新消息已处理，跳过
2025-12-07 01:07:44.981 - __mp_main__ - INFO - 检查第14新消息（倒数第14条，ID: 1315）
2025-12-07 01:07:44.982 - __mp_main__ - INFO - 第14新消息已处理，跳过
2025-12-07 01:07:44.982 - __mp_main__ - INFO - 检查第15新消息（倒数第15条，ID: 1314）
2025-12-07 01:07:44.984 - __mp_main__ - INFO - 第15新消息已处理，跳过
2025-12-07 01:07:44.984 - __mp_main__ - INFO - 检查第16新消息（倒数第16条，ID: 1313）
2025-12-07 01:07:44.986 - __mp_main__ - INFO - 第16新消息已处理，跳过
2025-12-07 01:07:44.986 - __mp_main__ - INFO - 检查第17新消息（倒数第17条，ID: 1312）
2025-12-07 01:07:44.988 - __mp_main__ - INFO - 第17新消息已处理，跳过
2025-12-07 01:07:44.988 - __mp_main__ - INFO - 检查第18新消息（倒数第18条，ID: 1311）
2025-12-07 01:07:44.990 - __mp_main__ - INFO - 第18新消息已处理，跳过
2025-12-07 01:07:44.991 - __mp_main__ - INFO - 检查第19新消息（倒数第19条，ID: 1310）
2025-12-07 01:07:44.992 - __mp_main__ - INFO - 第19新消息已处理，跳过
2025-12-07 01:07:44.992 - __mp_main__ - INFO - 检查第20新消息（倒数第20条，ID: 1309）
2025-12-07 01:07:44.994 - __mp_main__ - INFO - 第20新消息已处理，跳过
2025-12-07 01:07:44.994 - __mp_main__ - INFO - 发现0条新的123分享链接
2025-12-07 01:07:44.994 - __mp_main__ - INFO - ===== 所有频道共发现0条新的123分享链接 =====
2025-12-07 01:07:44.995 - __mp_main__ - INFO - 未发现新的123分享链接
2025-12-07 01:07:44.996 - bot115 - INFO - 已加载持久化cookies (清洗后): UID=593917665_F1_176...
2025-12-07 01:07:45.755 - bot115 - INFO - 115客户端初始化成功（使用持久化cookies） | ID: 593917665
2025-12-07 01:07:45.755 - bot115 - INFO - ===== 开始检查 115（2025-12-07 01:07:45）=====
2025-12-07 01:07:45.755 - bot115 - INFO - ===== 处理频道: https://t.me/s/lyy9978 =====
2025-12-07 01:07:47.127 - bot115 - INFO - 共解析到20条消息（最新的在最后）
2025-12-07 01:07:47.127 - bot115 - INFO - 检查第1新消息（ID: lyy9978/490）
2025-12-07 01:07:47.128 - bot115 - INFO - 消息 lyy9978/490 已处理，跳过
2025-12-07 01:07:47.128 - bot115 - INFO - 检查第2新消息（ID: lyy9978/489）
2025-12-07 01:07:47.129 - bot115 - INFO - 消息 lyy9978/489 已处理，跳过
2025-12-07 01:07:47.129 - bot115 - INFO - 检查第3新消息（ID: lyy9978/488）
2025-12-07 01:07:47.130 - bot115 - INFO - 消息 lyy9978/488 已处理，跳过
2025-12-07 01:07:47.130 - bot115 - INFO - 检查第4新消息（ID: lyy9978/487）
2025-12-07 01:07:47.131 - bot115 - INFO - 消息 lyy9978/487 已处理，跳过
2025-12-07 01:07:47.131 - bot115 - INFO - 检查第5新消息（ID: lyy9978/486）
2025-12-07 01:07:47.131 - bot115 - INFO - 消息 lyy9978/486 已处理，跳过
2025-12-07 01:07:47.131 - bot115 - INFO - 检查第6新消息（ID: lyy9978/485）
2025-12-07 01:07:47.131 - bot115 - INFO - 消息 lyy9978/485 已处理，跳过
2025-12-07 01:07:47.132 - bot115 - INFO - 检查第7新消息（ID: lyy9978/484）
2025-12-07 01:07:47.132 - bot115 - INFO - 消息 lyy9978/484 已处理，跳过
2025-12-07 01:07:47.132 - bot115 - INFO - 检查第8新消息（ID: lyy9978/483）
2025-12-07 01:07:47.133 - bot115 - INFO - 消息 lyy9978/483 已处理，跳过
2025-12-07 01:07:47.133 - bot115 - INFO - 检查第9新消息（ID: lyy9978/482）
2025-12-07 01:07:47.134 - bot115 - INFO - 消息 lyy9978/482 已处理，跳过
2025-12-07 01:07:47.134 - bot115 - INFO - 检查第10新消息（ID: lyy9978/481）
2025-12-07 01:07:47.134 - bot115 - INFO - 消息 lyy9978/481 已处理，跳过
2025-12-07 01:07:47.135 - bot115 - INFO - 检查第11新消息（ID: lyy9978/480）
2025-12-07 01:07:47.135 - bot115 - INFO - 消息 lyy9978/480 已处理，跳过
2025-12-07 01:07:47.135 - bot115 - INFO - 检查第12新消息（ID: lyy9978/479）
2025-12-07 01:07:47.136 - bot115 - INFO - 消息 lyy9978/479 已处理，跳过
2025-12-07 01:07:47.136 - bot115 - INFO - 检查第13新消息（ID: lyy9978/478）
2025-12-07 01:07:47.137 - bot115 - INFO - 消息 lyy9978/478 已处理，跳过
2025-12-07 01:07:47.137 - bot115 - INFO - 检查第14新消息（ID: lyy9978/477）
2025-12-07 01:07:47.138 - bot115 - INFO - 消息 lyy9978/477 已处理，跳过
2025-12-07 01:07:47.138 - bot115 - INFO - 检查第15新消息（ID: lyy9978/476）
2025-12-07 01:07:47.139 - bot115 - INFO - 消息 lyy9978/476 已处理，跳过
2025-12-07 01:07:47.139 - bot115 - INFO - 检查第16新消息（ID: lyy9978/475）
2025-12-07 01:07:47.140 - bot115 - INFO - 消息 lyy9978/475 已处理，跳过
2025-12-07 01:07:47.140 - bot115 - INFO - 检查第17新消息（ID: lyy9978/474）
2025-12-07 01:07:47.141 - bot115 - INFO - 消息 lyy9978/474 已处理，跳过
2025-12-07 01:07:47.141 - bot115 - INFO - 检查第18新消息（ID: lyy9978/473）
2025-12-07 01:07:47.142 - bot115 - INFO - 消息 lyy9978/473 已处理，跳过
2025-12-07 01:07:47.142 - bot115 - INFO - 检查第19新消息（ID: lyy9978/472）
2025-12-07 01:07:47.143 - bot115 - INFO - 消息 lyy9978/472 已处理，跳过
2025-12-07 01:07:47.143 - bot115 - INFO - 检查第20新消息（ID: lyy9978/471）
2025-12-07 01:07:47.144 - bot115 - INFO - 消息 lyy9978/471 已处理，跳过
2025-12-07 01:07:47.144 - bot115 - INFO - 发现0条新的115分享链接
2025-12-07 01:07:47.144 - bot115 - INFO - ===== 所有频道共发现0条新的115分享链接 =====
2025-12-07 01:07:47.145 - bot115 - INFO - 未发现新的115分享链接
2025-12-07 01:07:47.146 - bot189 - INFO - ===== 开始检查 天翼网盘监控 =====
2025-12-07 01:07:49.997 - __mp_main__ - INFO - 休息5分钟，当前版本 8.0.1...
2025-12-07 01:07:49.997 - __mp_main__ - INFO - 下次检查时间是：2025-12-07 01:12:49
2025-12-07 01:08:09.737 - __mp_main__ - ERROR - 发送回复失败，60秒后重发，消息：未识别的命令，错误：A request to the Telegram API was unsuccessful. Error code: 400. Description: Bad Request: message to be replied not found
2025-12-07 01:09:09.954 - __mp_main__ - ERROR - 发送回复失败，60秒后重发，消息：未识别的命令，错误：A request to the Telegram API was unsuccessful. Error code: 400. Description: Bad Request: message to be replied not found
2025-12-07 01:10:10.176 - __mp_main__ - ERROR - 发送回复失败，60秒后重发，消息：未识别的命令，错误：A request to the Telegram API was unsuccessful. Error code: 400. Description: Bad Request: message to be replied not found
2025-12-07 01:11:10.413 - __mp_main__ - ERROR - 发送回复失败，60秒后重发，消息：未识别的命令，错误：A request to the Telegram API was unsuccessful. Error code: 400. Description: Bad Request: message to be replied not found
2025-12-07 01:12:10.632 - __mp_main__ - ERROR - 发送回复失败，60秒后重发，消息：未识别的命令，错误：A request to the Telegram API was unsuccessful. Error code: 400. Description: Bad Request: message to be replied not found
2025-12-07 01:12:43.520 - __mp_main__ - INFO - 程序已停止
