2025-11-21 23:29:06.021 - __main__ - INFO - 子进程 33788 已启动
2025-11-21 23:29:06.021 - __main__ - INFO - 下一次计划清理内存时间: 2025-11-22 03:00:00
2025-11-21 23:33:14.379 - __main__ - INFO - 接收到中断信号，正在终止子进程...
2025-11-21 23:33:14.411 - __main__ - INFO - 程序已停止
2025-11-21 23:46:14.842 - __main__ - INFO - 子进程 15520 已启动
2025-11-21 23:46:14.842 - __main__ - INFO - 下一次计划清理内存时间: 2025-11-22 03:00:00
2025-11-21 23:46:44.849 - __main__ - INFO - 子进程 15520 已退出，等待5秒后重启
2025-11-21 23:46:49.869 - __main__ - INFO - 子进程 36572 已启动
2025-11-21 23:46:49.869 - __main__ - INFO - 下一次计划清理内存时间: 2025-11-22 03:00:00
2025-11-21 23:47:09.872 - __main__ - INFO - 子进程 36572 已退出，等待5秒后重启
2025-11-21 23:47:14.899 - __main__ - INFO - 子进程 36128 已启动
2025-11-21 23:47:14.900 - __main__ - INFO - 下一次计划清理内存时间: 2025-11-22 03:00:00
2025-11-21 23:47:34.902 - __main__ - INFO - 子进程 36128 已退出，等待5秒后重启
2025-11-21 23:47:39.917 - __main__ - INFO - 子进程 29864 已启动
2025-11-21 23:47:39.918 - __main__ - INFO - 下一次计划清理内存时间: 2025-11-22 03:00:00
2025-11-21 23:47:59.920 - __main__ - INFO - 子进程 29864 已退出，等待5秒后重启
2025-11-21 23:48:04.931 - __main__ - INFO - 子进程 36164 已启动
2025-11-21 23:48:04.932 - __main__ - INFO - 下一次计划清理内存时间: 2025-11-22 03:00:00
2025-11-21 23:48:24.933 - __main__ - INFO - 子进程 36164 已退出，等待5秒后重启
2025-11-21 23:48:29.942 - __main__ - INFO - 子进程 36016 已启动
2025-11-21 23:48:29.943 - __main__ - INFO - 下一次计划清理内存时间: 2025-11-22 03:00:00
2025-11-21 23:48:49.944 - __main__ - INFO - 子进程 36016 已退出，等待5秒后重启
2025-11-21 23:48:54.951 - __main__ - INFO - 子进程 36572 已启动
2025-11-21 23:48:54.951 - __main__ - INFO - 下一次计划清理内存时间: 2025-11-22 03:00:00
2025-11-21 23:49:14.953 - __main__ - INFO - 子进程 36572 已退出，等待5秒后重启
2025-11-21 23:49:19.970 - __main__ - INFO - 子进程 35900 已启动
2025-11-21 23:49:19.971 - __main__ - INFO - 下一次计划清理内存时间: 2025-11-22 03:00:00
2025-11-21 23:49:39.972 - __main__ - INFO - 子进程 35900 已退出，等待5秒后重启
2025-11-21 23:49:44.995 - __main__ - INFO - 子进程 35920 已启动
2025-11-21 23:49:44.995 - __main__ - INFO - 下一次计划清理内存时间: 2025-11-22 03:00:00
2025-11-21 23:49:56.401 - __main__ - INFO - 接收到中断信号，正在终止子进程...
2025-11-21 23:49:56.413 - __main__ - INFO - 程序已停止
2025-11-22 23:50:27.351 - __main__ - INFO - 子进程 26828 已启动
2025-11-22 23:50:27.351 - __main__ - INFO - 下一次计划清理内存时间: 2025-11-23 03:00:00
2025-11-22 23:52:05.033 - __main__ - INFO - 接收到中断信号，正在终止子进程...
2025-11-22 23:52:05.044 - __main__ - INFO - 程序已停止
2025-11-22 23:52:12.158 - __main__ - INFO - 子进程 13204 已启动
2025-11-22 23:52:12.159 - __main__ - INFO - 下一次计划清理内存时间: 2025-11-23 03:00:00
2025-11-22 23:53:32.163 - __main__ - INFO - 子进程 13204 已退出，等待5秒后重启
2025-11-22 23:53:37.182 - __main__ - INFO - 子进程 4664 已启动
2025-11-22 23:53:37.182 - __main__ - INFO - 下一次计划清理内存时间: 2025-11-23 03:00:00
2025-11-22 23:53:57.185 - __main__ - INFO - 子进程 4664 已退出，等待5秒后重启
2025-11-22 23:54:02.194 - __main__ - INFO - 子进程 26804 已启动
2025-11-22 23:54:02.194 - __main__ - INFO - 下一次计划清理内存时间: 2025-11-23 03:00:00
2025-11-22 23:54:22.197 - __main__ - INFO - 子进程 26804 已退出，等待5秒后重启
2025-11-22 23:54:27.208 - __main__ - INFO - 子进程 28080 已启动
2025-11-22 23:54:27.208 - __main__ - INFO - 下一次计划清理内存时间: 2025-11-23 03:00:00
2025-11-22 23:54:47.211 - __main__ - INFO - 子进程 28080 已退出，等待5秒后重启
2025-11-22 23:54:52.222 - __main__ - INFO - 子进程 8108 已启动
2025-11-22 23:54:52.223 - __main__ - INFO - 下一次计划清理内存时间: 2025-11-23 03:00:00
2025-11-22 23:55:12.225 - __main__ - INFO - 子进程 8108 已退出，等待5秒后重启
2025-11-22 23:55:17.235 - __main__ - INFO - 子进程 7020 已启动
2025-11-22 23:55:17.235 - __main__ - INFO - 下一次计划清理内存时间: 2025-11-23 03:00:00
2025-11-22 23:55:37.236 - __main__ - INFO - 子进程 7020 已退出，等待5秒后重启
2025-11-22 23:55:42.243 - __main__ - INFO - 子进程 7524 已启动
2025-11-22 23:55:42.243 - __main__ - INFO - 下一次计划清理内存时间: 2025-11-23 03:00:00
2025-11-22 23:56:02.245 - __main__ - INFO - 子进程 7524 已退出，等待5秒后重启
2025-11-22 23:56:07.251 - __main__ - INFO - 子进程 1752 已启动
2025-11-22 23:56:07.252 - __main__ - INFO - 下一次计划清理内存时间: 2025-11-23 03:00:00
2025-11-22 23:56:22.766 - __main__ - INFO - 接收到中断信号，正在终止子进程...
2025-11-22 23:56:22.767 - __main__ - INFO - 程序已停止
2025-11-23 14:47:56.179 - __main__ - INFO - 子进程 35380 已启动
2025-11-23 14:47:56.179 - __main__ - INFO - 下一次计划清理内存时间: 2025-11-24 03:00:00
2025-11-23 14:50:46.090 - __main__ - INFO - 接收到中断信号，正在终止子进程...
2025-11-23 14:50:46.116 - __main__ - INFO - 程序已停止
2025-11-23 14:50:52.581 - __main__ - INFO - 子进程 22312 已启动
2025-11-23 14:50:52.581 - __main__ - INFO - 下一次计划清理内存时间: 2025-11-24 03:00:00
2025-11-23 14:55:57.830 - __main__ - INFO - 接收到中断信号，正在终止子进程...
2025-11-23 14:55:57.857 - __main__ - INFO - 程序已停止
2025-11-23 15:04:06.766 - __main__ - ERROR - 由于网络等原因无法与TG Bot建立通信，30秒后重试...: A request to the Telegram API was unsuccessful. Error code: 429. Description: Too Many Requests: retry after 111
2025-11-23 15:04:40.880 - __main__ - ERROR - 由于网络等原因无法与TG Bot建立通信，30秒后重试...: A request to the Telegram API was unsuccessful. Error code: 429. Description: Too Many Requests: retry after 77
2025-11-23 15:07:35.297 - __main__ - INFO - 子进程 1536 已启动
2025-11-23 15:07:35.297 - __main__ - INFO - 下一次计划清理内存时间: 2025-11-24 03:00:00
2025-11-23 15:07:56.432 - __main__ - INFO - 接收到中断信号，正在终止子进程...
2025-11-23 15:07:56.457 - __main__ - INFO - 程序已停止
2025-11-23 15:08:06.359 - __main__ - INFO - 子进程 34552 已启动
2025-11-23 15:08:06.360 - __main__ - INFO - 下一次计划清理内存时间: 2025-11-24 03:00:00
2025-11-23 15:17:36.601 - __main__ - INFO - 接收到中断信号，正在终止子进程...
2025-11-23 15:17:36.640 - __main__ - INFO - 程序已停止
2025-11-23 15:17:43.469 - __main__ - INFO - 子进程 1516 已启动
2025-11-23 15:17:43.470 - __main__ - INFO - 下一次计划清理内存时间: 2025-11-24 03:00:00
2025-11-23 15:22:15.376 - __main__ - INFO - 接收到中断信号，正在终止子进程...
2025-11-23 15:22:15.395 - __main__ - INFO - 程序已停止
2025-11-23 15:42:15.837 - __main__ - INFO - 子进程 33264 已启动
2025-11-23 15:42:15.837 - __main__ - INFO - 下一次计划清理内存时间: 2025-11-24 03:00:00
2025-11-23 15:44:04.142 - __main__ - INFO - 接收到中断信号，正在终止子进程...
2025-11-23 15:44:04.158 - __main__ - INFO - 程序已停止
2025-11-23 15:44:11.316 - __main__ - INFO - 子进程 25648 已启动
2025-11-23 15:44:11.316 - __main__ - INFO - 下一次计划清理内存时间: 2025-11-24 03:00:00
2025-11-23 16:00:33.596 - __main__ - INFO - 接收到中断信号，正在终止子进程...
2025-11-23 16:00:33.610 - __main__ - INFO - 程序已停止
2025-11-23 16:00:44.567 - __main__ - INFO - 子进程 35972 已启动
2025-11-23 16:00:44.567 - __main__ - INFO - 下一次计划清理内存时间: 2025-11-24 03:00:00
2025-11-23 16:00:54.569 - __main__ - INFO - 子进程 35972 已退出，等待5秒后重启
2025-11-23 16:00:59.606 - __main__ - INFO - 子进程 34888 已启动
2025-11-23 16:00:59.607 - __main__ - INFO - 下一次计划清理内存时间: 2025-11-24 03:00:00
2025-11-23 16:01:09.608 - __main__ - INFO - 子进程 34888 已退出，等待5秒后重启
2025-11-23 16:01:14.620 - __main__ - INFO - 子进程 36056 已启动
2025-11-23 16:01:14.620 - __main__ - INFO - 下一次计划清理内存时间: 2025-11-24 03:00:00
2025-11-23 16:01:24.622 - __main__ - INFO - 子进程 36056 已退出，等待5秒后重启
2025-11-23 16:01:29.656 - __main__ - INFO - 子进程 32612 已启动
2025-11-23 16:01:29.656 - __main__ - INFO - 下一次计划清理内存时间: 2025-11-24 03:00:00
2025-11-23 16:01:39.658 - __main__ - INFO - 子进程 32612 已退出，等待5秒后重启
2025-11-23 16:01:44.670 - __main__ - INFO - 子进程 27716 已启动
2025-11-23 16:01:44.670 - __main__ - INFO - 下一次计划清理内存时间: 2025-11-24 03:00:00
2025-11-23 16:01:54.671 - __main__ - INFO - 子进程 27716 已退出，等待5秒后重启
2025-11-23 16:01:59.694 - __main__ - INFO - 子进程 25736 已启动
2025-11-23 16:01:59.694 - __main__ - INFO - 下一次计划清理内存时间: 2025-11-24 03:00:00
2025-11-23 16:02:09.697 - __main__ - INFO - 子进程 25736 已退出，等待5秒后重启
2025-11-23 16:02:14.706 - __main__ - INFO - 子进程 27556 已启动
2025-11-23 16:02:14.706 - __main__ - INFO - 下一次计划清理内存时间: 2025-11-24 03:00:00
2025-11-23 16:02:24.707 - __main__ - INFO - 子进程 27556 已退出，等待5秒后重启
2025-11-23 16:02:29.732 - __main__ - INFO - 子进程 30636 已启动
2025-11-23 16:02:29.732 - __main__ - INFO - 下一次计划清理内存时间: 2025-11-24 03:00:00
2025-11-23 16:02:39.734 - __main__ - INFO - 子进程 30636 已退出，等待5秒后重启
2025-11-23 16:02:44.749 - __main__ - INFO - 子进程 27008 已启动
2025-11-23 16:02:44.750 - __main__ - INFO - 下一次计划清理内存时间: 2025-11-24 03:00:00
2025-11-23 16:02:54.751 - __main__ - INFO - 子进程 27008 已退出，等待5秒后重启
2025-11-23 16:02:59.770 - __main__ - INFO - 子进程 36044 已启动
2025-11-23 16:02:59.771 - __main__ - INFO - 下一次计划清理内存时间: 2025-11-24 03:00:00
2025-11-23 16:03:09.772 - __main__ - INFO - 子进程 36044 已退出，等待5秒后重启
2025-11-23 16:03:14.777 - __main__ - INFO - 子进程 17468 已启动
2025-11-23 16:03:14.778 - __main__ - INFO - 下一次计划清理内存时间: 2025-11-24 03:00:00
2025-11-23 16:03:24.779 - __main__ - INFO - 子进程 17468 已退出，等待5秒后重启
2025-11-23 16:03:29.802 - __main__ - INFO - 子进程 31508 已启动
2025-11-23 16:03:29.804 - __main__ - INFO - 下一次计划清理内存时间: 2025-11-24 03:00:00
2025-11-23 16:03:39.807 - __main__ - INFO - 子进程 31508 已退出，等待5秒后重启
2025-11-23 16:03:44.820 - __main__ - INFO - 子进程 4944 已启动
2025-11-23 16:03:44.821 - __main__ - INFO - 下一次计划清理内存时间: 2025-11-24 03:00:00
2025-11-23 16:03:54.822 - __main__ - INFO - 子进程 4944 已退出，等待5秒后重启
2025-11-23 16:03:59.846 - __main__ - INFO - 子进程 36504 已启动
2025-11-23 16:03:59.848 - __main__ - INFO - 下一次计划清理内存时间: 2025-11-24 03:00:00
2025-11-23 16:04:09.851 - __main__ - INFO - 子进程 36504 已退出，等待5秒后重启
2025-11-23 16:04:14.861 - __main__ - INFO - 子进程 32936 已启动
2025-11-23 16:04:14.861 - __main__ - INFO - 下一次计划清理内存时间: 2025-11-24 03:00:00
2025-11-23 16:04:24.864 - __main__ - INFO - 子进程 32936 已退出，等待5秒后重启
2025-11-23 16:04:29.875 - __main__ - INFO - 子进程 31268 已启动
2025-11-23 16:04:29.876 - __main__ - INFO - 下一次计划清理内存时间: 2025-11-24 03:00:00
2025-11-23 16:04:39.877 - __main__ - INFO - 子进程 31268 已退出，等待5秒后重启
2025-11-23 16:04:44.883 - __main__ - INFO - 子进程 16532 已启动
2025-11-23 16:04:44.883 - __main__ - INFO - 下一次计划清理内存时间: 2025-11-24 03:00:00
2025-11-23 16:04:54.884 - __main__ - INFO - 子进程 16532 已退出，等待5秒后重启
2025-11-23 16:04:59.889 - __main__ - INFO - 子进程 36692 已启动
2025-11-23 16:04:59.889 - __main__ - INFO - 下一次计划清理内存时间: 2025-11-24 03:00:00
2025-11-23 16:05:09.890 - __main__ - INFO - 子进程 36692 已退出，等待5秒后重启
2025-11-23 16:05:14.896 - __main__ - INFO - 子进程 10924 已启动
2025-11-23 16:05:14.896 - __main__ - INFO - 下一次计划清理内存时间: 2025-11-24 03:00:00
2025-11-23 16:05:24.897 - __main__ - INFO - 子进程 10924 已退出，等待5秒后重启
2025-11-23 16:05:29.902 - __main__ - INFO - 子进程 36252 已启动
2025-11-23 16:05:29.902 - __main__ - INFO - 下一次计划清理内存时间: 2025-11-24 03:00:00
2025-11-23 16:05:39.903 - __main__ - INFO - 子进程 36252 已退出，等待5秒后重启
2025-11-23 16:05:44.908 - __main__ - INFO - 子进程 14840 已启动
2025-11-23 16:05:44.908 - __main__ - INFO - 下一次计划清理内存时间: 2025-11-24 03:00:00
2025-11-23 16:05:54.909 - __main__ - INFO - 子进程 14840 已退出，等待5秒后重启
2025-11-23 16:05:59.913 - __main__ - INFO - 子进程 36484 已启动
2025-11-23 16:05:59.913 - __main__ - INFO - 下一次计划清理内存时间: 2025-11-24 03:00:00
2025-11-23 16:06:09.915 - __main__ - INFO - 子进程 36484 已退出，等待5秒后重启
2025-11-23 16:06:14.919 - __main__ - INFO - 子进程 35436 已启动
2025-11-23 16:06:14.920 - __main__ - INFO - 下一次计划清理内存时间: 2025-11-24 03:00:00
2025-11-23 16:06:24.931 - __main__ - INFO - 子进程 35436 已退出，等待5秒后重启
2025-11-23 16:06:29.955 - __main__ - INFO - 子进程 23804 已启动
2025-11-23 16:06:29.955 - __main__ - INFO - 下一次计划清理内存时间: 2025-11-24 03:00:00
2025-11-23 16:06:39.956 - __main__ - INFO - 子进程 23804 已退出，等待5秒后重启
2025-11-23 16:06:44.987 - __main__ - INFO - 子进程 32076 已启动
2025-11-23 16:06:44.988 - __main__ - INFO - 下一次计划清理内存时间: 2025-11-24 03:00:00
2025-11-23 16:06:54.990 - __main__ - INFO - 子进程 32076 已退出，等待5秒后重启
2025-11-23 16:07:00.005 - __main__ - INFO - 子进程 35160 已启动
2025-11-23 16:07:00.005 - __main__ - INFO - 下一次计划清理内存时间: 2025-11-24 03:00:00
2025-11-23 16:07:10.007 - __main__ - INFO - 子进程 35160 已退出，等待5秒后重启
2025-11-23 16:07:15.016 - __main__ - INFO - 子进程 34836 已启动
2025-11-23 16:07:15.016 - __main__ - INFO - 下一次计划清理内存时间: 2025-11-24 03:00:00
2025-11-23 16:07:23.558 - __main__ - INFO - 接收到中断信号，正在终止子进程...
2025-11-23 16:07:23.571 - __main__ - INFO - 程序已停止
2025-11-23 16:07:30.616 - __main__ - INFO - 子进程 4768 已启动
2025-11-23 16:07:30.616 - __main__ - INFO - 下一次计划清理内存时间: 2025-11-24 03:00:00
2025-11-23 16:07:40.618 - __main__ - INFO - 子进程 4768 已退出，等待5秒后重启
2025-11-23 16:07:45.632 - __main__ - INFO - 子进程 25612 已启动
2025-11-23 16:07:45.632 - __main__ - INFO - 下一次计划清理内存时间: 2025-11-24 03:00:00
2025-11-23 16:07:55.633 - __main__ - INFO - 子进程 25612 已退出，等待5秒后重启
2025-11-23 16:07:57.457 - __main__ - INFO - 接收到中断信号，正在终止子进程...
2025-11-23 16:07:57.457 - __main__ - INFO - 程序已停止
2025-11-23 16:08:04.436 - __main__ - INFO - 子进程 29492 已启动
2025-11-23 16:08:04.436 - __main__ - INFO - 下一次计划清理内存时间: 2025-11-24 03:00:00
2025-11-23 16:09:10.038 - __main__ - INFO - 接收到中断信号，正在终止子进程...
2025-11-23 16:09:10.052 - __main__ - INFO - 程序已停止
2025-11-23 16:09:22.617 - __main__ - INFO - 子进程 37492 已启动
2025-11-23 16:09:22.618 - __main__ - INFO - 下一次计划清理内存时间: 2025-11-24 03:00:00
2025-11-23 16:09:32.620 - __main__ - INFO - 子进程 37492 已退出，等待5秒后重启
2025-11-23 16:09:37.626 - __main__ - INFO - 子进程 36440 已启动
2025-11-23 16:09:37.627 - __main__ - INFO - 下一次计划清理内存时间: 2025-11-24 03:00:00
2025-11-23 16:09:47.628 - __main__ - INFO - 子进程 36440 已退出，等待5秒后重启
2025-11-23 16:09:52.636 - __main__ - INFO - 子进程 37136 已启动
2025-11-23 16:09:52.637 - __main__ - INFO - 下一次计划清理内存时间: 2025-11-24 03:00:00
2025-11-23 16:10:02.638 - __main__ - INFO - 子进程 37136 已退出，等待5秒后重启
2025-11-23 16:10:07.646 - __main__ - INFO - 子进程 37300 已启动
2025-11-23 16:10:07.646 - __main__ - INFO - 下一次计划清理内存时间: 2025-11-24 03:00:00
2025-11-23 16:10:17.648 - __main__ - INFO - 子进程 37300 已退出，等待5秒后重启
2025-11-23 16:10:22.684 - __main__ - INFO - 子进程 27236 已启动
2025-11-23 16:10:22.686 - __main__ - INFO - 下一次计划清理内存时间: 2025-11-24 03:00:00
2025-11-23 16:10:32.691 - __main__ - INFO - 子进程 27236 已退出，等待5秒后重启
2025-11-23 16:10:37.699 - __main__ - INFO - 子进程 37864 已启动
2025-11-23 16:10:37.699 - __main__ - INFO - 下一次计划清理内存时间: 2025-11-24 03:00:00
2025-11-23 16:10:47.700 - __main__ - INFO - 子进程 37864 已退出，等待5秒后重启
2025-11-23 16:10:52.707 - __main__ - INFO - 子进程 24736 已启动
2025-11-23 16:10:52.707 - __main__ - INFO - 下一次计划清理内存时间: 2025-11-24 03:00:00
2025-11-23 16:11:02.710 - __main__ - INFO - 子进程 24736 已退出，等待5秒后重启
2025-11-23 16:11:07.716 - __main__ - INFO - 子进程 30768 已启动
2025-11-23 16:11:07.716 - __main__ - INFO - 下一次计划清理内存时间: 2025-11-24 03:00:00
2025-11-23 16:11:17.717 - __main__ - INFO - 子进程 30768 已退出，等待5秒后重启
2025-11-23 16:11:22.727 - __main__ - INFO - 子进程 37360 已启动
2025-11-23 16:11:22.728 - __main__ - INFO - 下一次计划清理内存时间: 2025-11-24 03:00:00
2025-11-23 16:11:32.729 - __main__ - INFO - 子进程 37360 已退出，等待5秒后重启
2025-11-23 16:11:37.736 - __main__ - INFO - 子进程 24160 已启动
2025-11-23 16:11:37.736 - __main__ - INFO - 下一次计划清理内存时间: 2025-11-24 03:00:00
2025-11-23 16:11:47.737 - __main__ - INFO - 子进程 24160 已退出，等待5秒后重启
2025-11-23 16:11:52.742 - __main__ - INFO - 子进程 37288 已启动
2025-11-23 16:11:52.742 - __main__ - INFO - 下一次计划清理内存时间: 2025-11-24 03:00:00
2025-11-23 16:12:12.743 - __main__ - INFO - 子进程 37288 已退出，等待5秒后重启
2025-11-23 16:12:17.748 - __main__ - INFO - 子进程 37852 已启动
2025-11-23 16:12:17.748 - __main__ - INFO - 下一次计划清理内存时间: 2025-11-24 03:00:00
2025-11-23 16:12:37.750 - __main__ - INFO - 子进程 37852 已退出，等待5秒后重启
2025-11-23 16:12:42.756 - __main__ - INFO - 子进程 26508 已启动
2025-11-23 16:12:42.756 - __main__ - INFO - 下一次计划清理内存时间: 2025-11-24 03:00:00
2025-11-23 16:12:48.548 - __main__ - INFO - 接收到中断信号，正在终止子进程...
2025-11-23 16:12:48.569 - __main__ - INFO - 程序已停止
2025-11-23 16:13:00.623 - __main__ - INFO - 子进程 37248 已启动
2025-11-23 16:13:00.623 - __main__ - INFO - 下一次计划清理内存时间: 2025-11-24 03:00:00
2025-11-23 16:16:07.905 - __main__ - INFO - 接收到中断信号，正在终止子进程...
2025-11-23 16:16:07.939 - __main__ - INFO - 程序已停止
2025-11-23 16:36:14.932 - __main__ - INFO - 子进程 30868 已启动
2025-11-23 16:36:14.932 - __main__ - INFO - 下一次计划清理内存时间: 2025-11-24 03:00:00
2025-11-23 16:37:27.839 - __main__ - INFO - 接收到中断信号，正在终止子进程...
2025-11-23 16:37:27.851 - __main__ - INFO - 程序已停止
2025-11-23 16:37:38.333 - __main__ - INFO - 子进程 17476 已启动
2025-11-23 16:37:38.334 - __main__ - INFO - 下一次计划清理内存时间: 2025-11-24 03:00:00
2025-11-23 16:46:59.983 - __main__ - INFO - 接收到中断信号，正在终止子进程...
2025-11-23 16:47:00.014 - __main__ - INFO - 程序已停止
2025-11-23 22:33:44.189 - __main__ - INFO - 子进程 34844 已启动
2025-11-23 22:33:44.189 - __main__ - INFO - 下一次计划清理内存时间: 2025-11-24 03:00:00
2025-11-23 22:48:06.186 - __main__ - INFO - 接收到中断信号，正在终止子进程...
2025-11-23 22:48:06.210 - __main__ - INFO - 程序已停止
2025-11-23 22:57:09.202 - __main__ - INFO - 子进程 44296 已启动
2025-11-23 22:57:09.203 - __main__ - INFO - 下一次计划清理内存时间: 2025-11-24 03:00:00
2025-11-23 23:06:39.018 - __main__ - INFO - 接收到中断信号，正在终止子进程...
2025-11-23 23:06:39.049 - __main__ - INFO - 程序已停止
2025-11-23 23:08:02.453 - __main__ - INFO - 子进程 31992 已启动
2025-11-23 23:08:02.454 - __main__ - INFO - 下一次计划清理内存时间: 2025-11-24 03:00:00
2025-11-23 23:18:05.600 - __main__ - INFO - 接收到中断信号，正在终止子进程...
2025-11-23 23:18:05.614 - __main__ - INFO - 程序已停止
2025-11-23 23:18:31.509 - __main__ - INFO - 子进程 46308 已启动
2025-11-23 23:18:31.510 - __main__ - INFO - 下一次计划清理内存时间: 2025-11-24 03:00:00
2025-11-23 23:18:41.511 - __main__ - INFO - 子进程 46308 已退出，等待5秒后重启
2025-11-23 23:18:46.523 - __main__ - INFO - 子进程 43548 已启动
2025-11-23 23:18:46.524 - __main__ - INFO - 下一次计划清理内存时间: 2025-11-24 03:00:00
2025-11-23 23:18:51.196 - __main__ - INFO - 接收到中断信号，正在终止子进程...
2025-11-23 23:18:51.206 - __main__ - INFO - 程序已停止
2025-11-23 23:19:18.885 - __main__ - INFO - 子进程 47436 已启动
2025-11-23 23:19:18.886 - __main__ - INFO - 下一次计划清理内存时间: 2025-11-24 03:00:00
2025-11-23 23:25:06.791 - __main__ - INFO - 接收到中断信号，正在终止子进程...
2025-11-23 23:25:06.805 - __main__ - INFO - 程序已停止
2025-11-23 23:30:23.712 - __main__ - INFO - 子进程 49020 已启动
2025-11-23 23:30:23.713 - __main__ - INFO - 下一次计划清理内存时间: 2025-11-24 03:00:00
2025-11-23 23:34:14.559 - __main__ - INFO - 接收到中断信号，正在终止子进程...
2025-11-23 23:34:14.577 - __main__ - INFO - 程序已停止
2025-11-23 23:34:21.885 - __main__ - INFO - 子进程 28264 已启动
2025-11-23 23:34:21.885 - __main__ - INFO - 下一次计划清理内存时间: 2025-11-24 03:00:00
2025-11-23 23:35:09.382 - __main__ - INFO - 接收到中断信号，正在终止子进程...
2025-11-23 23:35:09.395 - __main__ - INFO - 程序已停止
2025-11-23 23:35:16.190 - __main__ - INFO - 子进程 46000 已启动
2025-11-23 23:35:16.191 - __main__ - INFO - 下一次计划清理内存时间: 2025-11-24 03:00:00
2025-11-23 23:38:05.952 - __main__ - INFO - 接收到中断信号，正在终止子进程...
2025-11-23 23:38:05.968 - __main__ - INFO - 程序已停止
2025-11-23 23:38:12.970 - __main__ - INFO - 子进程 44212 已启动
2025-11-23 23:38:12.971 - __main__ - INFO - 下一次计划清理内存时间: 2025-11-24 03:00:00
2025-11-23 23:45:29.729 - __main__ - INFO - 接收到中断信号，正在终止子进程...
2025-11-23 23:45:29.759 - __main__ - INFO - 程序已停止
2025-11-23 23:45:42.302 - __main__ - INFO - 子进程 48776 已启动
2025-11-23 23:45:42.302 - __main__ - INFO - 下一次计划清理内存时间: 2025-11-24 03:00:00
2025-11-23 23:58:09.299 - __main__ - INFO - 接收到中断信号，正在终止子进程...
2025-11-23 23:58:09.315 - __main__ - INFO - 程序已停止
2025-11-24 15:48:04.153 - __main__ - INFO - 子进程 2128 已启动
2025-11-24 15:48:04.154 - __main__ - INFO - 下一次计划清理内存时间: 2025-11-25 03:00:00
2025-11-24 16:08:56.025 - __main__ - INFO - 接收到中断信号，正在终止子进程...
2025-11-24 16:08:56.040 - __main__ - INFO - 程序已停止
2025-11-24 16:09:03.438 - __main__ - INFO - 子进程 5364 已启动
2025-11-24 16:09:03.439 - __main__ - INFO - 下一次计划清理内存时间: 2025-11-25 03:00:00
2025-11-24 16:10:42.982 - __main__ - INFO - 接收到中断信号，正在终止子进程...
2025-11-24 16:10:42.997 - __main__ - INFO - 程序已停止
2025-11-24 16:10:53.814 - __main__ - ERROR - 由于网络等原因无法与TG Bot建立通信，30秒后重试...: ('Connection aborted.', ConnectionResetError(10054, '远程主机强迫关闭了一个现有的连接。', None, 10054, None))
2025-11-24 16:11:36.422 - __main__ - ERROR - 由于网络等原因无法与TG Bot建立通信，30秒后重试...: ('Connection aborted.', ConnectionResetError(10054, '远程主机强迫关闭了一个现有的连接。', None, 10054, None))
2025-11-24 16:19:35.302 - __main__ - ERROR - 由于网络等原因无法与TG Bot建立通信，30秒后重试...: ('Connection aborted.', ConnectionResetError(10054, '远程主机强迫关闭了一个现有的连接。', None, 10054, None))
2025-11-24 16:23:17.463 - __main__ - INFO - 子进程 9048 已启动
2025-11-24 16:23:17.464 - __main__ - INFO - 下一次计划清理内存时间: 2025-11-25 03:00:00
2025-11-24 16:28:29.518 - __main__ - INFO - 接收到中断信号，正在终止子进程...
2025-11-24 16:28:29.556 - __main__ - INFO - 程序已停止
2025-11-24 16:33:02.302 - __main__ - INFO - 子进程 11520 已启动
2025-11-24 16:33:02.302 - __main__ - INFO - 下一次计划清理内存时间: 2025-11-25 03:00:00
2025-11-24 16:57:57.762 - __main__ - INFO - 接收到中断信号，正在终止子进程...
2025-11-24 16:57:57.792 - __main__ - INFO - 程序已停止
2025-11-24 16:58:05.421 - __main__ - INFO - 子进程 13316 已启动
2025-11-24 16:58:05.422 - __main__ - INFO - 下一次计划清理内存时间: 2025-11-25 03:00:00
2025-11-24 17:10:22.235 - __main__ - INFO - 接收到中断信号，正在终止子进程...
2025-11-24 17:10:22.250 - __main__ - INFO - 程序已停止
2025-11-24 17:12:20.943 - __main__ - INFO - 子进程 420 已启动
2025-11-24 17:12:20.944 - __main__ - INFO - 下一次计划清理内存时间: 2025-11-25 03:00:00
2025-11-24 19:01:32.722 - __main__ - INFO - 接收到中断信号，正在终止子进程...
2025-11-24 19:01:32.761 - __main__ - INFO - 程序已停止
2025-11-24 19:11:48.993 - __main__ - INFO - 子进程 16088 已启动
2025-11-24 19:11:48.994 - __main__ - INFO - 下一次计划清理内存时间: 2025-11-25 03:00:00
2025-11-24 19:29:51.351 - __main__ - INFO - 接收到中断信号，正在终止子进程...
2025-11-24 19:29:51.384 - __main__ - INFO - 程序已停止
2025-11-24 19:29:59.675 - __main__ - INFO - 子进程 3984 已启动
2025-11-24 19:29:59.675 - __main__ - INFO - 下一次计划清理内存时间: 2025-11-25 03:00:00
2025-11-24 19:41:06.257 - __main__ - INFO - 接收到中断信号，正在终止子进程...
2025-11-24 19:41:06.273 - __main__ - INFO - 程序已停止
2025-11-24 19:41:16.791 - __main__ - ERROR - 由于网络等原因无法与TG Bot建立通信，30秒后重试...: ('Connection aborted.', ConnectionResetError(10054, '远程主机强迫关闭了一个现有的连接。', None, 10054, None))
2025-11-24 19:41:54.810 - __main__ - ERROR - 由于网络等原因无法与TG Bot建立通信，30秒后重试...: ('Connection aborted.', ConnectionResetError(10054, '远程主机强迫关闭了一个现有的连接。', None, 10054, None))
2025-11-24 19:51:17.755 - __main__ - INFO - 子进程 28700 已启动
2025-11-24 19:51:17.755 - __main__ - INFO - 下一次计划清理内存时间: 2025-11-25 03:00:00
2025-11-24 20:03:09.780 - __main__ - INFO - 接收到中断信号，正在终止子进程...
2025-11-24 20:03:09.798 - __main__ - INFO - 程序已停止
2025-11-24 20:03:31.376 - __main__ - ERROR - 由于网络等原因无法与TG Bot建立通信，30秒后重试...: ('Connection aborted.', ConnectionResetError(10054, '远程主机强迫关闭了一个现有的连接。', None, 10054, None))
2025-11-24 20:05:29.792 - __main__ - INFO - 子进程 6312 已启动
2025-11-24 20:05:29.792 - __main__ - INFO - 下一次计划清理内存时间: 2025-11-25 03:00:00
2025-11-24 20:14:49.850 - __main__ - INFO - 接收到中断信号，正在终止子进程...
2025-11-24 20:14:49.865 - __main__ - INFO - 程序已停止
2025-11-24 20:14:57.214 - __main__ - INFO - 子进程 28148 已启动
2025-11-24 20:14:57.214 - __main__ - INFO - 下一次计划清理内存时间: 2025-11-25 03:00:00
2025-11-24 20:22:54.144 - __main__ - INFO - 接收到中断信号，正在终止子进程...
2025-11-24 20:22:54.159 - __main__ - INFO - 程序已停止
2025-11-24 20:23:08.650 - __main__ - INFO - 子进程 9152 已启动
2025-11-24 20:23:08.650 - __main__ - INFO - 下一次计划清理内存时间: 2025-11-25 03:00:00
2025-11-24 20:38:18.570 - __main__ - INFO - 接收到中断信号，正在终止子进程...
2025-11-24 20:38:18.586 - __main__ - INFO - 程序已停止
2025-11-24 20:38:26.587 - __main__ - INFO - 子进程 5948 已启动
2025-11-24 20:38:26.587 - __main__ - INFO - 下一次计划清理内存时间: 2025-11-25 03:00:00
2025-11-24 20:51:43.060 - __main__ - INFO - 接收到中断信号，正在终止子进程...
2025-11-24 20:51:43.076 - __main__ - INFO - 程序已停止
2025-11-24 20:51:51.079 - __main__ - INFO - 子进程 30636 已启动
2025-11-24 20:51:51.079 - __main__ - INFO - 下一次计划清理内存时间: 2025-11-25 03:00:00
2025-11-24 21:07:59.705 - __main__ - INFO - 接收到中断信号，正在终止子进程...
2025-11-24 21:07:59.721 - __main__ - INFO - 程序已停止
2025-11-24 21:08:08.023 - __main__ - INFO - 子进程 33996 已启动
2025-11-24 21:08:08.023 - __main__ - INFO - 下一次计划清理内存时间: 2025-11-25 03:00:00
2025-11-24 21:27:08.285 - __main__ - INFO - 接收到中断信号，正在终止子进程...
2025-11-24 21:27:08.301 - __main__ - INFO - 程序已停止
2025-11-24 21:33:02.306 - __main__ - INFO - 子进程 14796 已启动
2025-11-24 21:33:02.306 - __main__ - INFO - 下一次计划清理内存时间: 2025-11-25 03:00:00
2025-11-24 21:51:53.505 - __main__ - INFO - 接收到中断信号，正在终止子进程...
2025-11-24 21:51:53.522 - __main__ - INFO - 程序已停止
2025-11-24 21:52:03.163 - __main__ - INFO - 子进程 33768 已启动
2025-11-24 21:52:03.163 - __main__ - INFO - 下一次计划清理内存时间: 2025-11-25 03:00:00
2025-11-24 21:59:54.927 - __main__ - INFO - 接收到中断信号，正在终止子进程...
2025-11-24 21:59:54.943 - __main__ - INFO - 程序已停止
2025-11-24 22:03:23.413 - __main__ - INFO - 子进程 34040 已启动
2025-11-24 22:03:23.413 - __main__ - INFO - 下一次计划清理内存时间: 2025-11-25 03:00:00
2025-11-24 22:10:05.899 - __main__ - INFO - 接收到中断信号，正在终止子进程...
2025-11-24 22:10:05.916 - __main__ - INFO - 程序已停止
2025-11-24 22:12:45.734 - __main__ - INFO - 子进程 14780 已启动
2025-11-24 22:12:45.734 - __main__ - INFO - 下一次计划清理内存时间: 2025-11-25 03:00:00
2025-11-24 22:18:07.783 - __main__ - INFO - 接收到中断信号，正在终止子进程...
2025-11-24 22:18:07.800 - __main__ - INFO - 程序已停止
2025-11-24 22:20:19.007 - __main__ - INFO - 子进程 15580 已启动
2025-11-24 22:20:19.007 - __main__ - INFO - 下一次计划清理内存时间: 2025-11-25 03:00:00
2025-11-24 22:24:52.930 - __main__ - INFO - 接收到中断信号，正在终止子进程...
2025-11-24 22:24:52.945 - __main__ - INFO - 程序已停止
2025-11-24 22:25:04.577 - __main__ - INFO - 子进程 34704 已启动
2025-11-24 22:25:04.577 - __main__ - INFO - 下一次计划清理内存时间: 2025-11-25 03:00:00
2025-11-24 22:31:38.680 - __main__ - INFO - 接收到中断信号，正在终止子进程...
2025-11-24 22:31:38.697 - __main__ - INFO - 程序已停止
2025-11-24 22:31:53.172 - __main__ - INFO - 子进程 27372 已启动
2025-11-24 22:31:53.172 - __main__ - INFO - 下一次计划清理内存时间: 2025-11-25 03:00:00
2025-11-25 11:29:48.688 - __main__ - INFO - 子进程 29448 已启动
2025-11-25 11:29:48.688 - __main__ - INFO - 下一次计划清理内存时间: 2025-11-26 03:00:00
2025-11-25 11:30:29.752 - __main__ - INFO - 子进程 5320 已启动
2025-11-25 11:30:29.752 - __main__ - INFO - 下一次计划清理内存时间: 2025-11-26 03:00:00
2025-11-25 11:38:10.837 - __main__ - INFO - 子进程 28984 已启动
2025-11-25 11:38:10.838 - __main__ - INFO - 下一次计划清理内存时间: 2025-11-26 03:00:00
2025-11-25 12:36:50.867 - __main__ - INFO - 接收到中断信号，正在终止子进程...
2025-11-25 12:36:50.929 - __main__ - INFO - 程序已停止
2025-11-25 12:44:40.418 - __main__ - INFO - 子进程 28688 已启动
2025-11-25 12:44:40.419 - __main__ - INFO - 下一次计划清理内存时间: 2025-11-26 03:00:00
2025-11-25 12:45:40.422 - __main__ - INFO - 子进程 28688 已退出，等待5秒后重启
2025-11-25 12:45:45.429 - __main__ - INFO - 子进程 28800 已启动
2025-11-25 12:45:45.429 - __main__ - INFO - 下一次计划清理内存时间: 2025-11-26 03:00:00
2025-11-25 12:46:25.433 - __main__ - INFO - 子进程 28800 已退出，等待5秒后重启
2025-11-25 12:46:30.439 - __main__ - INFO - 子进程 31768 已启动
2025-11-25 12:46:30.439 - __main__ - INFO - 下一次计划清理内存时间: 2025-11-26 03:00:00
2025-11-25 13:20:32.537 - __main__ - INFO - 接收到中断信号，正在终止子进程...
2025-11-25 13:20:32.584 - __main__ - INFO - 程序已停止
2025-11-25 13:20:50.589 - __main__ - INFO - 子进程 24716 已启动
2025-11-25 13:20:50.589 - __main__ - INFO - 下一次计划清理内存时间: 2025-11-26 03:00:00
2025-11-25 13:21:30.592 - __main__ - INFO - 子进程 24716 已退出，等待5秒后重启
2025-11-25 13:21:35.611 - __main__ - INFO - 子进程 32556 已启动
2025-11-25 13:21:35.611 - __main__ - INFO - 下一次计划清理内存时间: 2025-11-26 03:00:00
2025-11-25 13:22:05.614 - __main__ - INFO - 子进程 32556 已退出，等待5秒后重启
2025-11-25 13:22:10.626 - __main__ - INFO - 子进程 28620 已启动
2025-11-25 13:22:10.626 - __main__ - INFO - 下一次计划清理内存时间: 2025-11-26 03:00:00
2025-11-25 13:22:40.629 - __main__ - INFO - 子进程 28620 已退出，等待5秒后重启
2025-11-25 13:22:45.658 - __main__ - INFO - 子进程 32556 已启动
2025-11-25 13:22:45.658 - __main__ - INFO - 下一次计划清理内存时间: 2025-11-26 03:00:00
2025-11-25 13:49:25.774 - __main__ - INFO - 子进程 32556 已退出，等待5秒后重启
2025-11-25 13:49:30.786 - __main__ - INFO - 子进程 27896 已启动
2025-11-25 13:49:30.786 - __main__ - INFO - 下一次计划清理内存时间: 2025-11-26 03:00:00
2025-11-25 13:50:35.133 - __main__ - INFO - 接收到中断信号，正在终止子进程...
2025-11-25 13:50:35.149 - __main__ - INFO - 程序已停止
2025-11-25 13:54:03.401 - __main__ - INFO - 子进程 33980 已启动
2025-11-25 13:54:03.402 - __main__ - INFO - 下一次计划清理内存时间: 2025-11-26 03:00:00
2025-11-25 14:08:53.500 - __main__ - INFO - 子进程 33980 已退出，等待5秒后重启
2025-11-25 14:08:58.513 - __main__ - INFO - 子进程 14400 已启动
2025-11-25 14:08:58.514 - __main__ - INFO - 下一次计划清理内存时间: 2025-11-26 03:00:00
2025-11-25 17:13:03.297 - __main__ - INFO - 接收到中断信号，正在终止子进程...
2025-11-25 17:13:03.336 - __main__ - INFO - 程序已停止
2025-11-25 17:13:15.044 - __main__ - INFO - 子进程 39820 已启动
2025-11-25 17:13:15.045 - __main__ - INFO - 下一次计划清理内存时间: 2025-11-26 03:00:00
2025-11-25 17:21:34.927 - __main__ - INFO - 接收到中断信号，正在终止子进程...
2025-11-25 17:21:34.954 - __main__ - INFO - 程序已停止
2025-11-25 17:21:45.479 - __main__ - INFO - 子进程 43232 已启动
2025-11-25 17:21:45.480 - __main__ - INFO - 下一次计划清理内存时间: 2025-11-26 03:00:00
2025-11-25 17:29:45.529 - __main__ - INFO - 接收到中断信号，正在终止子进程...
2025-11-25 17:29:45.543 - __main__ - INFO - 程序已停止
2025-11-25 17:29:53.502 - __main__ - INFO - 子进程 14004 已启动
2025-11-25 17:29:53.503 - __main__ - INFO - 下一次计划清理内存时间: 2025-11-26 03:00:00
2025-11-25 17:31:29.716 - __main__ - INFO - 接收到中断信号，正在终止子进程...
2025-11-25 17:31:29.754 - __main__ - INFO - 程序已停止
2025-11-25 17:31:40.279 - __main__ - INFO - 子进程 43700 已启动
2025-11-25 17:31:40.279 - __main__ - INFO - 下一次计划清理内存时间: 2025-11-26 03:00:00
2025-11-25 17:47:06.301 - __main__ - INFO - 接收到中断信号，正在终止子进程...
2025-11-25 17:47:06.333 - __main__ - INFO - 程序已停止
2025-11-25 17:47:16.694 - __main__ - INFO - 子进程 42780 已启动
2025-11-25 17:47:16.694 - __main__ - INFO - 下一次计划清理内存时间: 2025-11-26 03:00:00
2025-11-25 18:14:02.267 - __main__ - INFO - 接收到中断信号，正在终止子进程...
2025-11-25 18:14:02.283 - __main__ - INFO - 程序已停止
2025-11-25 18:14:13.703 - __main__ - INFO - 子进程 39060 已启动
2025-11-25 18:14:13.703 - __main__ - INFO - 下一次计划清理内存时间: 2025-11-26 03:00:00
2025-11-25 18:44:08.130 - __main__ - INFO - 接收到中断信号，正在终止子进程...
2025-11-25 18:44:08.172 - __main__ - INFO - 程序已停止
2025-11-25 18:44:25.425 - __main__ - INFO - 子进程 30440 已启动
2025-11-25 18:44:25.426 - __main__ - INFO - 下一次计划清理内存时间: 2025-11-26 03:00:00
2025-11-25 18:47:35.436 - __main__ - INFO - 子进程 30440 已退出，等待5秒后重启
2025-11-25 18:47:40.447 - __main__ - INFO - 子进程 44868 已启动
2025-11-25 18:47:40.447 - __main__ - INFO - 下一次计划清理内存时间: 2025-11-26 03:00:00
2025-11-25 18:48:39.514 - __main__ - INFO - 接收到中断信号，正在终止子进程...
2025-11-25 18:48:39.527 - __main__ - INFO - 程序已停止
2025-11-25 18:49:07.351 - __main__ - INFO - 子进程 45716 已启动
2025-11-25 18:49:07.351 - __main__ - INFO - 下一次计划清理内存时间: 2025-11-26 03:00:00
2025-11-25 19:01:17.717 - __main__ - INFO - 接收到中断信号，正在终止子进程...
2025-11-25 19:01:17.736 - __main__ - INFO - 程序已停止
2025-11-25 19:02:04.990 - __main__ - INFO - 子进程 44724 已启动
2025-11-25 19:02:04.990 - __main__ - INFO - 下一次计划清理内存时间: 2025-11-26 03:00:00
2025-11-25 20:02:28.607 - __main__ - INFO - 接收到中断信号，正在终止子进程...
2025-11-25 20:02:28.639 - __main__ - INFO - 程序已停止
2025-11-25 20:02:37.440 - __main__ - INFO - 子进程 45552 已启动
2025-11-25 20:02:37.440 - __main__ - INFO - 下一次计划清理内存时间: 2025-11-26 03:00:00
2025-11-25 20:31:04.916 - __main__ - INFO - 接收到中断信号，正在终止子进程...
2025-11-25 20:31:04.936 - __main__ - INFO - 程序已停止
2025-11-25 20:31:13.051 - __main__ - INFO - 子进程 42164 已启动
2025-11-25 20:31:13.052 - __main__ - INFO - 下一次计划清理内存时间: 2025-11-26 03:00:00
2025-11-25 20:40:07.278 - __main__ - INFO - 接收到中断信号，正在终止子进程...
2025-11-25 20:40:07.294 - __main__ - INFO - 程序已停止
2025-11-25 20:40:15.568 - __main__ - INFO - 子进程 46472 已启动
2025-11-25 20:40:15.568 - __main__ - INFO - 下一次计划清理内存时间: 2025-11-26 03:00:00
2025-11-25 20:52:18.326 - __main__ - INFO - 接收到中断信号，正在终止子进程...
2025-11-25 20:52:18.342 - __main__ - INFO - 程序已停止
2025-11-25 20:52:26.025 - __main__ - INFO - 子进程 36048 已启动
2025-11-25 20:52:26.026 - __main__ - INFO - 下一次计划清理内存时间: 2025-11-26 03:00:00
2025-11-25 20:54:59.434 - __main__ - INFO - 接收到中断信号，正在终止子进程...
2025-11-25 20:54:59.448 - __main__ - INFO - 程序已停止
2025-11-25 20:55:07.468 - __main__ - INFO - 子进程 44052 已启动
2025-11-25 20:55:07.469 - __main__ - INFO - 下一次计划清理内存时间: 2025-11-26 03:00:00
2025-11-25 21:54:21.854 - __main__ - INFO - 接收到中断信号，正在终止子进程...
2025-11-25 21:54:21.877 - __main__ - INFO - 程序已停止
2025-11-25 21:54:44.409 - __main__ - INFO - 子进程 47756 已启动
2025-11-25 21:54:44.410 - __main__ - INFO - 下一次计划清理内存时间: 2025-11-26 03:00:00
2025-11-25 22:01:05.627 - __main__ - INFO - 接收到中断信号，正在终止子进程...
2025-11-25 22:01:05.643 - __main__ - INFO - 程序已停止
2025-11-25 22:01:13.177 - __main__ - INFO - 子进程 44660 已启动
2025-11-25 22:01:13.178 - __main__ - INFO - 下一次计划清理内存时间: 2025-11-26 03:00:00
2025-11-25 22:08:52.613 - __main__ - INFO - 接收到中断信号，正在终止子进程...
2025-11-25 22:08:52.641 - __main__ - INFO - 程序已停止
2025-11-25 22:10:16.246 - __main__ - INFO - 子进程 49352 已启动
2025-11-25 22:10:16.246 - __main__ - INFO - 下一次计划清理内存时间: 2025-11-26 03:00:00
2025-11-25 22:14:40.737 - __main__ - INFO - 接收到中断信号，正在终止子进程...
2025-11-25 22:14:40.751 - __main__ - INFO - 程序已停止
2025-11-25 22:15:29.515 - __main__ - INFO - 子进程 48576 已启动
2025-11-25 22:15:29.515 - __main__ - INFO - 下一次计划清理内存时间: 2025-11-26 03:00:00
2025-11-25 22:32:12.040 - __main__ - INFO - 接收到中断信号，正在终止子进程...
2025-11-25 22:32:12.056 - __main__ - INFO - 程序已停止
2025-11-25 22:37:08.617 - __main__ - INFO - 子进程 43748 已启动
2025-11-25 22:37:08.618 - __main__ - INFO - 下一次计划清理内存时间: 2025-11-26 03:00:00
2025-11-25 23:08:38.329 - __main__ - INFO - 接收到中断信号，正在终止子进程...
2025-11-25 23:08:38.346 - __main__ - INFO - 程序已停止
2025-11-26 15:58:42.307 - __main__ - INFO - 子进程 25064 已启动
2025-11-26 15:58:42.308 - __main__ - INFO - 下一次计划清理内存时间: 2025-11-27 03:00:00
2025-11-26 16:31:41.336 - __main__ - INFO - 接收到中断信号，正在终止子进程...
2025-11-26 16:31:41.358 - __main__ - INFO - 程序已停止
2025-11-26 16:31:49.365 - __main__ - INFO - 子进程 15660 已启动
2025-11-26 16:31:49.365 - __main__ - INFO - 下一次计划清理内存时间: 2025-11-27 03:00:00
2025-11-26 16:53:31.715 - __main__ - INFO - 接收到中断信号，正在终止子进程...
2025-11-26 16:53:31.771 - __main__ - INFO - 程序已停止
2025-11-26 16:53:39.066 - __main__ - INFO - 子进程 16816 已启动
2025-11-26 16:53:39.066 - __main__ - INFO - 下一次计划清理内存时间: 2025-11-27 03:00:00
2025-11-26 17:05:29.782 - __main__ - INFO - 接收到中断信号，正在终止子进程...
2025-11-26 17:05:29.802 - __main__ - INFO - 程序已停止
2025-11-26 17:05:37.517 - __main__ - INFO - 子进程 23736 已启动
2025-11-26 17:05:37.518 - __main__ - INFO - 下一次计划清理内存时间: 2025-11-27 03:00:00
2025-11-26 17:13:48.927 - __main__ - INFO - 接收到中断信号，正在终止子进程...
2025-11-26 17:13:48.982 - __main__ - INFO - 程序已停止
2025-11-26 17:14:28.311 - __main__ - INFO - 子进程 25352 已启动
2025-11-26 17:14:28.311 - __main__ - INFO - 下一次计划清理内存时间: 2025-11-27 03:00:00
2025-11-26 17:18:20.782 - __main__ - INFO - 接收到中断信号，正在终止子进程...
2025-11-26 17:18:20.808 - __main__ - INFO - 程序已停止
2025-11-26 17:18:27.942 - __main__ - INFO - 子进程 25840 已启动
2025-11-26 17:18:27.943 - __main__ - INFO - 下一次计划清理内存时间: 2025-11-27 03:00:00
2025-11-26 17:39:46.625 - __main__ - INFO - 接收到中断信号，正在终止子进程...
2025-11-26 17:39:46.645 - __main__ - INFO - 程序已停止
2025-11-26 17:40:11.654 - __main__ - INFO - 子进程 26308 已启动
2025-11-26 17:40:11.655 - __main__ - INFO - 下一次计划清理内存时间: 2025-11-27 03:00:00
2025-11-26 18:00:40.048 - __main__ - INFO - 接收到中断信号，正在终止子进程...
2025-11-26 18:00:40.064 - __main__ - INFO - 程序已停止
2025-11-26 18:00:47.699 - __main__ - INFO - 子进程 23716 已启动
2025-11-26 18:00:47.699 - __main__ - INFO - 下一次计划清理内存时间: 2025-11-27 03:00:00
2025-11-26 18:08:51.892 - __main__ - INFO - 接收到中断信号，正在终止子进程...
2025-11-26 18:08:51.944 - __main__ - INFO - 程序已停止
2025-11-26 18:28:40.957 - __main__ - INFO - 子进程 27652 已启动
2025-11-26 18:28:40.957 - __main__ - INFO - 下一次计划清理内存时间: 2025-11-27 03:00:00
2025-11-26 19:16:08.235 - __main__ - INFO - 接收到中断信号，正在终止子进程...
2025-11-26 19:16:08.251 - __main__ - INFO - 程序已停止
2025-11-26 19:16:16.522 - __main__ - INFO - 子进程 10156 已启动
2025-11-26 19:16:16.522 - __main__ - INFO - 下一次计划清理内存时间: 2025-11-27 03:00:00
2025-11-26 19:33:45.466 - __main__ - INFO - 接收到中断信号，正在终止子进程...
2025-11-26 19:33:45.479 - __main__ - INFO - 程序已停止
2025-11-26 19:34:20.611 - __main__ - INFO - 子进程 30376 已启动
2025-11-26 19:34:20.611 - __main__ - INFO - 下一次计划清理内存时间: 2025-11-27 03:00:00
2025-11-26 19:47:45.969 - __main__ - INFO - 接收到中断信号，正在终止子进程...
2025-11-26 19:47:45.985 - __main__ - INFO - 程序已停止
2025-11-26 19:47:55.003 - __main__ - INFO - 子进程 7124 已启动
2025-11-26 19:47:55.004 - __main__ - INFO - 下一次计划清理内存时间: 2025-11-27 03:00:00
2025-11-26 20:01:06.539 - __main__ - INFO - 接收到中断信号，正在终止子进程...
2025-11-26 20:01:06.594 - __main__ - INFO - 程序已停止
2025-11-26 20:01:14.701 - __main__ - INFO - 子进程 32228 已启动
2025-11-26 20:01:14.701 - __main__ - INFO - 下一次计划清理内存时间: 2025-11-27 03:00:00
2025-11-26 20:02:37.266 - __main__ - INFO - 接收到中断信号，正在终止子进程...
2025-11-26 20:02:37.279 - __main__ - INFO - 程序已停止
2025-11-26 20:02:49.760 - __main__ - INFO - 子进程 6836 已启动
2025-11-26 20:02:49.761 - __main__ - INFO - 下一次计划清理内存时间: 2025-11-27 03:00:00
2025-11-26 20:10:15.263 - __main__ - INFO - 接收到中断信号，正在终止子进程...
2025-11-26 20:10:15.285 - __main__ - INFO - 程序已停止
2025-11-26 20:10:41.744 - __main__ - INFO - 子进程 27808 已启动
2025-11-26 20:10:41.745 - __main__ - INFO - 下一次计划清理内存时间: 2025-11-27 03:00:00
2025-11-26 20:12:26.199 - __main__ - INFO - 接收到中断信号，正在终止子进程...
2025-11-26 20:12:26.228 - __main__ - INFO - 程序已停止
2025-11-26 20:12:34.005 - __main__ - INFO - 子进程 32420 已启动
2025-11-26 20:12:34.005 - __main__ - INFO - 下一次计划清理内存时间: 2025-11-27 03:00:00
2025-11-26 20:40:10.918 - __main__ - INFO - 接收到中断信号，正在终止子进程...
2025-11-26 20:40:10.933 - __main__ - INFO - 程序已停止
2025-11-26 20:46:01.970 - __main__ - INFO - 子进程 30364 已启动
2025-11-26 20:46:01.970 - __main__ - INFO - 下一次计划清理内存时间: 2025-11-27 03:00:00
2025-11-26 21:24:31.136 - __main__ - INFO - 接收到中断信号，正在终止子进程...
2025-11-26 21:24:31.154 - __main__ - INFO - 程序已停止
2025-11-26 21:25:19.163 - __main__ - INFO - 子进程 28424 已启动
2025-11-26 21:25:19.164 - __main__ - INFO - 下一次计划清理内存时间: 2025-11-27 03:00:00
2025-11-26 21:29:57.777 - __main__ - INFO - 接收到中断信号，正在终止子进程...
2025-11-26 21:29:57.797 - __main__ - INFO - 程序已停止
2025-11-26 21:30:05.031 - __main__ - INFO - 子进程 30016 已启动
2025-11-26 21:30:05.031 - __main__ - INFO - 下一次计划清理内存时间: 2025-11-27 03:00:00
2025-11-26 21:35:02.582 - __main__ - INFO - 接收到中断信号，正在终止子进程...
2025-11-26 21:35:02.597 - __main__ - INFO - 程序已停止
2025-11-26 21:35:09.645 - __main__ - INFO - 子进程 30292 已启动
2025-11-26 21:35:09.645 - __main__ - INFO - 下一次计划清理内存时间: 2025-11-27 03:00:00
2025-11-26 21:48:00.100 - __main__ - INFO - 接收到中断信号，正在终止子进程...
2025-11-26 21:48:00.113 - __main__ - INFO - 程序已停止
2025-11-27 17:57:05.066 - __main__ - INFO - 子进程 10412 已启动
2025-11-27 17:57:05.067 - __main__ - INFO - 下一次计划清理内存时间: 2025-11-28 03:00:00
2025-11-27 17:57:15.068 - __main__ - INFO - 子进程 10412 已退出，等待5秒后重启
2025-11-27 17:57:20.079 - __main__ - INFO - 子进程 24052 已启动
2025-11-27 17:57:20.079 - __main__ - INFO - 下一次计划清理内存时间: 2025-11-28 03:00:00
2025-11-27 17:57:30.080 - __main__ - INFO - 子进程 24052 已退出，等待5秒后重启
2025-11-27 17:57:35.093 - __main__ - INFO - 子进程 14972 已启动
2025-11-27 17:57:35.093 - __main__ - INFO - 下一次计划清理内存时间: 2025-11-28 03:00:00
2025-11-27 17:57:37.987 - __main__ - INFO - 接收到中断信号，正在终止子进程...
2025-11-27 17:57:38.011 - __main__ - INFO - 程序已停止
2025-11-27 17:57:57.893 - __main__ - INFO - 子进程 30348 已启动
2025-11-27 17:57:57.894 - __main__ - INFO - 下一次计划清理内存时间: 2025-11-28 03:00:00
2025-11-27 17:59:27.897 - __main__ - INFO - 子进程 30348 已退出，等待5秒后重启
2025-11-27 17:59:32.904 - __main__ - INFO - 子进程 5116 已启动
2025-11-27 17:59:32.904 - __main__ - INFO - 下一次计划清理内存时间: 2025-11-28 03:00:00
2025-11-27 18:04:22.251 - __main__ - INFO - 接收到中断信号，正在终止子进程...
2025-11-27 18:04:22.273 - __main__ - INFO - 程序已停止
2025-11-27 18:05:09.608 - __main__ - INFO - 子进程 22500 已启动
2025-11-27 18:05:09.609 - __main__ - INFO - 下一次计划清理内存时间: 2025-11-28 03:00:00
2025-11-27 18:06:24.711 - __main__ - INFO - 接收到中断信号，正在终止子进程...
2025-11-27 18:06:24.737 - __main__ - INFO - 程序已停止
2025-11-27 18:10:00.846 - __main__ - INFO - 子进程 18068 已启动
2025-11-27 18:10:00.847 - __main__ - INFO - 下一次计划清理内存时间: 2025-11-28 03:00:00
2025-11-27 18:15:47.975 - __main__ - INFO - 接收到中断信号，正在终止子进程...
2025-11-27 18:15:47.992 - __main__ - INFO - 程序已停止
2025-11-28 20:29:02.798 - __main__ - INFO - 子进程 32152 已启动
2025-11-28 20:29:02.799 - __main__ - INFO - 下一次计划清理内存时间: 2025-11-29 03:00:00
2025-11-28 20:29:12.800 - __main__ - INFO - 子进程 32152 已退出，等待5秒后重启
2025-11-28 20:29:17.811 - __main__ - INFO - 子进程 31992 已启动
2025-11-28 20:29:17.811 - __main__ - INFO - 下一次计划清理内存时间: 2025-11-29 03:00:00
2025-11-28 20:29:27.812 - __main__ - INFO - 子进程 31992 已退出，等待5秒后重启
2025-11-28 20:29:32.829 - __main__ - INFO - 子进程 32468 已启动
2025-11-28 20:29:32.830 - __main__ - INFO - 下一次计划清理内存时间: 2025-11-29 03:00:00
2025-11-28 20:29:41.259 - __main__ - INFO - 接收到中断信号，正在终止子进程...
2025-11-28 20:29:41.259 - __main__ - INFO - 程序已停止
2025-11-28 20:40:26.915 - __main__ - INFO - 子进程 28928 已启动
2025-11-28 20:40:26.915 - __main__ - INFO - 下一次计划清理内存时间: 2025-11-29 03:00:00
2025-11-28 20:40:36.916 - __main__ - INFO - 子进程 28928 已退出，等待5秒后重启
2025-11-28 20:40:41.924 - __main__ - INFO - 子进程 25664 已启动
2025-11-28 20:40:41.924 - __main__ - INFO - 下一次计划清理内存时间: 2025-11-29 03:00:00
2025-11-28 20:40:51.926 - __main__ - INFO - 子进程 25664 已退出，等待5秒后重启
2025-11-28 20:40:56.933 - __main__ - INFO - 子进程 30312 已启动
2025-11-28 20:40:56.934 - __main__ - INFO - 下一次计划清理内存时间: 2025-11-29 03:00:00
2025-11-28 20:41:06.936 - __main__ - INFO - 子进程 30312 已退出，等待5秒后重启
2025-11-28 20:41:11.941 - __main__ - INFO - 子进程 32552 已启动
2025-11-28 20:41:11.941 - __main__ - INFO - 下一次计划清理内存时间: 2025-11-29 03:00:00
2025-11-28 20:41:21.942 - __main__ - INFO - 子进程 32552 已退出，等待5秒后重启
2025-11-28 20:41:26.958 - __main__ - INFO - 子进程 24200 已启动
2025-11-28 20:41:26.958 - __main__ - INFO - 下一次计划清理内存时间: 2025-11-29 03:00:00
2025-11-28 20:41:36.960 - __main__ - INFO - 子进程 24200 已退出，等待5秒后重启
2025-11-28 20:41:41.968 - __main__ - INFO - 子进程 30636 已启动
2025-11-28 20:41:41.968 - __main__ - INFO - 下一次计划清理内存时间: 2025-11-29 03:00:00
2025-11-28 20:41:51.969 - __main__ - INFO - 子进程 30636 已退出，等待5秒后重启
2025-11-28 20:41:56.973 - __main__ - INFO - 子进程 31776 已启动
2025-11-28 20:41:56.974 - __main__ - INFO - 下一次计划清理内存时间: 2025-11-29 03:00:00
2025-11-28 20:42:04.424 - __main__ - INFO - 接收到中断信号，正在终止子进程...
2025-11-28 20:42:04.424 - __main__ - INFO - 程序已停止
2025-11-28 20:42:24.630 - __main__ - INFO - 子进程 32116 已启动
2025-11-28 20:42:24.631 - __main__ - INFO - 下一次计划清理内存时间: 2025-11-29 03:00:00
2025-11-28 20:42:34.632 - __main__ - INFO - 子进程 32116 已退出，等待5秒后重启
2025-11-28 20:42:39.639 - __main__ - INFO - 子进程 27284 已启动
2025-11-28 20:42:39.640 - __main__ - INFO - 下一次计划清理内存时间: 2025-11-29 03:00:00
2025-11-28 20:42:49.641 - __main__ - INFO - 子进程 27284 已退出，等待5秒后重启
2025-11-28 20:42:54.650 - __main__ - INFO - 子进程 28308 已启动
2025-11-28 20:42:54.650 - __main__ - INFO - 下一次计划清理内存时间: 2025-11-29 03:00:00
2025-11-28 20:43:04.651 - __main__ - INFO - 子进程 28308 已退出，等待5秒后重启
2025-11-28 20:43:09.668 - __main__ - INFO - 子进程 31924 已启动
2025-11-28 20:43:09.669 - __main__ - INFO - 下一次计划清理内存时间: 2025-11-29 03:00:00
2025-11-28 20:43:19.298 - __main__ - INFO - 接收到中断信号，正在终止子进程...
2025-11-28 20:43:19.299 - __main__ - INFO - 程序已停止
2025-11-28 20:47:13.461 - __main__ - INFO - 子进程 29820 已启动
2025-11-28 20:47:13.461 - __main__ - INFO - 下一次计划清理内存时间: 2025-11-29 03:00:00
2025-11-28 20:47:23.463 - __main__ - INFO - 子进程 29820 已退出，等待5秒后重启
2025-11-28 20:47:25.742 - __main__ - INFO - 接收到中断信号，正在终止子进程...
2025-11-28 20:47:25.742 - __main__ - INFO - 程序已停止
2025-11-28 20:49:26.772 - __main__ - INFO - 子进程 32436 已启动
2025-11-28 20:49:26.773 - __main__ - INFO - 下一次计划清理内存时间: 2025-11-29 03:00:00
2025-11-28 20:49:44.985 - __main__ - INFO - 接收到中断信号，正在终止子进程...
2025-11-28 20:49:45.015 - __main__ - INFO - 程序已停止
2025-11-28 21:01:05.103 - __main__ - INFO - 子进程 10268 已启动
2025-11-28 21:01:05.104 - __main__ - INFO - 下一次计划清理内存时间: 2025-11-29 03:00:00
2025-11-28 21:01:37.258 - __main__ - INFO - 接收到中断信号，正在终止子进程...
2025-11-28 21:01:37.285 - __main__ - INFO - 程序已停止
2025-11-28 21:09:37.556 - __main__ - INFO - 子进程 32484 已启动
2025-11-28 21:09:37.556 - __main__ - INFO - 下一次计划清理内存时间: 2025-11-29 03:00:00
2025-11-28 21:09:58.839 - __main__ - INFO - 接收到中断信号，正在终止子进程...
2025-11-28 21:09:58.851 - __main__ - INFO - 程序已停止
2025-11-28 21:18:01.006 - __main__ - INFO - 子进程 1168 已启动
2025-11-28 21:18:01.006 - __main__ - INFO - 下一次计划清理内存时间: 2025-11-29 03:00:00
2025-11-28 21:32:15.279 - __main__ - INFO - 接收到中断信号，正在终止子进程...
2025-11-28 21:32:15.293 - __main__ - INFO - 程序已停止
2025-11-28 21:36:12.158 - __main__ - INFO - 子进程 27980 已启动
2025-11-28 21:36:12.158 - __main__ - INFO - 下一次计划清理内存时间: 2025-11-29 03:00:00
2025-11-28 21:36:55.986 - __main__ - INFO - 接收到中断信号，正在终止子进程...
2025-11-28 21:36:56.001 - __main__ - INFO - 程序已停止
2025-11-28 21:43:45.392 - __main__ - INFO - 子进程 33172 已启动
2025-11-28 21:43:45.392 - __main__ - INFO - 下一次计划清理内存时间: 2025-11-29 03:00:00
2025-11-28 21:44:36.747 - __main__ - INFO - 接收到中断信号，正在终止子进程...
2025-11-28 21:44:36.797 - __main__ - INFO - 程序已停止
2025-11-28 21:46:21.349 - __main__ - INFO - 子进程 29716 已启动
2025-11-28 21:46:21.349 - __main__ - INFO - 下一次计划清理内存时间: 2025-11-29 03:00:00
2025-11-28 21:46:57.789 - __main__ - INFO - 接收到中断信号，正在终止子进程...
2025-11-28 21:46:57.805 - __main__ - INFO - 程序已停止
2025-11-28 21:52:29.632 - __main__ - INFO - 子进程 32548 已启动
2025-11-28 21:52:29.633 - __main__ - INFO - 下一次计划清理内存时间: 2025-11-29 03:00:00
2025-11-28 21:53:14.265 - __main__ - INFO - 接收到中断信号，正在终止子进程...
2025-11-28 21:53:14.278 - __main__ - INFO - 程序已停止
2025-11-28 21:57:03.117 - __main__ - INFO - 子进程 29876 已启动
2025-11-28 21:57:03.117 - __main__ - INFO - 下一次计划清理内存时间: 2025-11-29 03:00:00
2025-11-28 21:57:39.184 - __main__ - INFO - 接收到中断信号，正在终止子进程...
2025-11-28 21:57:39.198 - __main__ - INFO - 程序已停止
2025-11-28 21:59:59.538 - __main__ - INFO - 子进程 34360 已启动
2025-11-28 21:59:59.538 - __main__ - INFO - 下一次计划清理内存时间: 2025-11-29 03:00:00
2025-11-28 22:00:41.172 - __main__ - INFO - 接收到中断信号，正在终止子进程...
2025-11-28 22:00:41.209 - __main__ - INFO - 程序已停止
2025-11-28 22:04:23.917 - __main__ - INFO - 子进程 33220 已启动
2025-11-28 22:04:23.918 - __main__ - INFO - 下一次计划清理内存时间: 2025-11-29 03:00:00
2025-11-28 22:04:56.294 - __main__ - INFO - 接收到中断信号，正在终止子进程...
2025-11-28 22:04:56.307 - __main__ - INFO - 程序已停止
2025-11-28 22:11:23.451 - __main__ - INFO - 子进程 35520 已启动
2025-11-28 22:11:23.451 - __main__ - INFO - 下一次计划清理内存时间: 2025-11-29 03:00:00
2025-11-28 22:20:04.106 - __main__ - INFO - 接收到中断信号，正在终止子进程...
2025-11-28 22:20:04.120 - __main__ - INFO - 程序已停止
2025-11-28 22:20:13.309 - __main__ - INFO - 子进程 32388 已启动
2025-11-28 22:20:13.310 - __main__ - INFO - 下一次计划清理内存时间: 2025-11-29 03:00:00
2025-11-28 22:22:43.339 - __main__ - INFO - 接收到中断信号，正在终止子进程...
2025-11-28 22:22:43.354 - __main__ - INFO - 程序已停止
2025-11-28 22:22:55.872 - __main__ - INFO - 子进程 34276 已启动
2025-11-28 22:22:55.872 - __main__ - INFO - 下一次计划清理内存时间: 2025-11-29 03:00:00
2025-11-28 22:23:22.429 - __main__ - INFO - 接收到中断信号，正在终止子进程...
2025-11-28 22:23:22.455 - __main__ - INFO - 程序已停止
2025-11-28 22:32:40.957 - __main__ - INFO - 子进程 2208 已启动
2025-11-28 22:32:40.957 - __main__ - INFO - 下一次计划清理内存时间: 2025-11-29 03:00:00
2025-11-28 22:39:01.437 - __main__ - INFO - 接收到中断信号，正在终止子进程...
2025-11-28 22:39:01.468 - __main__ - INFO - 程序已停止
2025-11-28 22:48:01.274 - __main__ - INFO - 子进程 34892 已启动
2025-11-28 22:48:01.275 - __main__ - INFO - 下一次计划清理内存时间: 2025-11-29 03:00:00
2025-11-28 22:48:35.059 - __main__ - INFO - 接收到中断信号，正在终止子进程...
2025-11-28 22:48:35.103 - __main__ - INFO - 程序已停止
2025-11-28 22:53:23.421 - __main__ - INFO - 子进程 34276 已启动
2025-11-28 22:53:23.421 - __main__ - INFO - 下一次计划清理内存时间: 2025-11-29 03:00:00
2025-11-28 22:54:08.753 - __main__ - INFO - 接收到中断信号，正在终止子进程...
2025-11-28 22:54:08.766 - __main__ - INFO - 程序已停止
2025-11-28 22:57:57.778 - __main__ - INFO - 子进程 8300 已启动
2025-11-28 22:57:57.778 - __main__ - INFO - 下一次计划清理内存时间: 2025-11-29 03:00:00
2025-11-28 23:07:13.871 - __main__ - INFO - 接收到中断信号，正在终止子进程...
2025-11-28 23:07:13.904 - __main__ - INFO - 程序已停止
2025-11-28 23:07:21.461 - __main__ - INFO - 子进程 35712 已启动
2025-11-28 23:07:21.461 - __main__ - INFO - 下一次计划清理内存时间: 2025-11-29 03:00:00
2025-11-28 23:23:58.899 - __main__ - INFO - 接收到中断信号，正在终止子进程...
2025-11-28 23:23:58.935 - __main__ - INFO - 程序已停止
2025-11-28 23:36:59.443 - __main__ - INFO - 子进程 37572 已启动
2025-11-28 23:36:59.444 - __main__ - INFO - 下一次计划清理内存时间: 2025-11-29 03:00:00
2025-11-28 23:47:13.127 - __main__ - INFO - 接收到中断信号，正在终止子进程...
2025-11-28 23:47:13.141 - __main__ - INFO - 程序已停止
2025-11-30 15:16:51.194 - __main__ - INFO - 子进程 11716 已启动
2025-11-30 15:16:51.194 - __main__ - INFO - 下一次计划清理内存时间: 2025-12-01 03:00:00
2025-11-30 15:17:01.195 - __main__ - INFO - 子进程 11716 已退出，等待5秒后重启
2025-11-30 15:17:06.200 - __main__ - INFO - 子进程 1660 已启动
2025-11-30 15:17:06.200 - __main__ - INFO - 下一次计划清理内存时间: 2025-12-01 03:00:00
2025-11-30 15:17:16.201 - __main__ - INFO - 子进程 1660 已退出，等待5秒后重启
2025-11-30 15:17:21.205 - __main__ - INFO - 子进程 26960 已启动
2025-11-30 15:17:21.205 - __main__ - INFO - 下一次计划清理内存时间: 2025-12-01 03:00:00
2025-11-30 15:17:27.364 - __main__ - INFO - 接收到中断信号，正在终止子进程...
2025-11-30 15:17:27.376 - __main__ - INFO - 程序已停止
2025-11-30 15:17:37.571 - __main__ - INFO - 子进程 19928 已启动
2025-11-30 15:17:37.572 - __main__ - INFO - 下一次计划清理内存时间: 2025-12-01 03:00:00
2025-11-30 15:21:47.585 - __main__ - INFO - 子进程 19928 已退出，等待5秒后重启
2025-11-30 15:21:52.593 - __main__ - INFO - 子进程 26616 已启动
2025-11-30 15:21:52.593 - __main__ - INFO - 下一次计划清理内存时间: 2025-12-01 03:00:00
2025-11-30 15:27:50.617 - __main__ - INFO - 接收到中断信号，正在终止子进程...
2025-11-30 15:27:50.643 - __main__ - INFO - 程序已停止
2025-11-30 15:57:50.228 - __main__ - INFO - 子进程 12640 已启动
2025-11-30 15:57:50.229 - __main__ - INFO - 下一次计划清理内存时间: 2025-12-01 03:00:00
2025-11-30 15:58:00.230 - __main__ - INFO - 子进程 12640 已退出，等待5秒后重启
2025-11-30 15:58:05.244 - __main__ - INFO - 子进程 4692 已启动
2025-11-30 15:58:05.244 - __main__ - INFO - 下一次计划清理内存时间: 2025-12-01 03:00:00
2025-11-30 15:58:11.288 - __main__ - INFO - 接收到中断信号，正在终止子进程...
2025-11-30 15:58:11.288 - __main__ - INFO - 程序已停止
2025-11-30 15:58:55.075 - __main__ - INFO - 子进程 9400 已启动
2025-11-30 15:58:55.076 - __main__ - INFO - 下一次计划清理内存时间: 2025-12-01 03:00:00
2025-11-30 15:59:05.078 - __main__ - INFO - 子进程 9400 已退出，等待5秒后重启
2025-11-30 15:59:09.545 - __main__ - INFO - 接收到中断信号，正在终止子进程...
2025-11-30 15:59:09.545 - __main__ - INFO - 程序已停止
2025-11-30 15:59:31.993 - __main__ - INFO - 子进程 7784 已启动
2025-11-30 15:59:31.993 - __main__ - INFO - 下一次计划清理内存时间: 2025-12-01 03:00:00
2025-11-30 16:05:44.749 - __main__ - INFO - 接收到中断信号，正在终止子进程...
2025-11-30 16:05:44.782 - __main__ - INFO - 程序已停止
2025-11-30 16:05:51.211 - __main__ - INFO - 子进程 12292 已启动
2025-11-30 16:05:51.211 - __main__ - INFO - 下一次计划清理内存时间: 2025-12-01 03:00:00
2025-11-30 16:11:57.657 - __main__ - INFO - 接收到中断信号，正在终止子进程...
2025-11-30 16:11:57.681 - __main__ - INFO - 程序已停止
2025-11-30 16:12:16.767 - __main__ - INFO - 子进程 1108 已启动
2025-11-30 16:12:16.767 - __main__ - INFO - 下一次计划清理内存时间: 2025-12-01 03:00:00
2025-11-30 16:12:26.769 - __main__ - INFO - 子进程 1108 已退出，等待5秒后重启
2025-11-30 16:12:31.777 - __main__ - INFO - 子进程 11180 已启动
2025-11-30 16:12:31.777 - __main__ - INFO - 下一次计划清理内存时间: 2025-12-01 03:00:00
2025-11-30 16:12:33.393 - __main__ - INFO - 接收到中断信号，正在终止子进程...
2025-11-30 16:12:33.399 - __main__ - INFO - 程序已停止
2025-11-30 16:22:51.521 - __main__ - INFO - 子进程 15144 已启动
2025-11-30 16:22:51.522 - __main__ - INFO - 下一次计划清理内存时间: 2025-12-01 03:00:00
2025-11-30 16:25:48.464 - __main__ - INFO - 接收到中断信号，正在终止子进程...
2025-11-30 16:25:48.480 - __main__ - INFO - 程序已停止
2025-11-30 16:27:25.615 - __main__ - INFO - 子进程 4416 已启动
2025-11-30 16:27:25.616 - __main__ - INFO - 下一次计划清理内存时间: 2025-12-01 03:00:00
2025-11-30 16:28:25.621 - __main__ - INFO - 子进程 4416 已退出，等待5秒后重启
2025-11-30 16:28:30.637 - __main__ - INFO - 子进程 28520 已启动
2025-11-30 16:28:30.638 - __main__ - INFO - 下一次计划清理内存时间: 2025-12-01 03:00:00
2025-11-30 16:41:29.266 - __main__ - INFO - 接收到中断信号，正在终止子进程...
2025-11-30 16:41:29.289 - __main__ - INFO - 程序已停止
2025-11-30 16:43:38.129 - __main__ - INFO - 子进程 29436 已启动
2025-11-30 16:43:38.129 - __main__ - INFO - 下一次计划清理内存时间: 2025-12-01 03:00:00
2025-11-30 16:45:18.135 - __main__ - INFO - 子进程 29436 已退出，等待5秒后重启
2025-11-30 16:45:23.143 - __main__ - INFO - 子进程 1524 已启动
2025-11-30 16:45:23.144 - __main__ - INFO - 下一次计划清理内存时间: 2025-12-01 03:00:00
2025-11-30 16:55:38.640 - __main__ - INFO - 接收到中断信号，正在终止子进程...
2025-11-30 16:55:38.662 - __main__ - INFO - 程序已停止
2025-11-30 16:55:48.273 - __main__ - INFO - 子进程 9708 已启动
2025-11-30 16:55:48.273 - __main__ - INFO - 下一次计划清理内存时间: 2025-12-01 03:00:00
2025-11-30 17:24:31.864 - __main__ - INFO - 接收到中断信号，正在终止子进程...
2025-11-30 17:24:31.894 - __main__ - INFO - 程序已停止
2025-11-30 17:26:19.662 - __main__ - INFO - 子进程 29664 已启动
2025-11-30 17:26:19.663 - __main__ - INFO - 下一次计划清理内存时间: 2025-12-01 03:00:00
2025-11-30 17:34:39.690 - __main__ - INFO - 子进程 29664 已退出，等待5秒后重启
2025-11-30 17:34:44.711 - __main__ - INFO - 子进程 32732 已启动
2025-11-30 17:34:44.711 - __main__ - INFO - 下一次计划清理内存时间: 2025-12-01 03:00:00
2025-11-30 17:45:28.022 - __main__ - INFO - 接收到中断信号，正在终止子进程...
2025-11-30 17:45:28.058 - __main__ - INFO - 程序已停止
2025-11-30 17:45:41.968 - __main__ - INFO - 子进程 29780 已启动
2025-11-30 17:45:41.968 - __main__ - INFO - 下一次计划清理内存时间: 2025-12-01 03:00:00
2025-11-30 17:56:32.009 - __main__ - INFO - 子进程 29780 已退出，等待5秒后重启
2025-11-30 17:56:37.016 - __main__ - INFO - 子进程 28872 已启动
2025-11-30 17:56:37.016 - __main__ - INFO - 下一次计划清理内存时间: 2025-12-01 03:00:00
2025-11-30 18:00:37.031 - __main__ - INFO - 子进程 28872 已退出，等待5秒后重启
2025-11-30 18:00:42.038 - __main__ - INFO - 子进程 32192 已启动
2025-11-30 18:00:42.038 - __main__ - INFO - 下一次计划清理内存时间: 2025-12-01 03:00:00
2025-11-30 18:28:54.534 - __main__ - INFO - 接收到中断信号，正在终止子进程...
2025-11-30 18:28:54.564 - __main__ - INFO - 程序已停止
2025-11-30 18:33:06.848 - __main__ - INFO - 子进程 7356 已启动
2025-11-30 18:33:06.848 - __main__ - INFO - 下一次计划清理内存时间: 2025-12-01 03:00:00
2025-11-30 18:58:36.935 - __main__ - INFO - 子进程 7356 已退出，等待5秒后重启
2025-11-30 18:58:41.947 - __main__ - INFO - 子进程 16184 已启动
2025-11-30 18:58:41.947 - __main__ - INFO - 下一次计划清理内存时间: 2025-12-01 03:00:00
2025-11-30 19:10:42.173 - __main__ - INFO - 接收到中断信号，正在终止子进程...
2025-11-30 19:10:42.190 - __main__ - INFO - 程序已停止
2025-11-30 19:10:53.986 - __main__ - INFO - 子进程 34996 已启动
2025-11-30 19:10:53.986 - __main__ - INFO - 下一次计划清理内存时间: 2025-12-01 03:00:00
2025-11-30 19:11:03.987 - __main__ - INFO - 子进程 34996 已退出，等待5秒后重启
2025-11-30 19:11:08.997 - __main__ - INFO - 子进程 35392 已启动
2025-11-30 19:11:08.997 - __main__ - INFO - 下一次计划清理内存时间: 2025-12-01 03:00:00
2025-11-30 19:14:49.011 - __main__ - INFO - 子进程 35392 已退出，等待5秒后重启
2025-11-30 19:14:54.020 - __main__ - INFO - 子进程 34432 已启动
2025-11-30 19:14:54.020 - __main__ - INFO - 下一次计划清理内存时间: 2025-12-01 03:00:00
2025-11-30 19:39:27.627 - __main__ - INFO - 接收到中断信号，正在终止子进程...
2025-11-30 19:39:27.647 - __main__ - INFO - 程序已停止
2025-11-30 19:40:11.951 - __main__ - INFO - 子进程 28748 已启动
2025-11-30 19:40:11.951 - __main__ - INFO - 下一次计划清理内存时间: 2025-12-01 03:00:00
2025-11-30 19:43:31.963 - __main__ - INFO - 子进程 28748 已退出，等待5秒后重启
2025-11-30 19:43:36.970 - __main__ - INFO - 子进程 12604 已启动
2025-11-30 19:43:36.970 - __main__ - INFO - 下一次计划清理内存时间: 2025-12-01 03:00:00
2025-11-30 19:45:51.680 - __main__ - INFO - 接收到中断信号，正在终止子进程...
2025-11-30 19:45:51.711 - __main__ - INFO - 程序已停止
2025-11-30 19:45:58.915 - __main__ - INFO - 子进程 32940 已启动
2025-11-30 19:45:58.916 - __main__ - INFO - 下一次计划清理内存时间: 2025-12-01 03:00:00
2025-11-30 20:17:02.976 - __main__ - INFO - 接收到中断信号，正在终止子进程...
2025-11-30 20:17:03.008 - __main__ - INFO - 程序已停止
2025-11-30 20:17:24.651 - __main__ - INFO - 子进程 37332 已启动
2025-11-30 20:17:24.651 - __main__ - INFO - 下一次计划清理内存时间: 2025-12-01 03:00:00
2025-11-30 20:52:30.006 - __main__ - INFO - 接收到中断信号，正在终止子进程...
2025-11-30 20:52:30.043 - __main__ - INFO - 程序已停止
2025-11-30 20:56:21.799 - __main__ - INFO - 子进程 30120 已启动
2025-11-30 20:56:21.800 - __main__ - INFO - 下一次计划清理内存时间: 2025-12-01 03:00:00
2025-11-30 20:58:17.338 - __main__ - INFO - 接收到中断信号，正在终止子进程...
2025-11-30 20:58:17.352 - __main__ - INFO - 程序已停止
2025-11-30 20:58:24.007 - __main__ - INFO - 子进程 712 已启动
2025-11-30 20:58:24.008 - __main__ - INFO - 下一次计划清理内存时间: 2025-12-01 03:00:00
2025-11-30 21:22:07.333 - __main__ - INFO - 接收到中断信号，正在终止子进程...
2025-11-30 21:22:07.351 - __main__ - INFO - 程序已停止
2025-11-30 21:22:14.084 - __main__ - INFO - 子进程 38156 已启动
2025-11-30 21:22:14.084 - __main__ - INFO - 下一次计划清理内存时间: 2025-12-01 03:00:00
2025-11-30 21:22:50.461 - __main__ - INFO - 接收到中断信号，正在终止子进程...
2025-11-30 21:22:50.483 - __main__ - INFO - 程序已停止
2025-11-30 21:26:10.004 - __main__ - INFO - 子进程 38724 已启动
2025-11-30 21:26:10.004 - __main__ - INFO - 下一次计划清理内存时间: 2025-12-01 03:00:00
2025-11-30 21:42:06.777 - __main__ - INFO - 接收到中断信号，正在终止子进程...
2025-11-30 21:42:06.792 - __main__ - INFO - 程序已停止
2025-11-30 21:42:14.740 - __main__ - INFO - 子进程 39096 已启动
2025-11-30 21:42:14.740 - __main__ - INFO - 下一次计划清理内存时间: 2025-12-01 03:00:00
2025-11-30 21:45:36.482 - __main__ - INFO - 接收到中断信号，正在终止子进程...
2025-11-30 21:45:36.506 - __main__ - INFO - 程序已停止
2025-11-30 21:45:42.756 - __main__ - INFO - 子进程 39840 已启动
2025-11-30 21:45:42.757 - __main__ - INFO - 下一次计划清理内存时间: 2025-12-01 03:00:00
2025-12-01 00:06:24.638 - __main__ - INFO - 接收到中断信号，正在终止子进程...
2025-12-01 00:06:24.657 - __main__ - INFO - 程序已停止
2025-12-01 19:22:51.101 - __main__ - INFO - 子进程 31116 已启动
2025-12-01 19:22:51.102 - __main__ - INFO - 下一次计划清理内存时间: 2025-12-02 03:00:00
2025-12-01 19:31:41.140 - __main__ - INFO - 子进程 31116 已退出，等待5秒后重启
2025-12-01 19:31:46.173 - __main__ - INFO - 子进程 31756 已启动
2025-12-01 19:31:46.174 - __main__ - INFO - 下一次计划清理内存时间: 2025-12-02 03:00:00
2025-12-01 19:42:04.621 - __main__ - INFO - 接收到中断信号，正在终止子进程...
2025-12-01 19:42:04.635 - __main__ - INFO - 程序已停止
2025-12-01 19:42:12.351 - __main__ - INFO - 子进程 30668 已启动
2025-12-01 19:42:12.352 - __main__ - INFO - 下一次计划清理内存时间: 2025-12-02 03:00:00
2025-12-01 19:42:22.354 - __main__ - INFO - 子进程 30668 已退出，等待5秒后重启
2025-12-01 19:42:23.670 - __main__ - INFO - 接收到中断信号，正在终止子进程...
2025-12-01 19:42:23.671 - __main__ - INFO - 程序已停止
2025-12-01 19:42:39.974 - __main__ - INFO - 子进程 17048 已启动
2025-12-01 19:42:39.976 - __main__ - INFO - 下一次计划清理内存时间: 2025-12-02 03:00:00
2025-12-01 19:55:53.161 - __main__ - INFO - 接收到中断信号，正在终止子进程...
2025-12-01 19:55:53.210 - __main__ - INFO - 程序已停止
2025-12-01 19:56:01.365 - __main__ - INFO - 子进程 10252 已启动
2025-12-01 19:56:01.366 - __main__ - INFO - 下一次计划清理内存时间: 2025-12-02 03:00:00
2025-12-01 19:58:31.403 - __main__ - INFO - 子进程 10252 已退出，等待5秒后重启
2025-12-01 19:58:36.415 - __main__ - INFO - 子进程 2340 已启动
2025-12-01 19:58:36.415 - __main__ - INFO - 下一次计划清理内存时间: 2025-12-02 03:00:00
2025-12-01 20:18:22.279 - __main__ - INFO - 接收到中断信号，正在终止子进程...
2025-12-01 20:18:22.296 - __main__ - INFO - 程序已停止
2025-12-01 20:18:29.495 - __main__ - INFO - 子进程 32092 已启动
2025-12-01 20:18:29.495 - __main__ - INFO - 下一次计划清理内存时间: 2025-12-02 03:00:00
2025-12-01 20:24:02.571 - __main__ - INFO - 接收到中断信号，正在终止子进程...
2025-12-01 20:24:02.586 - __main__ - INFO - 程序已停止
2025-12-01 20:24:11.454 - __main__ - INFO - 子进程 3400 已启动
2025-12-01 20:24:11.455 - __main__ - INFO - 下一次计划清理内存时间: 2025-12-02 03:00:00
2025-12-01 20:25:01.116 - __main__ - INFO - 接收到中断信号，正在终止子进程...
2025-12-01 20:25:01.137 - __main__ - INFO - 程序已停止
2025-12-01 20:25:49.048 - __main__ - INFO - 子进程 33112 已启动
2025-12-01 20:25:49.048 - __main__ - INFO - 下一次计划清理内存时间: 2025-12-02 03:00:00
2025-12-01 21:29:39.689 - __main__ - INFO - 接收到中断信号，正在终止子进程...
2025-12-01 21:29:39.706 - __main__ - INFO - 程序已停止
2025-12-01 21:29:47.831 - __main__ - INFO - 子进程 31912 已启动
2025-12-01 21:29:47.832 - __main__ - INFO - 下一次计划清理内存时间: 2025-12-02 03:00:00
2025-12-01 22:15:24.694 - __main__ - INFO - 接收到中断信号，正在终止子进程...
2025-12-01 22:15:24.709 - __main__ - INFO - 程序已停止
2025-12-02 17:16:28.887 - __main__ - INFO - 子进程 38252 已启动
2025-12-02 17:16:28.887 - __main__ - INFO - 下一次计划清理内存时间: 2025-12-03 03:00:00
2025-12-02 17:16:32.909 - __main__ - INFO - 接收到中断信号，正在终止子进程...
2025-12-02 17:16:32.924 - __main__ - INFO - 程序已停止
2025-12-02 17:17:29.526 - __main__ - INFO - 子进程 40908 已启动
2025-12-02 17:17:29.526 - __main__ - INFO - 下一次计划清理内存时间: 2025-12-03 03:00:00
2025-12-02 17:17:31.855 - __main__ - INFO - 接收到中断信号，正在终止子进程...
2025-12-02 17:17:31.864 - __main__ - INFO - 程序已停止
2025-12-02 17:20:58.100 - __main__ - INFO - 子进程 38412 已启动
2025-12-02 17:20:58.101 - __main__ - INFO - 下一次计划清理内存时间: 2025-12-03 03:00:00
2025-12-02 17:23:12.546 - __main__ - INFO - 接收到中断信号，正在终止子进程...
2025-12-02 17:23:12.602 - __main__ - INFO - 程序已停止
2025-12-02 17:23:22.438 - __main__ - INFO - 子进程 29008 已启动
2025-12-02 17:23:22.438 - __main__ - INFO - 下一次计划清理内存时间: 2025-12-03 03:00:00
2025-12-02 17:26:22.447 - __main__ - INFO - 子进程 29008 已退出，等待5秒后重启
2025-12-02 17:26:27.460 - __main__ - INFO - 子进程 41660 已启动
2025-12-02 17:26:27.461 - __main__ - INFO - 下一次计划清理内存时间: 2025-12-03 03:00:00
2025-12-02 17:32:55.037 - __main__ - INFO - 接收到中断信号，正在终止子进程...
2025-12-02 17:32:55.058 - __main__ - INFO - 程序已停止
2025-12-02 17:33:05.325 - __main__ - INFO - 子进程 41560 已启动
2025-12-02 17:33:05.325 - __main__ - INFO - 下一次计划清理内存时间: 2025-12-03 03:00:00
2025-12-02 17:51:35.406 - __main__ - INFO - 接收到中断信号，正在终止子进程...
2025-12-02 17:51:35.425 - __main__ - INFO - 程序已停止
2025-12-02 17:52:01.174 - __main__ - INFO - 子进程 8864 已启动
2025-12-02 17:52:01.174 - __main__ - INFO - 下一次计划清理内存时间: 2025-12-03 03:00:00
2025-12-02 17:58:53.273 - __main__ - INFO - 接收到中断信号，正在终止子进程...
2025-12-02 17:58:53.292 - __main__ - INFO - 程序已停止
2025-12-02 18:03:12.229 - __main__ - INFO - 子进程 41908 已启动
2025-12-02 18:03:12.230 - __main__ - INFO - 下一次计划清理内存时间: 2025-12-03 03:00:00
2025-12-02 18:06:57.527 - __main__ - INFO - 接收到中断信号，正在终止子进程...
2025-12-02 18:06:57.550 - __main__ - INFO - 程序已停止
2025-12-02 18:07:07.976 - __main__ - INFO - 子进程 37332 已启动
2025-12-02 18:07:07.977 - __main__ - INFO - 下一次计划清理内存时间: 2025-12-03 03:00:00
2025-12-02 18:07:34.960 - __main__ - INFO - 接收到中断信号，正在终止子进程...
2025-12-02 18:07:34.978 - __main__ - INFO - 程序已停止
2025-12-02 18:08:10.848 - __main__ - INFO - 子进程 42788 已启动
2025-12-02 18:08:10.848 - __main__ - INFO - 下一次计划清理内存时间: 2025-12-03 03:00:00
2025-12-02 18:08:18.939 - __main__ - INFO - 接收到中断信号，正在终止子进程...
2025-12-02 18:08:18.952 - __main__ - INFO - 程序已停止
2025-12-02 18:09:26.522 - __main__ - INFO - 子进程 38756 已启动
2025-12-02 18:09:26.522 - __main__ - INFO - 下一次计划清理内存时间: 2025-12-03 03:00:00
2025-12-02 18:15:04.765 - __main__ - INFO - 接收到中断信号，正在终止子进程...
2025-12-02 18:15:04.798 - __main__ - INFO - 程序已停止
2025-12-02 18:16:59.218 - __main__ - INFO - 子进程 42276 已启动
2025-12-02 18:16:59.218 - __main__ - INFO - 下一次计划清理内存时间: 2025-12-03 03:00:00
2025-12-02 18:36:07.969 - __main__ - INFO - 接收到中断信号，正在终止子进程...
2025-12-02 18:36:07.985 - __main__ - INFO - 程序已停止
2025-12-02 18:36:30.623 - __main__ - INFO - 子进程 43520 已启动
2025-12-02 18:36:30.624 - __main__ - INFO - 下一次计划清理内存时间: 2025-12-03 03:00:00
2025-12-02 18:44:54.722 - __main__ - INFO - 接收到中断信号，正在终止子进程...
2025-12-02 18:44:54.757 - __main__ - INFO - 程序已停止
2025-12-02 18:45:29.643 - __main__ - INFO - 子进程 10384 已启动
2025-12-02 18:45:29.644 - __main__ - INFO - 下一次计划清理内存时间: 2025-12-03 03:00:00
2025-12-02 18:47:30.691 - __main__ - INFO - 接收到中断信号，正在终止子进程...
2025-12-02 18:47:30.730 - __main__ - INFO - 程序已停止
2025-12-02 18:47:38.272 - __main__ - INFO - 子进程 9780 已启动
2025-12-02 18:47:38.272 - __main__ - INFO - 下一次计划清理内存时间: 2025-12-03 03:00:00
2025-12-02 18:51:34.700 - __main__ - INFO - 接收到中断信号，正在终止子进程...
2025-12-02 18:51:34.724 - __main__ - INFO - 程序已停止
2025-12-02 18:51:42.209 - __main__ - INFO - 子进程 41672 已启动
2025-12-02 18:51:42.209 - __main__ - INFO - 下一次计划清理内存时间: 2025-12-03 03:00:00
2025-12-02 18:56:40.611 - __main__ - INFO - 接收到中断信号，正在终止子进程...
2025-12-02 18:56:40.626 - __main__ - INFO - 程序已停止
2025-12-02 19:04:21.805 - __main__ - INFO - 子进程 42696 已启动
2025-12-02 19:04:21.806 - __main__ - INFO - 下一次计划清理内存时间: 2025-12-03 03:00:00
2025-12-02 19:07:12.903 - __main__ - INFO - 接收到中断信号，正在终止子进程...
2025-12-02 19:07:12.917 - __main__ - INFO - 程序已停止
2025-12-02 19:07:19.284 - __main__ - INFO - 子进程 42556 已启动
2025-12-02 19:07:19.285 - __main__ - INFO - 下一次计划清理内存时间: 2025-12-03 03:00:00
2025-12-02 19:20:25.852 - __main__ - INFO - 接收到中断信号，正在终止子进程...
2025-12-02 19:20:25.869 - __main__ - INFO - 程序已停止
2025-12-02 19:20:32.329 - __main__ - INFO - 子进程 36504 已启动
2025-12-02 19:20:32.330 - __main__ - INFO - 下一次计划清理内存时间: 2025-12-03 03:00:00
2025-12-02 19:34:39.230 - __main__ - INFO - 接收到中断信号，正在终止子进程...
2025-12-02 19:34:39.258 - __main__ - INFO - 程序已停止
2025-12-02 19:34:46.328 - __main__ - INFO - 子进程 45584 已启动
2025-12-02 19:34:46.328 - __main__ - INFO - 下一次计划清理内存时间: 2025-12-03 03:00:00
2025-12-02 19:39:35.946 - __main__ - INFO - 接收到中断信号，正在终止子进程...
2025-12-02 19:39:35.966 - __main__ - INFO - 程序已停止
2025-12-02 19:39:43.642 - __main__ - INFO - 子进程 43592 已启动
2025-12-02 19:39:43.642 - __main__ - INFO - 下一次计划清理内存时间: 2025-12-03 03:00:00
2025-12-02 19:48:22.643 - __main__ - INFO - 接收到中断信号，正在终止子进程...
2025-12-02 19:48:22.660 - __main__ - INFO - 程序已停止
2025-12-02 19:48:30.661 - __main__ - INFO - 子进程 22552 已启动
2025-12-02 19:48:30.661 - __main__ - INFO - 下一次计划清理内存时间: 2025-12-03 03:00:00
2025-12-02 19:51:33.782 - __main__ - INFO - 接收到中断信号，正在终止子进程...
2025-12-02 19:51:33.796 - __main__ - INFO - 程序已停止
2025-12-02 19:51:45.402 - __main__ - INFO - 子进程 14236 已启动
2025-12-02 19:51:45.402 - __main__ - INFO - 下一次计划清理内存时间: 2025-12-03 03:00:00
2025-12-02 19:52:24.635 - __main__ - INFO - 接收到中断信号，正在终止子进程...
2025-12-02 19:52:24.668 - __main__ - INFO - 程序已停止
2025-12-02 19:53:06.415 - __main__ - INFO - 子进程 44668 已启动
2025-12-02 19:53:06.415 - __main__ - INFO - 下一次计划清理内存时间: 2025-12-03 03:00:00
2025-12-02 20:02:06.408 - __main__ - INFO - 接收到中断信号，正在终止子进程...
2025-12-02 20:02:06.426 - __main__ - INFO - 程序已停止
2025-12-02 20:02:14.822 - __main__ - INFO - 子进程 14244 已启动
2025-12-02 20:02:14.822 - __main__ - INFO - 下一次计划清理内存时间: 2025-12-03 03:00:00
2025-12-02 20:13:01.121 - __main__ - INFO - 接收到中断信号，正在终止子进程...
2025-12-02 20:13:01.153 - __main__ - INFO - 程序已停止
2025-12-02 20:14:40.233 - __main__ - INFO - 子进程 45316 已启动
2025-12-02 20:14:40.233 - __main__ - INFO - 下一次计划清理内存时间: 2025-12-03 03:00:00
2025-12-02 20:20:32.090 - __main__ - INFO - 接收到中断信号，正在终止子进程...
2025-12-02 20:20:32.146 - __main__ - INFO - 程序已停止
2025-12-02 20:20:39.642 - __main__ - INFO - 子进程 43852 已启动
2025-12-02 20:20:39.643 - __main__ - INFO - 下一次计划清理内存时间: 2025-12-03 03:00:00
2025-12-02 20:23:50.399 - __main__ - INFO - 接收到中断信号，正在终止子进程...
2025-12-02 20:23:50.419 - __main__ - INFO - 程序已停止
2025-12-02 20:24:04.407 - __main__ - INFO - 子进程 43088 已启动
2025-12-02 20:24:04.407 - __main__ - INFO - 下一次计划清理内存时间: 2025-12-03 03:00:00
2025-12-02 20:40:00.924 - __main__ - INFO - 接收到中断信号，正在终止子进程...
2025-12-02 20:40:00.944 - __main__ - INFO - 程序已停止
2025-12-02 20:40:51.862 - __main__ - INFO - 子进程 42048 已启动
2025-12-02 20:40:51.863 - __main__ - INFO - 下一次计划清理内存时间: 2025-12-03 03:00:00
2025-12-02 20:47:51.371 - __main__ - INFO - 接收到中断信号，正在终止子进程...
2025-12-02 20:47:51.388 - __main__ - INFO - 程序已停止
2025-12-02 21:49:56.975 - __main__ - INFO - 子进程 45588 已启动
2025-12-02 21:49:56.976 - __main__ - INFO - 下一次计划清理内存时间: 2025-12-03 03:00:00
2025-12-02 21:54:26.994 - __main__ - INFO - 子进程 45588 已退出，等待5秒后重启
2025-12-02 21:54:32.009 - __main__ - INFO - 子进程 49588 已启动
2025-12-02 21:54:32.009 - __main__ - INFO - 下一次计划清理内存时间: 2025-12-03 03:00:00
2025-12-02 21:56:12.017 - __main__ - INFO - 子进程 49588 已退出，等待5秒后重启
2025-12-02 21:56:17.030 - __main__ - INFO - 子进程 47384 已启动
2025-12-02 21:56:17.030 - __main__ - INFO - 下一次计划清理内存时间: 2025-12-03 03:00:00
2025-12-02 22:28:13.234 - __main__ - INFO - 接收到中断信号，正在终止子进程...
2025-12-02 22:28:13.251 - __main__ - INFO - 程序已停止
2025-12-02 22:28:39.010 - __main__ - INFO - 子进程 45036 已启动
2025-12-02 22:28:39.010 - __main__ - INFO - 下一次计划清理内存时间: 2025-12-03 03:00:00
2025-12-02 22:38:17.425 - __main__ - INFO - 接收到中断信号，正在终止子进程...
2025-12-02 22:38:17.446 - __main__ - INFO - 程序已停止
2025-12-02 22:38:25.126 - __main__ - INFO - 子进程 47748 已启动
2025-12-02 22:38:25.127 - __main__ - INFO - 下一次计划清理内存时间: 2025-12-03 03:00:00
2025-12-02 22:49:03.361 - __main__ - INFO - 接收到中断信号，正在终止子进程...
2025-12-02 22:49:03.378 - __main__ - INFO - 程序已停止
2025-12-02 22:49:11.861 - __main__ - INFO - 子进程 46688 已启动
2025-12-02 22:49:11.861 - __main__ - INFO - 下一次计划清理内存时间: 2025-12-03 03:00:00
2025-12-02 23:23:48.275 - __main__ - INFO - 接收到中断信号，正在终止子进程...
2025-12-02 23:23:48.303 - __main__ - INFO - 程序已停止
2025-12-03 17:59:42.275 - __main__ - INFO - 子进程 27340 已启动
2025-12-03 17:59:42.277 - __main__ - INFO - 下一次计划清理内存时间: 2025-12-04 03:00:00
2025-12-03 18:07:12.299 - __main__ - INFO - 子进程 27340 已退出，等待5秒后重启
2025-12-03 18:07:17.311 - __main__ - INFO - 子进程 21960 已启动
2025-12-03 18:07:17.311 - __main__ - INFO - 下一次计划清理内存时间: 2025-12-04 03:00:00
2025-12-03 18:07:47.313 - __main__ - INFO - 子进程 21960 已退出，等待5秒后重启
2025-12-03 18:07:52.327 - __main__ - INFO - 子进程 27500 已启动
2025-12-03 18:07:52.327 - __main__ - INFO - 下一次计划清理内存时间: 2025-12-04 03:00:00
2025-12-03 19:47:27.222 - __main__ - INFO - 接收到中断信号，正在终止子进程...
2025-12-03 19:47:27.258 - __main__ - INFO - 程序已停止
2025-12-03 19:47:44.170 - __main__ - INFO - 子进程 4996 已启动
2025-12-03 19:47:44.170 - __main__ - INFO - 下一次计划清理内存时间: 2025-12-04 03:00:00
2025-12-03 19:48:34.516 - __main__ - INFO - 接收到中断信号，正在终止子进程...
2025-12-03 19:48:34.543 - __main__ - INFO - 程序已停止
2025-12-03 20:04:24.175 - __main__ - INFO - 子进程 4468 已启动
2025-12-03 20:04:24.175 - __main__ - INFO - 下一次计划清理内存时间: 2025-12-04 03:00:00
2025-12-03 20:05:48.909 - __main__ - INFO - 接收到中断信号，正在终止子进程...
2025-12-03 20:05:48.942 - __main__ - INFO - 程序已停止
2025-12-03 20:43:02.634 - __main__ - INFO - 子进程 15496 已启动
2025-12-03 20:43:02.634 - __main__ - INFO - 下一次计划清理内存时间: 2025-12-04 03:00:00
2025-12-03 20:43:46.412 - __main__ - INFO - 接收到中断信号，正在终止子进程...
2025-12-03 20:43:46.447 - __main__ - INFO - 程序已停止
2025-12-03 20:53:09.639 - __main__ - INFO - 子进程 30468 已启动
2025-12-03 20:53:09.639 - __main__ - INFO - 下一次计划清理内存时间: 2025-12-04 03:00:00
2025-12-03 20:56:51.409 - __main__ - INFO - 接收到中断信号，正在终止子进程...
2025-12-03 20:56:51.423 - __main__ - INFO - 程序已停止
2025-12-03 21:14:55.555 - __main__ - INFO - 子进程 31716 已启动
2025-12-03 21:14:55.556 - __main__ - INFO - 下一次计划清理内存时间: 2025-12-04 03:00:00
2025-12-03 21:22:37.172 - __main__ - INFO - 接收到中断信号，正在终止子进程...
2025-12-03 21:22:37.189 - __main__ - INFO - 程序已停止
2025-12-03 21:23:01.302 - __main__ - INFO - 子进程 32984 已启动
2025-12-03 21:23:01.302 - __main__ - INFO - 下一次计划清理内存时间: 2025-12-04 03:00:00
2025-12-03 21:34:50.726 - __main__ - INFO - 接收到中断信号，正在终止子进程...
2025-12-03 21:34:50.741 - __main__ - INFO - 程序已停止
2025-12-03 21:35:20.120 - __main__ - INFO - 子进程 1204 已启动
2025-12-03 21:35:20.120 - __main__ - INFO - 下一次计划清理内存时间: 2025-12-04 03:00:00
2025-12-03 21:46:43.982 - __main__ - INFO - 接收到中断信号，正在终止子进程...
2025-12-03 21:46:43.997 - __main__ - INFO - 程序已停止
2025-12-03 21:50:59.809 - __main__ - INFO - 子进程 26648 已启动
2025-12-03 21:50:59.809 - __main__ - INFO - 下一次计划清理内存时间: 2025-12-04 03:00:00
2025-12-03 21:52:17.902 - __main__ - INFO - 接收到中断信号，正在终止子进程...
2025-12-03 21:52:17.916 - __main__ - INFO - 程序已停止
2025-12-03 21:54:50.962 - __main__ - INFO - 子进程 35528 已启动
2025-12-03 21:54:50.962 - __main__ - INFO - 下一次计划清理内存时间: 2025-12-04 03:00:00
2025-12-03 22:19:41.404 - __main__ - INFO - 接收到中断信号，正在终止子进程...
2025-12-03 22:19:41.421 - __main__ - INFO - 程序已停止
2025-12-03 22:19:52.806 - __main__ - INFO - 子进程 36536 已启动
2025-12-03 22:19:52.806 - __main__ - INFO - 下一次计划清理内存时间: 2025-12-04 03:00:00
2025-12-03 22:25:48.486 - __main__ - INFO - 接收到中断信号，正在终止子进程...
2025-12-03 22:25:48.503 - __main__ - INFO - 程序已停止
2025-12-03 22:26:04.620 - __main__ - INFO - 子进程 37268 已启动
2025-12-03 22:26:04.620 - __main__ - INFO - 下一次计划清理内存时间: 2025-12-04 03:00:00
2025-12-03 22:47:27.089 - __main__ - INFO - 接收到中断信号，正在终止子进程...
2025-12-03 22:47:27.129 - __main__ - INFO - 程序已停止
2025-12-03 22:47:48.395 - __main__ - INFO - 子进程 36328 已启动
2025-12-03 22:47:48.396 - __main__ - INFO - 下一次计划清理内存时间: 2025-12-04 03:00:00
2025-12-03 23:13:01.878 - __main__ - INFO - 接收到中断信号，正在终止子进程...
2025-12-03 23:13:01.894 - __main__ - INFO - 程序已停止
2025-12-03 23:13:22.199 - __main__ - INFO - 子进程 34612 已启动
2025-12-03 23:13:22.199 - __main__ - INFO - 下一次计划清理内存时间: 2025-12-04 03:00:00
2025-12-03 23:22:58.429 - __main__ - INFO - 接收到中断信号，正在终止子进程...
2025-12-03 23:22:58.444 - __main__ - INFO - 程序已停止
2025-12-03 23:23:07.012 - __main__ - INFO - 子进程 40804 已启动
2025-12-03 23:23:07.012 - __main__ - INFO - 下一次计划清理内存时间: 2025-12-04 03:00:00
2025-12-03 23:29:22.068 - __main__ - INFO - 接收到中断信号，正在终止子进程...
2025-12-03 23:29:22.082 - __main__ - INFO - 程序已停止
2025-12-03 23:29:29.082 - __main__ - INFO - 子进程 17216 已启动
2025-12-03 23:29:29.083 - __main__ - INFO - 下一次计划清理内存时间: 2025-12-04 03:00:00
2025-12-04 12:05:38.633 - __main__ - INFO - 子进程 26964 已启动
2025-12-04 12:05:38.634 - __main__ - INFO - 下一次计划清理内存时间: 2025-12-05 03:00:00
2025-12-04 12:05:52.255 - __main__ - INFO - 子进程 24612 已启动
2025-12-04 12:05:52.255 - __main__ - INFO - 下一次计划清理内存时间: 2025-12-05 03:00:00
2025-12-04 12:07:09.622 - __main__ - INFO - 接收到中断信号，正在终止子进程...
2025-12-04 12:07:09.642 - __main__ - INFO - 程序已停止
2025-12-04 12:08:30.748 - __main__ - INFO - 子进程 15104 已启动
2025-12-04 12:08:30.748 - __main__ - INFO - 下一次计划清理内存时间: 2025-12-05 03:00:00
2025-12-04 12:09:08.582 - __main__ - INFO - 接收到中断信号，正在终止子进程...
2025-12-04 12:09:08.598 - __main__ - INFO - 程序已停止
2025-12-04 12:17:33.558 - __main__ - INFO - 子进程 28844 已启动
2025-12-04 12:17:33.558 - __main__ - INFO - 下一次计划清理内存时间: 2025-12-05 03:00:00
2025-12-04 13:03:32.898 - __main__ - INFO - 接收到中断信号，正在终止子进程...
2025-12-04 13:03:32.915 - __main__ - INFO - 程序已停止
2025-12-04 13:03:43.016 - __main__ - INFO - 子进程 8760 已启动
2025-12-04 13:03:43.017 - __main__ - INFO - 下一次计划清理内存时间: 2025-12-05 03:00:00
2025-12-04 13:26:22.142 - __main__ - INFO - 接收到中断信号，正在终止子进程...
2025-12-04 13:26:22.159 - __main__ - INFO - 程序已停止
2025-12-04 13:26:31.305 - __main__ - INFO - 子进程 19704 已启动
2025-12-04 13:26:31.305 - __main__ - INFO - 下一次计划清理内存时间: 2025-12-05 03:00:00
2025-12-04 13:33:55.949 - __main__ - INFO - 接收到中断信号，正在终止子进程...
2025-12-04 13:33:55.965 - __main__ - INFO - 程序已停止
2025-12-04 13:34:04.443 - __main__ - INFO - 子进程 24876 已启动
2025-12-04 13:34:04.443 - __main__ - INFO - 下一次计划清理内存时间: 2025-12-05 03:00:00
2025-12-04 13:45:09.031 - __main__ - INFO - 接收到中断信号，正在终止子进程...
2025-12-04 13:45:09.048 - __main__ - INFO - 程序已停止
2025-12-04 13:45:39.840 - __main__ - INFO - 子进程 27336 已启动
2025-12-04 13:45:39.840 - __main__ - INFO - 下一次计划清理内存时间: 2025-12-05 03:00:00
2025-12-04 13:51:41.198 - __main__ - INFO - 接收到中断信号，正在终止子进程...
2025-12-04 13:51:41.213 - __main__ - INFO - 程序已停止
2025-12-04 13:52:43.204 - __main__ - INFO - 子进程 26572 已启动
2025-12-04 13:52:43.204 - __main__ - INFO - 下一次计划清理内存时间: 2025-12-05 03:00:00
2025-12-04 13:56:31.435 - __main__ - INFO - 接收到中断信号，正在终止子进程...
2025-12-04 13:56:31.449 - __main__ - INFO - 程序已停止
2025-12-04 13:56:38.790 - __main__ - INFO - 子进程 11824 已启动
2025-12-04 13:56:38.790 - __main__ - INFO - 下一次计划清理内存时间: 2025-12-05 03:00:00
2025-12-04 14:16:23.598 - __main__ - INFO - 接收到中断信号，正在终止子进程...
2025-12-04 14:16:23.614 - __main__ - INFO - 程序已停止
2025-12-04 14:16:30.745 - __main__ - INFO - 子进程 29284 已启动
2025-12-04 14:16:30.745 - __main__ - INFO - 下一次计划清理内存时间: 2025-12-05 03:00:00
2025-12-04 14:30:11.936 - __main__ - INFO - 接收到中断信号，正在终止子进程...
2025-12-04 14:30:11.951 - __main__ - INFO - 程序已停止
2025-12-04 14:30:19.492 - __main__ - INFO - 子进程 28264 已启动
2025-12-04 14:30:19.492 - __main__ - INFO - 下一次计划清理内存时间: 2025-12-05 03:00:00
2025-12-04 14:40:01.687 - __main__ - INFO - 接收到中断信号，正在终止子进程...
2025-12-04 14:40:01.703 - __main__ - INFO - 程序已停止
2025-12-04 14:40:09.826 - __main__ - INFO - 子进程 13724 已启动
2025-12-04 14:40:09.827 - __main__ - INFO - 下一次计划清理内存时间: 2025-12-05 03:00:00
2025-12-04 15:50:00.224 - __main__ - INFO - 接收到中断信号，正在终止子进程...
2025-12-04 15:50:00.242 - __main__ - INFO - 程序已停止
2025-12-04 15:50:07.480 - __main__ - INFO - 子进程 8476 已启动
2025-12-04 15:50:07.480 - __main__ - INFO - 下一次计划清理内存时间: 2025-12-05 03:00:00
2025-12-04 15:54:18.850 - __main__ - INFO - 接收到中断信号，正在终止子进程...
2025-12-04 15:54:18.867 - __main__ - INFO - 程序已停止
2025-12-04 15:55:41.343 - __main__ - INFO - 子进程 31788 已启动
2025-12-04 15:55:41.344 - __main__ - INFO - 下一次计划清理内存时间: 2025-12-05 03:00:00
2025-12-04 16:02:29.493 - __main__ - INFO - 接收到中断信号，正在终止子进程...
2025-12-04 16:02:29.506 - __main__ - INFO - 程序已停止
2025-12-04 16:02:38.017 - __main__ - INFO - 子进程 32932 已启动
2025-12-04 16:02:38.017 - __main__ - INFO - 下一次计划清理内存时间: 2025-12-05 03:00:00
2025-12-04 16:05:44.205 - __main__ - INFO - 接收到中断信号，正在终止子进程...
2025-12-04 16:05:44.219 - __main__ - INFO - 程序已停止
2025-12-04 16:05:51.911 - __main__ - INFO - 子进程 29396 已启动
2025-12-04 16:05:51.912 - __main__ - INFO - 下一次计划清理内存时间: 2025-12-05 03:00:00
2025-12-04 16:08:19.738 - __main__ - INFO - 接收到中断信号，正在终止子进程...
2025-12-04 16:08:19.754 - __main__ - INFO - 程序已停止
2025-12-04 16:08:28.285 - __main__ - INFO - 子进程 31208 已启动
2025-12-04 16:08:28.286 - __main__ - INFO - 下一次计划清理内存时间: 2025-12-05 03:00:00
2025-12-04 16:33:52.525 - __main__ - INFO - 接收到中断信号，正在终止子进程...
2025-12-04 16:33:52.543 - __main__ - INFO - 程序已停止
2025-12-04 16:34:03.100 - __main__ - INFO - 子进程 33144 已启动
2025-12-04 16:34:03.100 - __main__ - INFO - 下一次计划清理内存时间: 2025-12-05 03:00:00
2025-12-04 16:55:48.112 - __main__ - INFO - 接收到中断信号，正在终止子进程...
2025-12-04 16:55:48.131 - __main__ - INFO - 程序已停止
2025-12-04 16:56:13.591 - __main__ - INFO - 子进程 2732 已启动
2025-12-04 16:56:13.592 - __main__ - INFO - 下一次计划清理内存时间: 2025-12-05 03:00:00
2025-12-04 17:02:50.968 - __main__ - INFO - 接收到中断信号，正在终止子进程...
2025-12-04 17:02:50.984 - __main__ - INFO - 程序已停止
2025-12-04 17:02:58.590 - __main__ - INFO - 子进程 34332 已启动
2025-12-04 17:02:58.590 - __main__ - INFO - 下一次计划清理内存时间: 2025-12-05 03:00:00
2025-12-04 17:11:01.833 - __main__ - INFO - 接收到中断信号，正在终止子进程...
2025-12-04 17:11:01.850 - __main__ - INFO - 程序已停止
2025-12-04 17:11:09.064 - __main__ - INFO - 子进程 32220 已启动
2025-12-04 17:11:09.064 - __main__ - INFO - 下一次计划清理内存时间: 2025-12-05 03:00:00
2025-12-04 17:16:21.142 - __main__ - INFO - 接收到中断信号，正在终止子进程...
2025-12-04 17:16:21.156 - __main__ - INFO - 程序已停止
2025-12-04 17:16:28.706 - __main__ - INFO - 子进程 16572 已启动
2025-12-04 17:16:28.706 - __main__ - INFO - 下一次计划清理内存时间: 2025-12-05 03:00:00
2025-12-04 17:28:10.470 - __main__ - INFO - 接收到中断信号，正在终止子进程...
2025-12-04 17:28:10.486 - __main__ - INFO - 程序已停止
2025-12-04 17:28:17.724 - __main__ - INFO - 子进程 35580 已启动
2025-12-04 17:28:17.725 - __main__ - INFO - 下一次计划清理内存时间: 2025-12-05 03:00:00
2025-12-04 17:32:40.426 - __main__ - INFO - 接收到中断信号，正在终止子进程...
2025-12-04 17:32:40.440 - __main__ - INFO - 程序已停止
2025-12-04 17:32:47.753 - __main__ - INFO - 子进程 33460 已启动
2025-12-04 17:32:47.753 - __main__ - INFO - 下一次计划清理内存时间: 2025-12-05 03:00:00
2025-12-04 17:35:44.996 - __main__ - INFO - 接收到中断信号，正在终止子进程...
2025-12-04 17:35:45.010 - __main__ - INFO - 程序已停止
2025-12-04 17:35:51.238 - __main__ - INFO - 子进程 25516 已启动
2025-12-04 17:35:51.238 - __main__ - INFO - 下一次计划清理内存时间: 2025-12-05 03:00:00
2025-12-04 17:56:05.248 - __main__ - INFO - 接收到中断信号，正在终止子进程...
2025-12-04 17:56:05.265 - __main__ - INFO - 程序已停止
2025-12-04 17:56:13.651 - __main__ - INFO - 子进程 31244 已启动
2025-12-04 17:56:13.652 - __main__ - INFO - 下一次计划清理内存时间: 2025-12-05 03:00:00
2025-12-04 18:14:27.735 - __main__ - INFO - 接收到中断信号，正在终止子进程...
2025-12-04 18:14:27.751 - __main__ - INFO - 程序已停止
2025-12-04 18:14:34.481 - __main__ - INFO - 子进程 32312 已启动
2025-12-04 18:14:34.481 - __main__ - INFO - 下一次计划清理内存时间: 2025-12-05 03:00:00
2025-12-04 18:26:24.090 - __main__ - INFO - 接收到中断信号，正在终止子进程...
2025-12-04 18:26:24.131 - __main__ - INFO - 程序已停止
2025-12-04 18:32:56.597 - __main__ - INFO - 子进程 36652 已启动
2025-12-04 18:32:56.598 - __main__ - INFO - 下一次计划清理内存时间: 2025-12-05 03:00:00
2025-12-04 18:43:11.296 - __main__ - INFO - 接收到中断信号，正在终止子进程...
2025-12-04 18:43:11.313 - __main__ - INFO - 程序已停止
2025-12-04 18:43:31.691 - __main__ - INFO - 子进程 36228 已启动
2025-12-04 18:43:31.691 - __main__ - INFO - 下一次计划清理内存时间: 2025-12-05 03:00:00
2025-12-04 18:46:51.351 - __main__ - INFO - 接收到中断信号，正在终止子进程...
2025-12-04 18:46:51.366 - __main__ - INFO - 程序已停止
2025-12-04 18:46:58.367 - __main__ - INFO - 子进程 33588 已启动
2025-12-04 18:46:58.368 - __main__ - INFO - 下一次计划清理内存时间: 2025-12-05 03:00:00
2025-12-04 18:49:12.518 - __main__ - INFO - 接收到中断信号，正在终止子进程...
2025-12-04 18:49:12.533 - __main__ - INFO - 程序已停止
2025-12-04 18:49:19.271 - __main__ - INFO - 子进程 5844 已启动
2025-12-04 18:49:19.272 - __main__ - INFO - 下一次计划清理内存时间: 2025-12-05 03:00:00
2025-12-04 19:03:59.561 - __main__ - INFO - 接收到中断信号，正在终止子进程...
2025-12-04 19:03:59.578 - __main__ - INFO - 程序已停止
2025-12-04 19:04:07.053 - __main__ - INFO - 子进程 32676 已启动
2025-12-04 19:04:07.053 - __main__ - INFO - 下一次计划清理内存时间: 2025-12-05 03:00:00
2025-12-04 19:05:56.923 - __main__ - INFO - 接收到中断信号，正在终止子进程...
2025-12-04 19:05:56.937 - __main__ - INFO - 程序已停止
2025-12-04 19:06:04.930 - __main__ - INFO - 子进程 35608 已启动
2025-12-04 19:06:04.930 - __main__ - INFO - 下一次计划清理内存时间: 2025-12-05 03:00:00
2025-12-04 19:10:50.274 - __main__ - INFO - 接收到中断信号，正在终止子进程...
2025-12-04 19:10:50.291 - __main__ - INFO - 程序已停止
2025-12-04 19:10:58.717 - __main__ - INFO - 子进程 38832 已启动
2025-12-04 19:10:58.717 - __main__ - INFO - 下一次计划清理内存时间: 2025-12-05 03:00:00
2025-12-04 19:28:20.096 - __main__ - INFO - 接收到中断信号，正在终止子进程...
2025-12-04 19:28:20.115 - __main__ - INFO - 程序已停止
2025-12-04 19:28:28.315 - __main__ - INFO - 子进程 36132 已启动
2025-12-04 19:28:28.315 - __main__ - INFO - 下一次计划清理内存时间: 2025-12-05 03:00:00
2025-12-04 19:41:58.840 - __main__ - INFO - 接收到中断信号，正在终止子进程...
2025-12-04 19:41:58.856 - __main__ - INFO - 程序已停止
2025-12-04 19:49:31.787 - __main__ - INFO - 子进程 35164 已启动
2025-12-04 19:49:31.788 - __main__ - INFO - 下一次计划清理内存时间: 2025-12-05 03:00:00
2025-12-04 19:52:27.633 - __main__ - INFO - 接收到中断信号，正在终止子进程...
2025-12-04 19:52:27.647 - __main__ - INFO - 程序已停止
2025-12-04 19:53:18.529 - __main__ - INFO - 子进程 34552 已启动
2025-12-04 19:53:18.530 - __main__ - INFO - 下一次计划清理内存时间: 2025-12-05 03:00:00
2025-12-04 19:53:23.924 - __main__ - INFO - 接收到中断信号，正在终止子进程...
2025-12-04 19:53:23.934 - __main__ - INFO - 程序已停止
2025-12-04 19:55:39.021 - __main__ - INFO - 子进程 13592 已启动
2025-12-04 19:55:39.022 - __main__ - INFO - 下一次计划清理内存时间: 2025-12-05 03:00:00
2025-12-04 19:55:43.642 - __main__ - INFO - 接收到中断信号，正在终止子进程...
2025-12-04 19:55:43.653 - __main__ - INFO - 程序已停止
2025-12-04 19:59:19.732 - __main__ - INFO - 子进程 37132 已启动
2025-12-04 19:59:19.733 - __main__ - INFO - 下一次计划清理内存时间: 2025-12-05 03:00:00
2025-12-04 20:00:36.455 - __main__ - INFO - 接收到中断信号，正在终止子进程...
2025-12-04 20:00:36.469 - __main__ - INFO - 程序已停止
2025-12-04 20:03:36.601 - __main__ - INFO - 子进程 39560 已启动
2025-12-04 20:03:36.601 - __main__ - INFO - 下一次计划清理内存时间: 2025-12-05 03:00:00
2025-12-04 20:07:35.628 - __main__ - INFO - 接收到中断信号，正在终止子进程...
2025-12-04 20:07:35.643 - __main__ - INFO - 程序已停止
2025-12-04 20:07:43.367 - __main__ - INFO - 子进程 39724 已启动
2025-12-04 20:07:43.368 - __main__ - INFO - 下一次计划清理内存时间: 2025-12-05 03:00:00
2025-12-04 20:12:50.658 - __main__ - INFO - 接收到中断信号，正在终止子进程...
2025-12-04 20:12:50.675 - __main__ - INFO - 程序已停止
2025-12-04 20:12:57.530 - __main__ - INFO - 子进程 39436 已启动
2025-12-04 20:12:57.530 - __main__ - INFO - 下一次计划清理内存时间: 2025-12-05 03:00:00
2025-12-04 20:15:26.257 - __main__ - INFO - 接收到中断信号，正在终止子进程...
2025-12-04 20:15:26.271 - __main__ - INFO - 程序已停止
2025-12-04 20:15:33.603 - __main__ - INFO - 子进程 16220 已启动
2025-12-04 20:15:33.603 - __main__ - INFO - 下一次计划清理内存时间: 2025-12-05 03:00:00
2025-12-04 20:19:04.646 - __main__ - INFO - 接收到中断信号，正在终止子进程...
2025-12-04 20:19:04.660 - __main__ - INFO - 程序已停止
2025-12-04 20:19:11.531 - __main__ - INFO - 子进程 38300 已启动
2025-12-04 20:19:11.531 - __main__ - INFO - 下一次计划清理内存时间: 2025-12-05 03:00:00
2025-12-04 20:42:31.596 - __main__ - INFO - 接收到中断信号，正在终止子进程...
2025-12-04 20:42:31.627 - __main__ - INFO - 程序已停止
2025-12-04 20:42:39.013 - __main__ - INFO - 子进程 28276 已启动
2025-12-04 20:42:39.014 - __main__ - INFO - 下一次计划清理内存时间: 2025-12-05 03:00:00
2025-12-04 20:51:17.765 - __main__ - INFO - 接收到中断信号，正在终止子进程...
2025-12-04 20:51:17.780 - __main__ - INFO - 程序已停止
2025-12-04 20:51:27.270 - __main__ - INFO - 子进程 40236 已启动
2025-12-04 20:51:27.270 - __main__ - INFO - 下一次计划清理内存时间: 2025-12-05 03:00:00
2025-12-04 21:07:02.330 - __main__ - INFO - 接收到中断信号，正在终止子进程...
2025-12-04 21:07:02.345 - __main__ - INFO - 程序已停止
2025-12-04 21:07:11.227 - __main__ - INFO - 子进程 37616 已启动
2025-12-04 21:07:11.228 - __main__ - INFO - 下一次计划清理内存时间: 2025-12-05 03:00:00
2025-12-04 21:11:56.918 - __main__ - INFO - 接收到中断信号，正在终止子进程...
2025-12-04 21:11:56.933 - __main__ - INFO - 程序已停止
2025-12-04 21:12:04.400 - __main__ - INFO - 子进程 40364 已启动
2025-12-04 21:12:04.400 - __main__ - INFO - 下一次计划清理内存时间: 2025-12-05 03:00:00
2025-12-04 21:19:26.024 - __main__ - INFO - 接收到中断信号，正在终止子进程...
2025-12-04 21:19:26.041 - __main__ - INFO - 程序已停止
2025-12-04 21:19:33.928 - __main__ - INFO - 子进程 2244 已启动
2025-12-04 21:19:33.928 - __main__ - INFO - 下一次计划清理内存时间: 2025-12-05 03:00:00
2025-12-04 21:32:31.064 - __main__ - INFO - 接收到中断信号，正在终止子进程...
2025-12-04 21:32:31.080 - __main__ - INFO - 程序已停止
2025-12-04 21:32:54.238 - __main__ - INFO - 子进程 42412 已启动
2025-12-04 21:32:54.238 - __main__ - INFO - 下一次计划清理内存时间: 2025-12-05 03:00:00
2025-12-04 21:51:16.634 - __main__ - INFO - 接收到中断信号，正在终止子进程...
2025-12-04 21:51:16.651 - __main__ - INFO - 程序已停止
2025-12-04 21:51:24.818 - __main__ - INFO - 子进程 41832 已启动
2025-12-04 21:51:24.818 - __main__ - INFO - 下一次计划清理内存时间: 2025-12-05 03:00:00
2025-12-04 21:56:25.681 - __main__ - INFO - 接收到中断信号，正在终止子进程...
2025-12-04 21:56:25.695 - __main__ - INFO - 程序已停止
2025-12-04 21:56:33.345 - __main__ - INFO - 子进程 30944 已启动
2025-12-04 21:56:33.345 - __main__ - INFO - 下一次计划清理内存时间: 2025-12-05 03:00:00
2025-12-04 22:58:29.857 - __main__ - INFO - 接收到中断信号，正在终止子进程...
2025-12-04 22:58:29.877 - __main__ - INFO - 程序已停止
2025-12-04 22:58:38.605 - __main__ - INFO - 子进程 43552 已启动
2025-12-04 22:58:38.605 - __main__ - INFO - 下一次计划清理内存时间: 2025-12-05 03:00:00
2025-12-05 15:18:50.929 - __main__ - INFO - 子进程 26896 已启动
2025-12-05 15:18:50.929 - __main__ - INFO - 下一次计划清理内存时间: 2025-12-06 03:00:00
2025-12-05 16:11:47.031 - __main__ - INFO - 接收到中断信号，正在终止子进程...
2025-12-05 16:11:47.069 - __main__ - INFO - 程序已停止
2025-12-05 16:12:27.422 - __main__ - INFO - 子进程 14300 已启动
2025-12-05 16:12:27.423 - __main__ - INFO - 下一次计划清理内存时间: 2025-12-06 03:00:00
2025-12-05 16:14:36.644 - __main__ - INFO - 接收到中断信号，正在终止子进程...
2025-12-05 16:14:36.658 - __main__ - INFO - 程序已停止
2025-12-05 16:15:16.319 - __main__ - INFO - 子进程 16092 已启动
2025-12-05 16:15:16.320 - __main__ - INFO - 下一次计划清理内存时间: 2025-12-06 03:00:00
2025-12-05 16:30:53.474 - __main__ - INFO - 接收到中断信号，正在终止子进程...
2025-12-05 16:30:53.490 - __main__ - INFO - 程序已停止
2025-12-05 16:57:28.276 - __main__ - INFO - 子进程 8336 已启动
2025-12-05 16:57:28.276 - __main__ - INFO - 下一次计划清理内存时间: 2025-12-06 03:00:00
2025-12-05 17:02:40.389 - __main__ - INFO - 接收到中断信号，正在终止子进程...
2025-12-05 17:02:40.404 - __main__ - INFO - 程序已停止
2025-12-05 17:02:47.474 - __main__ - INFO - 子进程 13928 已启动
2025-12-05 17:02:47.474 - __main__ - INFO - 下一次计划清理内存时间: 2025-12-06 03:00:00
2025-12-05 17:06:58.104 - __main__ - INFO - 接收到中断信号，正在终止子进程...
2025-12-05 17:06:58.119 - __main__ - INFO - 程序已停止
2025-12-05 17:07:05.937 - __main__ - INFO - 子进程 13228 已启动
2025-12-05 17:07:05.937 - __main__ - INFO - 下一次计划清理内存时间: 2025-12-06 03:00:00
2025-12-05 17:30:45.360 - __main__ - INFO - 接收到中断信号，正在终止子进程...
2025-12-05 17:30:45.377 - __main__ - INFO - 程序已停止
2025-12-05 17:32:23.513 - __main__ - INFO - 子进程 14104 已启动
2025-12-05 17:32:23.514 - __main__ - INFO - 下一次计划清理内存时间: 2025-12-06 03:00:00
2025-12-05 17:34:44.939 - __main__ - INFO - 接收到中断信号，正在终止子进程...
2025-12-05 17:34:44.976 - __main__ - INFO - 程序已停止
2025-12-05 17:35:55.373 - __main__ - INFO - 子进程 6544 已启动
2025-12-05 17:35:55.373 - __main__ - INFO - 下一次计划清理内存时间: 2025-12-06 03:00:00
2025-12-05 17:54:35.921 - __main__ - INFO - 接收到中断信号，正在终止子进程...
2025-12-05 17:54:35.938 - __main__ - INFO - 程序已停止
2025-12-05 17:54:50.537 - __main__ - INFO - 子进程 29748 已启动
2025-12-05 17:54:50.537 - __main__ - INFO - 下一次计划清理内存时间: 2025-12-06 03:00:00
2025-12-05 17:54:58.747 - __main__ - INFO - 接收到中断信号，正在终止子进程...
2025-12-05 17:54:58.759 - __main__ - INFO - 程序已停止
2025-12-05 17:55:21.700 - __main__ - INFO - 子进程 29884 已启动
2025-12-05 17:55:21.700 - __main__ - INFO - 下一次计划清理内存时间: 2025-12-06 03:00:00
2025-12-05 17:59:31.709 - __main__ - INFO - 子进程 29884 已退出，等待5秒后重启
2025-12-05 17:59:36.722 - __main__ - INFO - 子进程 28792 已启动
2025-12-05 17:59:36.722 - __main__ - INFO - 下一次计划清理内存时间: 2025-12-06 03:00:00
2025-12-05 18:10:16.449 - __main__ - INFO - 接收到中断信号，正在终止子进程...
2025-12-05 18:10:16.466 - __main__ - INFO - 程序已停止
2025-12-05 18:12:00.843 - __main__ - INFO - 子进程 30800 已启动
2025-12-05 18:12:00.843 - __main__ - INFO - 下一次计划清理内存时间: 2025-12-06 03:00:00
2025-12-05 18:56:12.090 - __main__ - INFO - 接收到中断信号，正在终止子进程...
2025-12-05 18:56:12.128 - __main__ - INFO - 程序已停止
2025-12-05 19:00:27.054 - __main__ - INFO - 子进程 32064 已启动
2025-12-05 19:00:27.054 - __main__ - INFO - 下一次计划清理内存时间: 2025-12-06 03:00:00
2025-12-05 19:05:25.947 - __main__ - INFO - 接收到中断信号，正在终止子进程...
2025-12-05 19:05:25.962 - __main__ - INFO - 程序已停止
2025-12-05 19:10:30.463 - __main__ - INFO - 子进程 1292 已启动
2025-12-05 19:10:30.463 - __main__ - INFO - 下一次计划清理内存时间: 2025-12-06 03:00:00
2025-12-05 20:42:12.209 - __main__ - INFO - 接收到中断信号，正在终止子进程...
2025-12-05 20:42:12.228 - __main__ - INFO - 程序已停止
2025-12-05 20:42:19.838 - __main__ - INFO - 子进程 32984 已启动
2025-12-05 20:42:19.838 - __main__ - INFO - 下一次计划清理内存时间: 2025-12-06 03:00:00
2025-12-05 20:51:49.648 - __main__ - INFO - 接收到中断信号，正在终止子进程...
2025-12-05 20:51:49.683 - __main__ - INFO - 程序已停止
2025-12-05 21:02:09.005 - __main__ - INFO - 子进程 34112 已启动
2025-12-05 21:02:09.005 - __main__ - INFO - 下一次计划清理内存时间: 2025-12-06 03:00:00
2025-12-05 21:40:39.932 - __main__ - INFO - 接收到中断信号，正在终止子进程...
2025-12-05 21:40:39.956 - __main__ - INFO - 程序已停止
2025-12-05 21:47:14.349 - __main__ - INFO - 子进程 36064 已启动
2025-12-05 21:47:14.349 - __main__ - INFO - 下一次计划清理内存时间: 2025-12-06 03:00:00
2025-12-05 22:03:58.443 - __main__ - INFO - 接收到中断信号，正在终止子进程...
2025-12-05 22:03:58.476 - __main__ - INFO - 程序已停止
2025-12-05 22:05:13.033 - __main__ - INFO - 子进程 36348 已启动
2025-12-05 22:05:13.033 - __main__ - INFO - 下一次计划清理内存时间: 2025-12-06 03:00:00
2025-12-05 23:17:17.351 - __main__ - INFO - 接收到中断信号，正在终止子进程...
2025-12-05 23:17:17.384 - __main__ - INFO - 程序已停止
2025-12-06 22:19:11.450 - __main__ - INFO - 子进程 24580 已启动
2025-12-06 22:19:11.451 - __main__ - INFO - 下一次计划清理内存时间: 2025-12-07 03:00:00
2025-12-06 23:11:42.472 - __main__ - INFO - 接收到中断信号，正在终止子进程...
2025-12-06 23:11:42.498 - __main__ - INFO - 程序已停止
2025-12-06 23:11:51.457 - __main__ - INFO - 子进程 31456 已启动
2025-12-06 23:11:51.457 - __main__ - INFO - 下一次计划清理内存时间: 2025-12-07 03:00:00
2025-12-06 23:31:05.265 - __main__ - INFO - 接收到中断信号，正在终止子进程...
2025-12-06 23:31:05.292 - __main__ - INFO - 程序已停止
2025-12-06 23:31:12.112 - __main__ - INFO - 子进程 30732 已启动
2025-12-06 23:31:12.112 - __main__ - INFO - 下一次计划清理内存时间: 2025-12-07 03:00:00
2025-12-06 23:40:19.645 - __main__ - INFO - 接收到中断信号，正在终止子进程...
2025-12-06 23:40:19.678 - __main__ - INFO - 程序已停止
2025-12-06 23:40:26.276 - __main__ - INFO - 子进程 31892 已启动
2025-12-06 23:40:26.277 - __main__ - INFO - 下一次计划清理内存时间: 2025-12-07 03:00:00
2025-12-07 00:02:13.455 - __main__ - INFO - 接收到中断信号，正在终止子进程...
2025-12-07 00:02:13.484 - __main__ - INFO - 程序已停止
2025-12-07 00:22:26.312 - __main__ - INFO - 子进程 20988 已启动
2025-12-07 00:22:26.313 - __main__ - INFO - 下一次计划清理内存时间: 2025-12-07 03:00:00
2025-12-07 00:22:48.537 - __main__ - INFO - 接收到中断信号，正在终止子进程...
2025-12-07 00:22:48.568 - __main__ - INFO - 程序已停止
2025-12-07 00:34:00.236 - __main__ - INFO - 子进程 31568 已启动
2025-12-07 00:34:00.236 - __main__ - INFO - 下一次计划清理内存时间: 2025-12-07 03:00:00
2025-12-07 00:36:43.510 - __main__ - INFO - 接收到中断信号，正在终止子进程...
2025-12-07 00:36:43.527 - __main__ - INFO - 程序已停止
2025-12-07 00:52:06.803 - __main__ - INFO - 子进程 32716 已启动
2025-12-07 00:52:06.803 - __main__ - INFO - 下一次计划清理内存时间: 2025-12-07 03:00:00
2025-12-07 01:00:28.565 - __main__ - INFO - 接收到中断信号，正在终止子进程...
2025-12-07 01:00:28.597 - __main__ - INFO - 程序已停止
2025-12-07 01:02:23.405 - __main__ - INFO - 子进程 25284 已启动
2025-12-07 01:02:23.405 - __main__ - INFO - 下一次计划清理内存时间: 2025-12-07 03:00:00
2025-12-07 01:12:43.520 - __main__ - INFO - 接收到中断信号，正在终止子进程...
2025-12-07 01:12:43.542 - __main__ - INFO - 程序已停止
